210206_124510_945861 :: grs:12.0:210206_123937_606544	log/no_ibt_mot15_0_10_100_100_rec_50_prec_50/lk_wrapper_tmpls2_svm_min10/MOT15_0_10_100_100/active_abs_lost_abs_tracked_abs_glob_rec_50_prec_50	82.234	72.137	93.93	74.164	95.743	94.567	97.481	99.031	83.435	84.548	97.108	82.103
210206_124447_840067 :: grs:12.1:210206_123937_606874	log/no_ibt_mot15_0_10_100_100_rec_50_prec_60/lk_wrapper_tmpls2_svm_min10/MOT15_0_10_100_100/active_abs_lost_abs_tracked_abs_glob_rec_50_prec_60	82.666	73.161	93.605	74.981	96.133	94.304	97.07	99.025	83.746	84.962	97.497	82.835
210206_124426_306644 :: grs:12.2:210206_123937_607033	log/no_ibt_mot15_0_10_100_100_rec_50_prec_70/lk_wrapper_tmpls2_svm_min10/MOT15_0_10_100_100/active_abs_lost_abs_tracked_abs_glob_rec_50_prec_70	88.455	80.705	97.075	81.645	98.063	97.658	99.108	99.662	89.012	90.088	99.373	89.523
210206_124420_696902 :: grs:13.0:210206_123937_607156	log/no_ibt_mot15_0_10_100_100_rec_50_prec_80/lk_wrapper_tmpls2_svm_min10/MOT15_0_10_100_100/active_abs_lost_abs_tracked_abs_glob_rec_50_prec_80	88.298	80.509	96.966	81.576	97.847	97.664	98.913	99.533	88.925	90.2	99.13	89.415
210206_124314_800785 :: orca:11.0:210206_123759_056993	log/no_ibt_mot15_0_10_100_100_rec_50_prec_90/lk_wrapper_tmpls2_svm_min10/MOT15_0_10_100_100/active_abs_lost_abs_tracked_abs_glob_rec_50_prec_90	89.025	81.791	97.015	82.818	97.953	97.678	98.964	99.566	89.624	90.873	99.226	90.17
210206_124314_743437 :: orca:11.1:210206_123759_057175	log/no_ibt_mot15_0_10_100_100_rec_50_prec_100/lk_wrapper_tmpls2_svm_min10/MOT15_0_10_100_100/active_abs_lost_abs_tracked_abs_glob_rec_50_prec_100	88.27	80.336	97.105	81.217	98.122	97.668	99.101	99.645	88.795	89.903	99.443	89.402
210206_125109_240708 :: grs:12.0:210206_123937_606658	log/no_ibt_mot15_0_10_100_100_rec_60_prec_50/lk_wrapper_tmpls2_svm_min10/MOT15_0_10_100_100/active_abs_lost_abs_tracked_abs_glob_rec_60_prec_50	88.565	80.72	97.29	81.74	97.918	97.982	98.927	99.589	89.165	90.398	99.256	89.725
210206_125015_357682 :: grs:12.1:210206_123937_606910	log/no_ibt_mot15_0_10_100_100_rec_60_prec_60/lk_wrapper_tmpls2_svm_min10/MOT15_0_10_100_100/active_abs_lost_abs_tracked_abs_glob_rec_60_prec_60	87.788	79.283	97.319	80.215	98.012	97.954	98.994	99.575	88.343	89.549	99.345	88.962
210206_124939_726650 :: grs:12.2:210206_123937_607051	log/no_ibt_mot15_0_10_100_100_rec_60_prec_70/lk_wrapper_tmpls2_svm_min10/MOT15_0_10_100_100/active_abs_lost_abs_tracked_abs_glob_rec_60_prec_70	89.198	81.825	97.357	82.817	97.993	98.005	98.981	99.582	89.781	91.016	99.339	90.414
210206_124924_415381 :: grs:13.0:210206_123937_607173	log/no_ibt_mot15_0_10_100_100_rec_60_prec_80/lk_wrapper_tmpls2_svm_min10/MOT15_0_10_100_100/active_abs_lost_abs_tracked_abs_glob_rec_60_prec_80	88.457	80.351	97.517	81.397	97.868	98.199	98.971	99.571	89.077	90.28	99.224	89.58
210206_124906_463193 :: orca:11.0:210206_123759_057077	log/no_ibt_mot15_0_10_100_100_rec_60_prec_90/lk_wrapper_tmpls2_svm_min10/MOT15_0_10_100_100/active_abs_lost_abs_tracked_abs_glob_rec_60_prec_90	89.467	82.33	97.343	83.351	97.963	97.986	98.97	99.547	90.064	91.344	99.274	90.681
210206_124852_181940 :: orca:11.1:210206_123759_057191	log/no_ibt_mot15_0_10_100_100_rec_60_prec_100/lk_wrapper_tmpls2_svm_min10/MOT15_0_10_100_100/active_abs_lost_abs_tracked_abs_glob_rec_60_prec_100	88.764	81.051	97.331	82.079	97.927	97.987	98.966	99.569	89.368	90.587	99.24	89.898
210206_125741_256073 :: grs:12.0:210206_123937_606695	log/no_ibt_mot15_0_10_100_100_rec_70_prec_50/lk_wrapper_tmpls2_svm_min10/MOT15_0_10_100_100/active_abs_lost_abs_tracked_abs_glob_rec_70_prec_50	88.607	80.579	97.554	81.62	97.882	98.28	98.902	99.574	89.22	90.454	99.247	89.773
210206_125614_978069 :: grs:12.1:210206_123937_606936	log/no_ibt_mot15_0_10_100_100_rec_70_prec_60/lk_wrapper_tmpls2_svm_min10/MOT15_0_10_100_100/active_abs_lost_abs_tracked_abs_glob_rec_70_prec_60	89.721	82.655	97.513	83.721	97.907	98.225	98.91	99.577	90.342	91.613	99.242	90.919
210206_125509_997423 :: grs:12.2:210206_123937_607070	log/no_ibt_mot15_0_10_100_100_rec_70_prec_70/lk_wrapper_tmpls2_svm_min10/MOT15_0_10_100_100/active_abs_lost_abs_tracked_abs_glob_rec_70_prec_70	89.512	82.24	97.551	83.304	97.893	98.27	98.905	99.574	90.134	91.399	99.231	90.696
210206_125429_510502 :: grs:13.0:210206_123937_607186	log/no_ibt_mot15_0_10_100_100_rec_70_prec_80/lk_wrapper_tmpls2_svm_min10/MOT15_0_10_100_100/active_abs_lost_abs_tracked_abs_glob_rec_70_prec_80	89.226	81.678	97.602	82.724	97.886	98.296	98.927	99.591	89.842	91.088	99.258	90.412
210206_125454_928904 :: orca:11.0:210206_123759_057091	log/no_ibt_mot15_0_10_100_100_rec_70_prec_90/lk_wrapper_tmpls2_svm_min10/MOT15_0_10_100_100/active_abs_lost_abs_tracked_abs_glob_rec_70_prec_90	89.146	81.599	97.511	82.621	97.977	98.18	98.991	99.598	89.745	90.925	99.254	90.246
210206_125427_405927 :: orca:11.1:210206_123759_057204	log/no_ibt_mot15_0_10_100_100_rec_70_prec_100/lk_wrapper_tmpls2_svm_min10/MOT15_0_10_100_100/active_abs_lost_abs_tracked_abs_glob_rec_70_prec_100	88.953	81.123	97.673	82.078	98.029	98.286	99.064	99.613	89.522	90.69	99.374	90.122
210206_130513_694266 :: grs:12.0:210206_123937_606722	log/no_ibt_mot15_0_10_100_100_rec_80_prec_50/lk_wrapper_tmpls2_svm_min10/MOT15_0_10_100_100/active_abs_lost_abs_tracked_abs_glob_rec_80_prec_50	89.095	81.307	97.753	82.357	97.875	98.48	98.897	99.577	89.713	90.968	99.241	90.277
210206_130308_614741 :: grs:12.1:210206_123937_606951	log/no_ibt_mot15_0_10_100_100_rec_80_prec_60/lk_wrapper_tmpls2_svm_min10/MOT15_0_10_100_100/active_abs_lost_abs_tracked_abs_glob_rec_80_prec_60	89.015	81.18	97.73	82.21	97.911	98.428	98.932	99.58	89.622	90.858	99.267	90.192
210206_130129_559239 :: grs:12.2:210206_123937_607083	log/no_ibt_mot15_0_10_100_100_rec_80_prec_70/lk_wrapper_tmpls2_svm_min10/MOT15_0_10_100_100/active_abs_lost_abs_tracked_abs_glob_rec_80_prec_70	89.004	81.183	97.703	82.22	97.887	98.411	98.914	99.572	89.615	90.87	99.254	90.192
210206_130016_086020 :: grs:13.0:210206_123937_607199	log/no_ibt_mot15_0_10_100_100_rec_80_prec_80/lk_wrapper_tmpls2_svm_min10/MOT15_0_10_100_100/active_abs_lost_abs_tracked_abs_glob_rec_80_prec_80	89.924	82.722	97.887	83.776	97.945	98.569	98.987	99.606	90.542	91.738	99.273	91.071
210206_130117_380753 :: orca:11.0:210206_123759_057102	log/no_ibt_mot15_0_10_100_100_rec_80_prec_90/lk_wrapper_tmpls2_svm_min10/MOT15_0_10_100_100/active_abs_lost_abs_tracked_abs_glob_rec_80_prec_90	89.317	81.716	97.75	82.756	97.912	98.454	98.932	99.592	89.928	91.158	99.275	90.497
210206_130029_821008 :: orca:11.1:210206_123759_057216	log/no_ibt_mot15_0_10_100_100_rec_80_prec_100/lk_wrapper_tmpls2_svm_min10/MOT15_0_10_100_100/active_abs_lost_abs_tracked_abs_glob_rec_80_prec_100	88.866	80.877	97.77	81.904	97.897	98.472	98.924	99.582	89.473	90.707	99.233	90.011
210206_131327_583669 :: grs:12.0:210206_123937_606746	log/no_ibt_mot15_0_10_100_100_rec_90_prec_50/lk_wrapper_tmpls2_svm_min10/MOT15_0_10_100_100/active_abs_lost_abs_tracked_abs_glob_rec_90_prec_50	89.174	81.331	97.898	82.383	97.874	98.64	98.892	99.577	89.794	91.052	99.224	90.345
210206_131028_857272 :: grs:12.1:210206_123937_606964	log/no_ibt_mot15_0_10_100_100_rec_90_prec_60/lk_wrapper_tmpls2_svm_min10/MOT15_0_10_100_100/active_abs_lost_abs_tracked_abs_glob_rec_90_prec_60	88.99	80.969	97.93	82.005	97.886	98.665	98.904	99.587	89.602	90.842	99.237	90.149
210206_130820_747991 :: grs:12.2:210206_123937_607096	log/no_ibt_mot15_0_10_100_100_rec_90_prec_70/lk_wrapper_tmpls2_svm_min10/MOT15_0_10_100_100/active_abs_lost_abs_tracked_abs_glob_rec_90_prec_70	89.103	81.195	97.905	82.241	97.88	98.645	98.896	99.581	89.719	90.97	99.229	90.269
210206_130639_954976 :: grs:13.0:210206_123937_607212	log/no_ibt_mot15_0_10_100_100_rec_90_prec_80/lk_wrapper_tmpls2_svm_min10/MOT15_0_10_100_100/active_abs_lost_abs_tracked_abs_glob_rec_90_prec_80	89.179	81.294	97.96	82.343	97.894	98.682	98.945	99.582	89.798	91.017	99.226	90.312
210206_130817_520256 :: orca:11.0:210206_123759_057112	log/no_ibt_mot15_0_10_100_100_rec_90_prec_90/lk_wrapper_tmpls2_svm_min10/MOT15_0_10_100_100/active_abs_lost_abs_tracked_abs_glob_rec_90_prec_90	89.14	81.288	97.875	82.332	97.883	98.602	98.904	99.582	89.755	90.996	99.234	90.299
210206_130701_580950 :: orca:11.1:210206_123759_057227	log/no_ibt_mot15_0_10_100_100_rec_90_prec_100/lk_wrapper_tmpls2_svm_min10/MOT15_0_10_100_100/active_abs_lost_abs_tracked_abs_glob_rec_90_prec_100	89.272	81.49	97.924	82.536	97.886	98.653	98.909	99.587	89.888	91.129	99.238	90.435
210206_132038_808241 :: grs:12.0:210206_123937_606771	log/no_ibt_mot15_0_10_100_100_rec_100_prec_50/lk_wrapper_tmpls2_svm_min10/MOT15_0_10_100_100/active_abs_lost_abs_tracked_abs_glob_rec_100_prec_50	89.163	81.215	98.014	82.258	97.886	98.753	98.902	99.584	89.778	91.024	99.235	90.328
210206_131728_488086 :: grs:12.1:210206_123937_606978	log/no_ibt_mot15_0_10_100_100_rec_100_prec_60/lk_wrapper_tmpls2_svm_min10/MOT15_0_10_100_100/active_abs_lost_abs_tracked_abs_glob_rec_100_prec_60	89.164	81.215	98.016	82.256	97.887	98.753	98.904	99.587	89.778	91.021	99.238	90.328
210206_131518_285400 :: grs:12.2:210206_123937_607109	log/no_ibt_mot15_0_10_100_100_rec_100_prec_70/lk_wrapper_tmpls2_svm_min10/MOT15_0_10_100_100/active_abs_lost_abs_tracked_abs_glob_rec_100_prec_70	89.207	81.29	98.02	82.333	97.888	98.756	98.905	99.586	89.822	91.065	99.237	90.371
210206_131333_064049 :: grs:13.0:210206_123937_607225	log/no_ibt_mot15_0_10_100_100_rec_100_prec_80/lk_wrapper_tmpls2_svm_min10/MOT15_0_10_100_100/active_abs_lost_abs_tracked_abs_glob_rec_100_prec_80	89.163	81.215	98.014	82.258	97.886	98.753	98.902	99.584	89.778	91.024	99.235	90.328
210206_131528_226833 :: orca:11.0:210206_123759_057122	log/no_ibt_mot15_0_10_100_100_rec_100_prec_90/lk_wrapper_tmpls2_svm_min10/MOT15_0_10_100_100/active_abs_lost_abs_tracked_abs_glob_rec_100_prec_90	89.187	81.238	98.04	82.271	97.901	98.768	98.916	99.595	89.797	91.024	99.251	90.342
210206_131352_531090 :: orca:11.1:210206_123759_057237	log/no_ibt_mot15_0_10_100_100_rec_100_prec_100/lk_wrapper_tmpls2_svm_min10/MOT15_0_10_100_100/active_abs_lost_abs_tracked_abs_glob_rec_100_prec_100	89.186	81.236	98.04	82.269	97.902	98.766	98.918	99.595	89.796	91.021	99.251	90.339



210206_134537_603601 :: grs:12.0:210206_123937_943506	log/no_ibt_mot15_0_10_100_100_rec_50_prec_50/lk_wrapper_tmpls2_svm_min10/MOT15_0_10_100_100/active_pos_lost_pos_tracked_pos_glob_rec_50_prec_50	18.391	34.915	9.8679	53.48	46.239	14.91	28.524	84.522	22.89	28.249	57.342	16.199
210206_133719_068150 :: grs:12.1:210206_123937_943675	log/no_ibt_mot15_0_10_100_100_rec_50_prec_60/lk_wrapper_tmpls2_svm_min10/MOT15_0_10_100_100/active_pos_lost_pos_tracked_pos_glob_rec_50_prec_60	20.575	39.682	10.826	54.373	54.807	16.717	29.085	85.78	24.197	29.943	62.157	18.612
210206_133201_051031 :: grs:12.2:210206_123937_943776	log/no_ibt_mot15_0_10_100_100_rec_50_prec_70/lk_wrapper_tmpls2_svm_min10/MOT15_0_10_100_100/active_pos_lost_pos_tracked_pos_glob_rec_50_prec_70	23.538	43.107	12.983	54.282	62.304	19.431	31.42	86.735	26.504	32.904	66.797	21.979
210206_125645_273649 :: grs:13.1:210206_123937_943876	log/no_ibt_mot15_0_10_100_100_rec_50_prec_80/lk_wrapper_tmpls2_svm_min10/MOT15_0_10_100_100/active_pos_lost_pos_tracked_pos_glob_rec_50_prec_80	25.662	45.726	14.501	54.231	68.601	21.728	32.473	87.667	28.016	34.399	71.611	24.633
210206_151543_814338 :: orca:10.0:210206_123759_406223	log/no_ibt_mot15_0_10_100_100_rec_50_prec_90/lk_wrapper_tmpls2_svm_min10/MOT15_0_10_100_100/active_pos_lost_pos_tracked_pos_glob_rec_50_prec_90	26.956	48.523	15.062	54.373	75.365	22.208	34.794	88.583	28.595	34.241	77.643	26.586
210206_150447_361414 :: orca:10.1:210206_123759_406320	log/no_ibt_mot15_0_10_100_100_rec_50_prec_100/lk_wrapper_tmpls2_svm_min10/MOT15_0_10_100_100/active_pos_lost_pos_tracked_pos_glob_rec_50_prec_100	29.896	50.709	17.709	54.279	81.478	24.53	37.272	89.462	30.985	36.495	82.988	30.287
210206_141528_915830 :: grs:12.0:210206_123937_943575	log/no_ibt_mot15_0_10_100_100_rec_60_prec_50/lk_wrapper_tmpls2_svm_min10/MOT15_0_10_100_100/active_pos_lost_pos_tracked_pos_glob_rec_60_prec_50	18.462	35.768	9.6636	59.329	44.234	15.052	28.024	85.206	23.881	27.076	61.85	16.746
210206_140126_814917 :: grs:12.1:210206_123937_943690	log/no_ibt_mot15_0_10_100_100_rec_60_prec_60/lk_wrapper_tmpls2_svm_min10/MOT15_0_10_100_100/active_pos_lost_pos_tracked_pos_glob_rec_60_prec_60	21.606	41.276	11.433	60.038	52.835	18.083	28.742	86.211	26.155	31.184	64.873	20.23
210206_135134_755131 :: grs:12.2:210206_123937_943791	log/no_ibt_mot15_0_10_100_100_rec_60_prec_70/lk_wrapper_tmpls2_svm_min10/MOT15_0_10_100_100/active_pos_lost_pos_tracked_pos_glob_rec_60_prec_70	24.725	46.175	13.372	60.653	60.995	20.69	30.731	87.15	28.435	34.013	68.607	23.335
210206_131621_272407 :: grs:13.1:210206_123937_943891	log/no_ibt_mot15_0_10_100_100_rec_60_prec_80/lk_wrapper_tmpls2_svm_min10/MOT15_0_10_100_100/active_pos_lost_pos_tracked_pos_glob_rec_60_prec_80	26.504	49.588	14.274	60.26	67.988	21.567	32.335	87.903	29.298	35.229	72.805	25.648
210206_153349_829301 :: orca:10.0:210206_123759_406268	log/no_ibt_mot15_0_10_100_100_rec_60_prec_90/lk_wrapper_tmpls2_svm_min10/MOT15_0_10_100_100/active_pos_lost_pos_tracked_pos_glob_rec_60_prec_90	30.36	53.504	17.318	60.975	74.976	25.648	35.046	88.748	32.477	38.887	77.918	30.3
210206_152101_558942 :: orca:10.1:210206_123759_406328	log/no_ibt_mot15_0_10_100_100_rec_60_prec_100/lk_wrapper_tmpls2_svm_min10/MOT15_0_10_100_100/active_pos_lost_pos_tracked_pos_glob_rec_60_prec_100	31.6	56.855	17.634	61.25	81.732	25.833	35.168	89.687	32.853	38.689	83.462	32.291
210206_144849_042770 :: grs:12.0:210206_123937_943593	log/no_ibt_mot15_0_10_100_100_rec_70_prec_50/lk_wrapper_tmpls2_svm_min10/MOT15_0_10_100_100/active_pos_lost_pos_tracked_pos_glob_rec_70_prec_50	19.323	36.209	10.426	64.315	42.709	16.765	26.547	85.986	25.839	27.005	66.529	17.966
210206_142822_652589 :: grs:12.1:210206_123937_943701	log/no_ibt_mot15_0_10_100_100_rec_70_prec_60/lk_wrapper_tmpls2_svm_min10/MOT15_0_10_100_100/active_pos_lost_pos_tracked_pos_glob_rec_70_prec_60	22.548	42.56	12.06	65.352	51.407	19.316	29.119	86.795	28.03	31.058	68.716	21.342
210206_141400_643126 :: grs:12.2:210206_123937_943802	log/no_ibt_mot15_0_10_100_100_rec_70_prec_70/lk_wrapper_tmpls2_svm_min10/MOT15_0_10_100_100/active_pos_lost_pos_tracked_pos_glob_rec_70_prec_70	25.926	48.04	14.114	65.639	59.656	21.9	30.845	87.556	30.397	34.934	71.19	24.87
210206_133524_921541 :: grs:13.1:210206_123937_943903	log/no_ibt_mot15_0_10_100_100_rec_70_prec_80/lk_wrapper_tmpls2_svm_min10/MOT15_0_10_100_100/active_pos_lost_pos_tracked_pos_glob_rec_70_prec_80	29.649	53.63	16.507	66.756	67.72	25.249	33.26	88.325	33.165	38.667	74.91	28.966
210206_155340_163328 :: orca:10.0:210206_123759_406277	log/no_ibt_mot15_0_10_100_100_rec_70_prec_90/lk_wrapper_tmpls2_svm_min10/MOT15_0_10_100_100/active_pos_lost_pos_tracked_pos_glob_rec_70_prec_90	31.968	57.615	17.83	66.423	74.951	26.724	35.284	89.048	34.395	40.434	79.059	31.967
210206_153818_404818 :: orca:10.1:210206_123759_406335	log/no_ibt_mot15_0_10_100_100_rec_70_prec_100/lk_wrapper_tmpls2_svm_min10/MOT15_0_10_100_100/active_pos_lost_pos_tracked_pos_glob_rec_70_prec_100	34.952	61.428	19.967	66.603	81.625	30.389	36.115	89.736	36.455	42.986	83.4	35.85
210206_152304_016479 :: grs:12.0:210206_123937_943606	log/no_ibt_mot15_0_10_100_100_rec_80_prec_50/lk_wrapper_tmpls2_svm_min10/MOT15_0_10_100_100/active_pos_lost_pos_tracked_pos_glob_rec_80_prec_50	21.305	35.957	12.74	68.37	40.976	19.547	30.624	86.87	29.457	28.394	70.448	20.003
210206_145659_092614 :: grs:12.1:210206_123937_943713	log/no_ibt_mot15_0_10_100_100_rec_80_prec_60/lk_wrapper_tmpls2_svm_min10/MOT15_0_10_100_100/active_pos_lost_pos_tracked_pos_glob_rec_80_prec_60	23.621	43.083	13.044	69.25	50.068	20.669	29.861	87.23	30.022	31.753	71.966	22.851
210206_143808_024080 :: grs:12.2:210206_123937_943812	log/no_ibt_mot15_0_10_100_100_rec_80_prec_70/lk_wrapper_tmpls2_svm_min10/MOT15_0_10_100_100/active_pos_lost_pos_tracked_pos_glob_rec_80_prec_70	28.667	50.09	16.511	70.838	58.916	25.21	33.065	88.114	34.17	37.373	74.904	27.994
210206_135535_077701 :: grs:13.1:210206_123937_943914	log/no_ibt_mot15_0_10_100_100_rec_80_prec_80/lk_wrapper_tmpls2_svm_min10/MOT15_0_10_100_100/active_pos_lost_pos_tracked_pos_glob_rec_80_prec_80	30.947	55.682	17.287	71.08	66.825	26.517	33.881	88.725	35.036	39.959	76.93	30.74
210206_161420_407469 :: orca:10.0:210206_123759_406284	log/no_ibt_mot15_0_10_100_100_rec_80_prec_90/lk_wrapper_tmpls2_svm_min10/MOT15_0_10_100_100/active_pos_lost_pos_tracked_pos_glob_rec_80_prec_90	33.831	61.196	18.786	71.712	74.449	28.815	34.952	89.223	36.692	42.767	80.083	34.249
210206_155632_682822 :: orca:10.1:210206_123759_406344	log/no_ibt_mot15_0_10_100_100_rec_80_prec_100/lk_wrapper_tmpls2_svm_min10/MOT15_0_10_100_100/active_pos_lost_pos_tracked_pos_glob_rec_80_prec_100	37.665	65.997	21.58	71.662	81.984	31.881	36.413	89.862	39.314	45.978	84.095	38.665
210206_155707_257995 :: grs:12.0:210206_123937_943618	log/no_ibt_mot15_0_10_100_100_rec_90_prec_50/lk_wrapper_tmpls2_svm_min10/MOT15_0_10_100_100/active_pos_lost_pos_tracked_pos_glob_rec_90_prec_50	21.515	35.636	13.068	72.164	39.404	21.403	29.131	87.301	30.675	28.06	74.351	20.863
210206_152700_152306 :: grs:12.1:210206_123937_943724	log/no_ibt_mot15_0_10_100_100_rec_90_prec_60/lk_wrapper_tmpls2_svm_min10/MOT15_0_10_100_100/active_pos_lost_pos_tracked_pos_glob_rec_90_prec_60	25.96	43.666	15.521	73.567	48.988	25.153	32	88.151	33.763	33.323	76.12	25.366
210206_150159_299218 :: grs:12.2:210206_123937_943823	log/no_ibt_mot15_0_10_100_100_rec_90_prec_70/lk_wrapper_tmpls2_svm_min10/MOT15_0_10_100_100/active_pos_lost_pos_tracked_pos_glob_rec_90_prec_70	29.589	51.039	17.24	74.893	57.697	27.545	32.768	88.565	35.912	37.782	77.89	29.428
210206_141723_591102 :: grs:13.1:210206_123937_943925	log/no_ibt_mot15_0_10_100_100_rec_90_prec_80/lk_wrapper_tmpls2_svm_min10/MOT15_0_10_100_100/active_pos_lost_pos_tracked_pos_glob_rec_90_prec_80	34.273	57.791	20.407	75.409	66.17	31.204	36.077	88.959	39.215	43.587	79.345	34.584
210206_163534_151286 :: orca:10.0:210206_123759_406291	log/no_ibt_mot15_0_10_100_100_rec_90_prec_90/lk_wrapper_tmpls2_svm_min10/MOT15_0_10_100_100/active_pos_lost_pos_tracked_pos_glob_rec_90_prec_90	37.71	64.176	22.242	75.784	74.52	33.537	37.702	89.566	41.044	46.738	81.535	38.108
210206_161520_216863 :: orca:10.1:210206_123759_406352	log/no_ibt_mot15_0_10_100_100_rec_90_prec_100/lk_wrapper_tmpls2_svm_min10/MOT15_0_10_100_100/active_pos_lost_pos_tracked_pos_glob_rec_90_prec_100	40.609	70.628	23.434	76.86	82.329	36.19	37.102	90.086	42.431	49.427	84.768	41.898
210206_163248_129088 :: grs:12.0:210206_123937_943629	log/no_ibt_mot15_0_10_100_100_rec_100_prec_50/lk_wrapper_tmpls2_svm_min10/MOT15_0_10_100_100/active_pos_lost_pos_tracked_pos_glob_rec_100_prec_50	23.554	36.144	15.421	76.404	39.004	24.992	31.077	88.543	34.295	29.284	78.879	23.099
210206_155510_576831 :: grs:12.1:210206_123937_943736	log/no_ibt_mot15_0_10_100_100_rec_100_prec_60/lk_wrapper_tmpls2_svm_min10/MOT15_0_10_100_100/active_pos_lost_pos_tracked_pos_glob_rec_100_prec_60	28.298	44.44	18.082	77.744	48.329	29.499	32.941	88.951	37.477	35.094	80.464	28.238
210206_152650_513803 :: grs:12.2:210206_123937_943834	log/no_ibt_mot15_0_10_100_100_rec_100_prec_70/lk_wrapper_tmpls2_svm_min10/MOT15_0_10_100_100/active_pos_lost_pos_tracked_pos_glob_rec_100_prec_70	31.162	51.505	18.917	77.777	56.783	31.002	33.668	89.192	38.345	38.977	80.686	31.449
210206_144032_236879 :: grs:13.1:210206_123937_943936	log/no_ibt_mot15_0_10_100_100_rec_100_prec_80/lk_wrapper_tmpls2_svm_min10/MOT15_0_10_100_100/active_pos_lost_pos_tracked_pos_glob_rec_100_prec_80	37.661	59.191	24.034	78.774	65.581	37.178	38.243	89.506	43.503	46.715	82.202	38.401
210206_165552_319541 :: orca:10.0:210206_123759_406297	log/no_ibt_mot15_0_10_100_100_rec_100_prec_90/lk_wrapper_tmpls2_svm_min10/MOT15_0_10_100_100/active_pos_lost_pos_tracked_pos_glob_rec_100_prec_90	41.258	66.581	25.649	79.583	74.176	39.098	39.476	89.889	45.169	50.319	83.526	42.03
210206_163356_709019 :: orca:10.1:210206_123759_406360	log/no_ibt_mot15_0_10_100_100_rec_100_prec_100/lk_wrapper_tmpls2_svm_min10/MOT15_0_10_100_100/active_pos_lost_pos_tracked_pos_glob_rec_100_prec_100	46.785	74.164	29.58	80.011	83.479	43.372	43.182	90.516	48.645	56.311	86.372	48.636


210206_130403_138494 :: grs:14.0:210206_123938_256307	log/no_ibt_mot15_0_10_100_100_rec_50_prec_50/lk_wrapper_tmpls2_svm_min10/MOT15_0_10_100_100/active_rand_lost_rand_tracked_rand_glob_rec_50_prec_50	9.5465	17.308	5.3361	19.661	54.659	6.0499	50.542	85.58	10.202	14.15	55.563	7.862
210206_130021_267065 :: grs:14.1:210206_123938_256537	log/no_ibt_mot15_0_10_100_100_rec_50_prec_60/lk_wrapper_tmpls2_svm_min10/MOT15_0_10_100_100/active_rand_lost_rand_tracked_rand_glob_rec_50_prec_60	10.096	17.949	5.715	19.782	61.646	6.4431	54.157	87.319	10.614	14.122	62.502	8.8268
210206_131519_084602 :: x99:14.0:210206_123909_850438	log/no_ibt_mot15_0_10_100_100_rec_50_prec_70/lk_wrapper_tmpls2_svm_min10/MOT15_0_10_100_100/active_rand_lost_rand_tracked_rand_glob_rec_50_prec_70	10.513	18.36	6.0511	19.747	67.908	6.7941	55.003	88.441	10.915	13.583	69.072	9.3822
210206_131202_500870 :: x99:14.1:210206_123909_850580	log/no_ibt_mot15_0_10_100_100_rec_50_prec_80/lk_wrapper_tmpls2_svm_min10/MOT15_0_10_100_100/active_rand_lost_rand_tracked_rand_glob_rec_50_prec_80	10.324	18.599	5.7524	19.568	74.073	6.331	56.378	89.041	10.599	12.985	75.161	9.7599
210206_133236_812666 :: orca:11.0:210206_123759_607262	log/no_ibt_mot15_0_10_100_100_rec_50_prec_90/lk_wrapper_tmpls2_svm_min10/MOT15_0_10_100_100/active_rand_lost_rand_tracked_rand_glob_rec_50_prec_90	11.284	19.207	6.6446	19.938	78.89	7.3458	57.202	89.906	11.503	13.745	80.265	11.033
210206_132939_400051 :: orca:11.1:210206_123759_607380	log/no_ibt_mot15_0_10_100_100_rec_50_prec_100/lk_wrapper_tmpls2_svm_min10/MOT15_0_10_100_100/active_rand_lost_rand_tracked_rand_glob_rec_50_prec_100	11.127	20.022	6.1953	20.629	81.815	6.7676	57.293	90.305	11.3	13.29	83.448	11.09
210206_133103_891503 :: grs:14.0:210206_123938_256392	log/no_ibt_mot15_0_10_100_100_rec_60_prec_50/lk_wrapper_tmpls2_svm_min10/MOT15_0_10_100_100/active_rand_lost_rand_tracked_rand_glob_rec_60_prec_50	11.394	21.465	6.1279	25.121	55.252	7.3048	48.714	86.144	12.364	16.667	56.884	9.4809
210206_132415_179393 :: grs:14.1:210206_123938_256555	log/no_ibt_mot15_0_10_100_100_rec_60_prec_60/lk_wrapper_tmpls2_svm_min10/MOT15_0_10_100_100/active_rand_lost_rand_tracked_rand_glob_rec_60_prec_60	11.437	22.244	5.9269	25.227	60.934	6.8392	52.64	87.323	12.204	16.06	62.476	10.033
210206_140001_783639 :: x99:14.0:210206_123909_850488	log/no_ibt_mot15_0_10_100_100_rec_60_prec_70/lk_wrapper_tmpls2_svm_min10/MOT15_0_10_100_100/active_rand_lost_rand_tracked_rand_glob_rec_60_prec_70	12.067	23.537	6.2147	25.834	67.97	7.0978	52.963	88.408	12.657	16.032	69.16	11.088
210206_135059_859196 :: x99:14.1:210206_123909_850594	log/no_ibt_mot15_0_10_100_100_rec_60_prec_80/lk_wrapper_tmpls2_svm_min10/MOT15_0_10_100_100/active_rand_lost_rand_tracked_rand_glob_rec_60_prec_80	12.231	24.712	6.0742	26.502	73.575	6.8623	53.904	89.185	12.679	15.61	74.987	11.705
210206_135334_844114 :: orca:11.0:210206_123759_607310	log/no_ibt_mot15_0_10_100_100_rec_60_prec_90/lk_wrapper_tmpls2_svm_min10/MOT15_0_10_100_100/active_rand_lost_rand_tracked_rand_glob_rec_60_prec_90	13.386	25.362	7.0847	26.813	77.289	7.8179	56.349	89.874	13.775	16.345	79.105	12.93
210206_134926_205164 :: orca:11.1:210206_123759_607390	log/no_ibt_mot15_0_10_100_100_rec_60_prec_100/lk_wrapper_tmpls2_svm_min10/MOT15_0_10_100_100/active_rand_lost_rand_tracked_rand_glob_rec_60_prec_100	14.511	28.726	7.3481	30.107	80.845	8.4071	54.519	90.348	14.868	17.494	82.733	14.474
210206_140112_941102 :: grs:14.0:210206_123938_256412	log/no_ibt_mot15_0_10_100_100_rec_70_prec_50/lk_wrapper_tmpls2_svm_min10/MOT15_0_10_100_100/active_rand_lost_rand_tracked_rand_glob_rec_70_prec_50	12.654	25.522	6.3448	30.857	55.404	7.6971	47.19	86.607	13.956	18.691	58.155	10.87
210206_134957_967581 :: grs:14.1:210206_123938_256569	log/no_ibt_mot15_0_10_100_100_rec_70_prec_60/lk_wrapper_tmpls2_svm_min10/MOT15_0_10_100_100/active_rand_lost_rand_tracked_rand_glob_rec_70_prec_60	13.471	27.388	6.6786	32.097	60.81	8.1936	48.85	87.659	14.615	19.003	62.713	11.917
210206_145313_384232 :: x99:14.0:210206_123909_850504	log/no_ibt_mot15_0_10_100_100_rec_70_prec_70/lk_wrapper_tmpls2_svm_min10/MOT15_0_10_100_100/active_rand_lost_rand_tracked_rand_glob_rec_70_prec_70	13.946	29.176	6.7091	33.009	66.915	7.8682	50.522	88.493	14.861	18.427	68.984	12.711
210206_143823_601888 :: x99:14.1:210206_123909_850604	log/no_ibt_mot15_0_10_100_100_rec_70_prec_80/lk_wrapper_tmpls2_svm_min10/MOT15_0_10_100_100/active_rand_lost_rand_tracked_rand_glob_rec_70_prec_80	14.493	30.203	6.9791	33.196	72.232	8.2725	51.605	89.34	15.211	18.488	74.44	13.763
210206_141745_760969 :: orca:11.0:210206_123759_607322	log/no_ibt_mot15_0_10_100_100_rec_70_prec_90/lk_wrapper_tmpls2_svm_min10/MOT15_0_10_100_100/active_rand_lost_rand_tracked_rand_glob_rec_70_prec_90	15.563	31.95	7.5978	34.277	77.335	9.0838	52.481	90.025	16.133	19.407	79.463	15.421
210206_141245_823644 :: orca:11.1:210206_123759_607399	log/no_ibt_mot15_0_10_100_100_rec_70_prec_100/lk_wrapper_tmpls2_svm_min10/MOT15_0_10_100_100/active_rand_lost_rand_tracked_rand_glob_rec_70_prec_100	17.53	37.298	8.2659	39.828	79.89	9.7189	51.301	90.285	18.136	21.299	81.977	17.46
210206_143626_184200 :: grs:14.0:210206_123938_256429	log/no_ibt_mot15_0_10_100_100_rec_80_prec_50/lk_wrapper_tmpls2_svm_min10/MOT15_0_10_100_100/active_rand_lost_rand_tracked_rand_glob_rec_80_prec_50	13.827	30.14	6.4052	37.559	56.295	7.9546	45.945	87.159	15.481	20.434	59.952	12.251
210206_142000_655554 :: grs:14.1:210206_123938_256582	log/no_ibt_mot15_0_10_100_100_rec_80_prec_60/lk_wrapper_tmpls2_svm_min10/MOT15_0_10_100_100/active_rand_lost_rand_tracked_rand_glob_rec_80_prec_60	14.606	32.305	6.6557	38.88	61.458	7.935	49.372	88.219	16.062	20.393	64.7	13.194
210206_155612_767254 :: x99:14.0:210206_123909_850516	log/no_ibt_mot15_0_10_100_100_rec_80_prec_70/lk_wrapper_tmpls2_svm_min10/MOT15_0_10_100_100/active_rand_lost_rand_tracked_rand_glob_rec_80_prec_70	15.458	34.794	6.9105	40.662	66.18	8.6479	48.218	88.734	16.744	20.696	69.141	14.309
210206_153400_516286 :: x99:14.1:210206_123909_850614	log/no_ibt_mot15_0_10_100_100_rec_80_prec_80/lk_wrapper_tmpls2_svm_min10/MOT15_0_10_100_100/active_rand_lost_rand_tracked_rand_glob_rec_80_prec_80	17.082	37.535	7.8055	42.298	72.05	9.4643	50.29	89.528	18.159	21.933	74.575	16.357
210206_144638_125866 :: orca:11.0:210206_123759_607333	log/no_ibt_mot15_0_10_100_100_rec_80_prec_90/lk_wrapper_tmpls2_svm_min10/MOT15_0_10_100_100/active_rand_lost_rand_tracked_rand_glob_rec_80_prec_90	17.269	39.576	7.5593	43.406	76.594	9.2285	49.885	90.134	18.106	21.564	78.704	16.972
210206_143818_470411 :: orca:11.1:210206_123759_607406	log/no_ibt_mot15_0_10_100_100_rec_80_prec_100/lk_wrapper_tmpls2_svm_min10/MOT15_0_10_100_100/active_rand_lost_rand_tracked_rand_glob_rec_80_prec_100	19.64	43.032	8.991	46.961	78.357	10.95	49.436	90.428	20.541	24.07	81.252	19.557
210206_151152_627221 :: grs:14.0:210206_123938_256443	log/no_ibt_mot15_0_10_100_100_rec_90_prec_50/lk_wrapper_tmpls2_svm_min10/MOT15_0_10_100_100/active_rand_lost_rand_tracked_rand_glob_rec_90_prec_50	14.911	33.189	6.7674	42.909	55.553	8.8768	44.283	87.46	17.008	21.792	60.849	13.26
210206_145219_913305 :: grs:14.1:210206_123938_256596	log/no_ibt_mot15_0_10_100_100_rec_90_prec_60/lk_wrapper_tmpls2_svm_min10/MOT15_0_10_100_100/active_rand_lost_rand_tracked_rand_glob_rec_90_prec_60	15.872	36.987	6.8717	45.893	61.393	8.8369	46.242	88.367	17.73	22.157	65.427	14.497
210206_170711_253119 :: x99:14.0:210206_123909_850527	log/no_ibt_mot15_0_10_100_100_rec_90_prec_70/lk_wrapper_tmpls2_svm_min10/MOT15_0_10_100_100/active_rand_lost_rand_tracked_rand_glob_rec_90_prec_70	16.411	38.7	6.9973	45.848	66.7	8.6978	46.512	88.848	17.896	22.233	69.761	15.51
210206_163814_289574 :: x99:14.1:210206_123909_850623	log/no_ibt_mot15_0_10_100_100_rec_90_prec_80/lk_wrapper_tmpls2_svm_min10/MOT15_0_10_100_100/active_rand_lost_rand_tracked_rand_glob_rec_90_prec_80	18.285	41.753	8.0424	48.432	70.405	10.14	47.225	89.477	19.725	23.825	73.79	17.581
210206_151739_397653 :: orca:11.0:210206_123759_607341	log/no_ibt_mot15_0_10_100_100_rec_90_prec_90/lk_wrapper_tmpls2_svm_min10/MOT15_0_10_100_100/active_rand_lost_rand_tracked_rand_glob_rec_90_prec_90	19.729	45.879	8.5151	51.777	74.942	10.704	48.08	89.95	20.989	25.007	78.091	19.528
210206_150744_777482 :: orca:11.1:210206_123759_607414	log/no_ibt_mot15_0_10_100_100_rec_90_prec_100/lk_wrapper_tmpls2_svm_min10/MOT15_0_10_100_100/active_rand_lost_rand_tracked_rand_glob_rec_90_prec_100	22.285	49.69	10.032	55.603	76.949	12.69	46.095	90.227	23.608	27.808	79.9	22.218
210206_154801_546358 :: grs:14.0:210206_123938_256458	log/no_ibt_mot15_0_10_100_100_rec_100_prec_50/lk_wrapper_tmpls2_svm_min10/MOT15_0_10_100_100/active_rand_lost_rand_tracked_rand_glob_rec_100_prec_50	15.893	37.47	6.8108	49.801	56.389	9.1375	43.438	87.912	18.383	22.878	62.894	14.389
210206_152559_448055 :: grs:14.1:210206_123938_256610	log/no_ibt_mot15_0_10_100_100_rec_100_prec_60/lk_wrapper_tmpls2_svm_min10/MOT15_0_10_100_100/active_rand_lost_rand_tracked_rand_glob_rec_100_prec_60	17.178	40.959	7.2553	51.841	62.042	9.4413	45.724	88.876	19.373	23.813	67.166	15.994
210206_175005_307877 :: x99:14.0:210206_123909_850537	log/no_ibt_mot15_0_10_100_100_rec_100_prec_70/lk_wrapper_tmpls2_svm_min10/MOT15_0_10_100_100/active_rand_lost_rand_tracked_rand_glob_rec_100_prec_70	18.566	43.38	7.9903	53.459	65.41	10.351	46.225	89.24	20.652	25.037	70.486	17.648
210206_173837_895108 :: x99:14.1:210206_123909_850634	log/no_ibt_mot15_0_10_100_100_rec_100_prec_80/lk_wrapper_tmpls2_svm_min10/MOT15_0_10_100_100/active_rand_lost_rand_tracked_rand_glob_rec_100_prec_80	19.838	47.679	8.2994	57.264	69.313	10.805	45.643	89.537	21.785	25.945	73.877	19.167
210206_155120_022737 :: orca:11.0:210206_123759_607350	log/no_ibt_mot15_0_10_100_100_rec_100_prec_90/lk_wrapper_tmpls2_svm_min10/MOT15_0_10_100_100/active_rand_lost_rand_tracked_rand_glob_rec_100_prec_90	22.121	51.569	9.5356	59.94	73.554	12.52	45.071	89.943	23.894	28.231	77.18	21.789
210206_154110_567426 :: orca:11.1:210206_123759_607421	log/no_ibt_mot15_0_10_100_100_rec_100_prec_100/lk_wrapper_tmpls2_svm_min10/MOT15_0_10_100_100/active_rand_lost_rand_tracked_rand_glob_rec_100_prec_100	24.174	55.256	10.618	63.565	75.515	14.004	43.434	90.148	25.971	30.642	79.252	24.284


210206_133232_822508 :: x99:12.0:210206_123909_542437	log/no_ibt_mot15_0_10_100_100_rec_50_prec_50/lk_wrapper_tmpls2_svm_min10/MOT15_0_10_100_100/active_oracle_lost_oracle_tracked_oracle_glob_rec_50_prec_50	40.571	49.378	33.431	58.199	69.574	36.949	69.288	86.462	44.107	58.648	72.587	42.571
210206_132328_632434 :: x99:12.1:210206_123909_542666	log/no_ibt_mot15_0_10_100_100_rec_50_prec_60/lk_wrapper_tmpls2_svm_min10/MOT15_0_10_100_100/active_oracle_lost_oracle_tracked_oracle_glob_rec_50_prec_60	46.466	51.956	41.621	59.024	74.194	45.837	73.137	87.467	49.562	65.005	76.421	49.677
210206_132015_326364 :: x99:12.2:210206_123909_542794	log/no_ibt_mot15_0_10_100_100_rec_50_prec_70/lk_wrapper_tmpls2_svm_min10/MOT15_0_10_100_100/active_oracle_lost_oracle_tracked_oracle_glob_rec_50_prec_70	47.979	53.5	43.082	59.467	77.052	46.935	75.113	88.111	50.613	64.879	78.92	51.202
210206_131738_783946 :: x99:13.0:210206_123909_542918	log/no_ibt_mot15_0_10_100_100_rec_50_prec_80/lk_wrapper_tmpls2_svm_min10/MOT15_0_10_100_100/active_oracle_lost_oracle_tracked_oracle_glob_rec_50_prec_80	52.89	55.205	50.717	60.132	80.026	55.129	77.363	89.035	55.22	69.222	81.817	56.635
210206_125824_318166 :: orca:10.0:210206_123759_239138	log/no_ibt_mot15_0_10_100_100_rec_50_prec_90/lk_wrapper_tmpls2_svm_min10/MOT15_0_10_100_100/active_oracle_lost_oracle_tracked_oracle_glob_rec_50_prec_90	54.402	56.054	52.851	60.431	81.558	56.752	79.535	89.555	56.512	69.618	83.153	57.889
210206_125718_004442 :: orca:10.1:210206_123759_239273	log/no_ibt_mot15_0_10_100_100_rec_50_prec_100/lk_wrapper_tmpls2_svm_min10/MOT15_0_10_100_100/active_oracle_lost_oracle_tracked_oracle_glob_rec_50_prec_100	54.96	57.125	52.926	60.79	83.485	56.273	80.891	90.213	56.72	68.304	85.118	58.139
210206_143236_964557 :: x99:12.0:210206_123909_542535	log/no_ibt_mot15_0_10_100_100_rec_60_prec_50/lk_wrapper_tmpls2_svm_min10/MOT15_0_10_100_100/active_oracle_lost_oracle_tracked_oracle_glob_rec_60_prec_50	43.53	52.616	36.118	63.508	68.762	39.972	70.012	86.694	47.891	62.727	73.483	46.094
210206_141423_839521 :: x99:12.1:210206_123909_542687	log/no_ibt_mot15_0_10_100_100_rec_60_prec_60/lk_wrapper_tmpls2_svm_min10/MOT15_0_10_100_100/active_oracle_lost_oracle_tracked_oracle_glob_rec_60_prec_60	48.431	55.418	42.419	64.181	73.255	46.701	73.273	87.481	52.176	67.707	76.247	51.624
210206_140647_510493 :: x99:12.2:210206_123909_542812	log/no_ibt_mot15_0_10_100_100_rec_60_prec_70/lk_wrapper_tmpls2_svm_min10/MOT15_0_10_100_100/active_oracle_lost_oracle_tracked_oracle_glob_rec_60_prec_70	52.245	57.846	47.257	65.141	76.712	51.491	75.776	88.287	55.48	70.481	79.285	55.881
210206_135950_675114 :: x99:13.0:210206_123909_542937	log/no_ibt_mot15_0_10_100_100_rec_60_prec_80/lk_wrapper_tmpls2_svm_min10/MOT15_0_10_100_100/active_oracle_lost_oracle_tracked_oracle_glob_rec_60_prec_80	56.178	59.696	52.926	65.636	79.842	57.418	78.339	89.189	58.936	73.457	81.906	60.165
210206_132214_808970 :: orca:10.0:210206_123759_239184	log/no_ibt_mot15_0_10_100_100_rec_60_prec_90/lk_wrapper_tmpls2_svm_min10/MOT15_0_10_100_100/active_oracle_lost_oracle_tracked_oracle_glob_rec_60_prec_90	58.897	61.245	56.712	66.374	81.774	60.796	80.242	89.686	61.352	75.033	83.528	62.674
210206_131813_479775 :: orca:10.1:210206_123759_239288	log/no_ibt_mot15_0_10_100_100_rec_60_prec_100/lk_wrapper_tmpls2_svm_min10/MOT15_0_10_100_100/active_oracle_lost_oracle_tracked_oracle_glob_rec_60_prec_100	61.201	62.523	59.967	67.011	83.374	63.97	81.971	90.312	63.388	76.659	85.065	65.21
210206_153905_553146 :: x99:12.0:210206_123909_542558	log/no_ibt_mot15_0_10_100_100_rec_70_prec_50/lk_wrapper_tmpls2_svm_min10/MOT15_0_10_100_100/active_oracle_lost_oracle_tracked_oracle_glob_rec_70_prec_50	46.485	54.972	39.444	67.523	68.47	43.567	70.14	87.213	51.603	65.196	74.581	48.623
210206_151059_406847 :: x99:12.1:210206_123909_542701	log/no_ibt_mot15_0_10_100_100_rec_70_prec_60/lk_wrapper_tmpls2_svm_min10/MOT15_0_10_100_100/active_oracle_lost_oracle_tracked_oracle_glob_rec_70_prec_60	51.413	58.503	45.278	68.65	73.136	49.766	73.86	87.886	55.749	70.546	77.51	54.68
210206_145716_465317 :: x99:12.2:210206_123909_542827	log/no_ibt_mot15_0_10_100_100_rec_70_prec_70/lk_wrapper_tmpls2_svm_min10/MOT15_0_10_100_100/active_oracle_lost_oracle_tracked_oracle_glob_rec_70_prec_70	55.085	60.981	49.835	69.664	76.129	54.487	76.154	88.465	58.918	73.986	79.705	58.97
210206_144537_937004 :: x99:13.0:210206_123909_542953	log/no_ibt_mot15_0_10_100_100_rec_70_prec_80/lk_wrapper_tmpls2_svm_min10/MOT15_0_10_100_100/active_oracle_lost_oracle_tracked_oracle_glob_rec_70_prec_80	59.137	63.191	55.419	70.09	79.44	59.866	78.679	89.11	62.32	77.026	81.969	63.137
210206_134631_604054 :: orca:10.0:210206_123759_239200	log/no_ibt_mot15_0_10_100_100_rec_70_prec_90/lk_wrapper_tmpls2_svm_min10/MOT15_0_10_100_100/active_oracle_lost_oracle_tracked_oracle_glob_rec_70_prec_90	61.17	64.741	57.858	70.536	81.575	62.361	79.482	89.653	63.878	78.44	83.472	65.476
210206_134121_902673 :: orca:10.1:210206_123759_239300	log/no_ibt_mot15_0_10_100_100_rec_70_prec_100/lk_wrapper_tmpls2_svm_min10/MOT15_0_10_100_100/active_oracle_lost_oracle_tracked_oracle_glob_rec_70_prec_100	64.883	66.104	63.744	71.105	83.28	67.903	82.515	90.259	67.319	81.467	85.073	69.306
210206_164801_435724 :: x99:12.0:210206_123909_542575	log/no_ibt_mot15_0_10_100_100_rec_80_prec_50/lk_wrapper_tmpls2_svm_min10/MOT15_0_10_100_100/active_oracle_lost_oracle_tracked_oracle_glob_rec_80_prec_50	48.686	56.923	41.745	70.533	68.665	45.998	72.258	87.71	54.259	67.339	76.174	51.295
210206_161000_217554 :: x99:12.1:210206_123909_542715	log/no_ibt_mot15_0_10_100_100_rec_80_prec_60/lk_wrapper_tmpls2_svm_min10/MOT15_0_10_100_100/active_oracle_lost_oracle_tracked_oracle_glob_rec_80_prec_60	54.314	60.619	48.757	71.896	72.903	53.288	75.472	88.15	59.202	73.835	78.422	57.903
210206_155112_245271 :: x99:12.2:210206_123909_542841	log/no_ibt_mot15_0_10_100_100_rec_80_prec_70/lk_wrapper_tmpls2_svm_min10/MOT15_0_10_100_100/active_oracle_lost_oracle_tracked_oracle_glob_rec_80_prec_70	58.847	63.507	54.618	72.97	76.207	59.186	77.531	88.714	63.126	77.995	80.548	62.823
210206_153350_606894 :: x99:13.0:210206_123909_542967	log/no_ibt_mot15_0_10_100_100_rec_80_prec_80/lk_wrapper_tmpls2_svm_min10/MOT15_0_10_100_100/active_oracle_lost_oracle_tracked_oracle_glob_rec_80_prec_80	62.357	65.902	59.07	73.262	79.675	63.668	79.577	89.354	65.779	80.8	82.631	66.765
210206_141042_240829 :: orca:10.0:210206_123759_239212	log/no_ibt_mot15_0_10_100_100_rec_80_prec_90/lk_wrapper_tmpls2_svm_min10/MOT15_0_10_100_100/active_oracle_lost_oracle_tracked_oracle_glob_rec_80_prec_90	66.092	68.696	63.65	74.773	82.233	67.982	82.143	89.974	68.981	83.622	84.443	70.613
210206_140428_571297 :: orca:10.1:210206_123759_239309	log/no_ibt_mot15_0_10_100_100_rec_80_prec_100/lk_wrapper_tmpls2_svm_min10/MOT15_0_10_100_100/active_oracle_lost_oracle_tracked_oracle_glob_rec_80_prec_100	67.572	69.257	66.003	74.63	83.29	70.223	82.33	90.159	70.179	84.325	85.207	71.851
210206_174043_698313 :: x99:12.0:210206_123909_542590	log/no_ibt_mot15_0_10_100_100_rec_90_prec_50/lk_wrapper_tmpls2_svm_min10/MOT15_0_10_100_100/active_oracle_lost_oracle_tracked_oracle_glob_rec_90_prec_50	53.423	59.113	48.39	73.519	69.213	52.846	75.14	88.208	59.642	71.64	78.568	56.286
210206_171050_122088 :: x99:12.1:210206_123909_542729	log/no_ibt_mot15_0_10_100_100_rec_90_prec_60/lk_wrapper_tmpls2_svm_min10/MOT15_0_10_100_100/active_oracle_lost_oracle_tracked_oracle_glob_rec_90_prec_60	57.592	63.036	52.705	75.069	73.417	57.117	77.207	88.801	62.895	76.006	80.352	61.072
210206_164547_014987 :: x99:12.2:210206_123909_542854	log/no_ibt_mot15_0_10_100_100_rec_90_prec_70/lk_wrapper_tmpls2_svm_min10/MOT15_0_10_100_100/active_oracle_lost_oracle_tracked_oracle_glob_rec_90_prec_70	61.786	65.9	58.01	75.619	76.828	62.755	78.26	89.034	66.225	80.597	81.568	65.741
210206_162319_127672 :: x99:13.0:210206_123909_542981	log/no_ibt_mot15_0_10_100_100_rec_90_prec_80/lk_wrapper_tmpls2_svm_min10/MOT15_0_10_100_100/active_oracle_lost_oracle_tracked_oracle_glob_rec_90_prec_80	65.698	68.692	62.905	76.697	79.597	67.442	80.874	89.363	69.451	84.475	83.084	70.185
210206_143503_705508 :: orca:10.0:210206_123759_239224	log/no_ibt_mot15_0_10_100_100_rec_90_prec_90/lk_wrapper_tmpls2_svm_min10/MOT15_0_10_100_100/active_oracle_lost_oracle_tracked_oracle_glob_rec_90_prec_90	68.42	70.999	66.006	77.699	81.778	70.6	82.279	89.774	71.607	87.129	84.302	73.452
210206_142740_523278 :: orca:10.1:210206_123759_239318	log/no_ibt_mot15_0_10_100_100_rec_90_prec_100/lk_wrapper_tmpls2_svm_min10/MOT15_0_10_100_100/active_oracle_lost_oracle_tracked_oracle_glob_rec_90_prec_100	70.725	72.626	68.941	78.255	83.527	73.443	82.465	90.201	73.442	88.205	85.505	75.419
210206_175933_212092 :: x99:12.0:210206_123909_542605	log/no_ibt_mot15_0_10_100_100_rec_100_prec_50/lk_wrapper_tmpls2_svm_min10/MOT15_0_10_100_100/active_oracle_lost_oracle_tracked_oracle_glob_rec_100_prec_50	57.618	61.059	54.479	75.907	69.995	58.637	76.97	88.889	64.297	74.39	80.673	60.012
210206_174457_212176 :: x99:12.1:210206_123909_542744	log/no_ibt_mot15_0_10_100_100_rec_100_prec_60/lk_wrapper_tmpls2_svm_min10/MOT15_0_10_100_100/active_oracle_lost_oracle_tracked_oracle_glob_rec_100_prec_60	61.007	64.497	57.777	76.114	74.471	61.935	79.394	89.259	66.305	78.204	82.289	64.353
210206_173222_804323 :: x99:12.2:210206_123909_542869	log/no_ibt_mot15_0_10_100_100_rec_100_prec_70/lk_wrapper_tmpls2_svm_min10/MOT15_0_10_100_100/active_oracle_lost_oracle_tracked_oracle_glob_rec_100_prec_70	67.347	69.21	65.615	78.579	78.38	69.766	81.881	89.723	71.796	84.456	84.159	71.077
210206_171141_382801 :: x99:13.0:210206_123909_542995	log/no_ibt_mot15_0_10_100_100_rec_100_prec_80/lk_wrapper_tmpls2_svm_min10/MOT15_0_10_100_100/active_oracle_lost_oracle_tracked_oracle_glob_rec_100_prec_80	69.582	71.52	67.748	79.152	80.85	71.884	82.648	89.973	73.213	86.816	85.077	73.861
210206_145903_794146 :: orca:10.0:210206_123759_239235	log/no_ibt_mot15_0_10_100_100_rec_100_prec_90/lk_wrapper_tmpls2_svm_min10/MOT15_0_10_100_100/active_oracle_lost_oracle_tracked_oracle_glob_rec_100_prec_90	71.698	73.724	69.783	79.98	82.838	73.866	83.243	90.158	74.692	88.696	85.841	76.137
210206_145001_752829 :: orca:10.1:210206_123759_239328	log/no_ibt_mot15_0_10_100_100_rec_100_prec_100/lk_wrapper_tmpls2_svm_min10/MOT15_0_10_100_100/active_oracle_lost_oracle_tracked_oracle_glob_rec_100_prec_100	74.171	75.301	73.106	80.393	84.357	77.144	84.369	90.266	76.643	91.213	86.498	78.898


