210205_132208_860360 :: grs:12.0:210205_132105_213231	log/no_ibt_detrac_60_99_100_100_rec_50_prec_50/lk_wrapper_tmpls2_svm_min10/DETRAC_60_99_100_100/active_abs_lost_abs_tracked_abs_glob_rec_50_prec_50	91.279	88.011	95.271	88.043	95.223	95.669	96.327	99.823	91.32	95.803	99.808	95.619
210205_132208_645413 :: grs:12.1:210205_132105_213352	log/no_ibt_detrac_60_99_100_100_rec_50_prec_60/lk_wrapper_tmpls2_svm_min10/DETRAC_60_99_100_100/active_abs_lost_abs_tracked_abs_glob_rec_50_prec_60	91.447	88.313	95.354	88.345	95.221	95.776	96.411	99.828	91.488	95.979	99.813	95.8
210205_132110_691349 :: x99:12.2:210205_132016_320236	log/no_ibt_detrac_60_99_100_100_rec_50_prec_70/lk_wrapper_tmpls2_svm_min10/DETRAC_60_99_100_100/active_abs_lost_abs_tracked_abs_glob_rec_50_prec_70	91.252	88.031	94.681	88.061	95.218	94.83	95.471	99.826	91.275	95.823	99.812	95.642
210205_132110_443786 :: x99:13.0:210205_132016_320472	log/no_ibt_detrac_60_99_100_100_rec_50_prec_80/lk_wrapper_tmpls2_svm_min10/DETRAC_60_99_100_100/active_abs_lost_abs_tracked_abs_glob_rec_50_prec_80	90.84	87.251	94.669	87.281	95.217	94.817	95.471	99.822	90.863	95.392	99.808	95.208
210206_110502_939368 :: orca:13.0:210206_103325_281402	log/no_ibt_detrac_60_99_100_100_rec_50_prec_90/lk_wrapper_tmpls2_svm_min10/DETRAC_60_99_100_100/active_abs_lost_abs_tracked_abs_glob_rec_50_prec_90	91.041	87.617	94.692	87.646	95.217	94.84	95.471	99.825	91.063	95.603	99.812	95.423
210206_110333_024298 :: orca:13.1:210206_103325_281549	log/no_ibt_detrac_60_99_100_100_rec_50_prec_100/lk_wrapper_tmpls2_svm_min10/DETRAC_60_99_100_100/active_abs_lost_abs_tracked_abs_glob_rec_50_prec_100	92.084	89.548	95.305	89.58	95.223	95.705	96.34	99.832	92.125	96.647	99.818	96.472
210205_132900_697422 :: grs:12.0:210205_132105_213291	log/no_ibt_detrac_60_99_100_100_rec_60_prec_50/lk_wrapper_tmpls2_svm_min10/DETRAC_60_99_100_100/active_abs_lost_abs_tracked_abs_glob_rec_60_prec_50	91.56	88.487	94.815	88.518	95.218	94.95	95.438	99.828	91.583	96.148	99.814	95.969
210205_132853_132940 :: grs:12.1:210205_132105_213362	log/no_ibt_detrac_60_99_100_100_rec_60_prec_60/lk_wrapper_tmpls2_svm_min10/DETRAC_60_99_100_100/active_abs_lost_abs_tracked_abs_glob_rec_60_prec_60	91.292	87.986	94.818	88.016	95.216	94.969	95.475	99.828	91.315	95.867	99.814	95.688
210205_132611_125673 :: x99:12.2:210205_132016_320343	log/no_ibt_detrac_60_99_100_100_rec_60_prec_70/lk_wrapper_tmpls2_svm_min10/DETRAC_60_99_100_100/active_abs_lost_abs_tracked_abs_glob_rec_60_prec_70	91.711	88.681	95.403	88.714	95.225	95.796	96.281	99.826	91.753	96.253	99.813	96.073
210205_132606_617515 :: x99:13.0:210205_132016_320492	log/no_ibt_detrac_60_99_100_100_rec_60_prec_80/lk_wrapper_tmpls2_svm_min10/DETRAC_60_99_100_100/active_abs_lost_abs_tracked_abs_glob_rec_60_prec_80	91.388	88.154	94.821	88.184	95.218	94.96	95.449	99.826	91.411	95.967	99.812	95.787
210206_113634_588644 :: orca:13.0:210206_103325_281451	log/no_ibt_detrac_60_99_100_100_rec_60_prec_90/lk_wrapper_tmpls2_svm_min10/DETRAC_60_99_100_100/active_abs_lost_abs_tracked_abs_glob_rec_60_prec_90	91.212	87.833	94.813	87.863	95.219	94.968	95.481	99.825	91.236	95.779	99.812	95.598
210206_113359_702780 :: orca:13.1:210206_103325_281565	log/no_ibt_detrac_60_99_100_100_rec_60_prec_100/lk_wrapper_tmpls2_svm_min10/DETRAC_60_99_100_100/active_abs_lost_abs_tracked_abs_glob_rec_60_prec_100	91.353	88.109	94.796	88.138	95.218	94.931	95.443	99.825	91.375	95.93	99.811	95.749
210205_133456_665567 :: grs:12.0:210205_132105_213301	log/no_ibt_detrac_60_99_100_100_rec_70_prec_50/lk_wrapper_tmpls2_svm_min10/DETRAC_60_99_100_100/active_abs_lost_abs_tracked_abs_glob_rec_70_prec_50	91.107	87.523	94.923	87.553	95.215	95.062	95.445	99.823	91.13	95.677	99.809	95.494
210205_133447_760263 :: grs:12.1:210205_132105_213369	log/no_ibt_detrac_60_99_100_100_rec_70_prec_60/lk_wrapper_tmpls2_svm_min10/DETRAC_60_99_100_100/active_abs_lost_abs_tracked_abs_glob_rec_70_prec_60	91.6	88.477	94.919	88.508	95.218	95.064	95.462	99.827	91.624	96.188	99.812	96.008
210205_133154_940723 :: x99:12.2:210205_132016_320366	log/no_ibt_detrac_60_99_100_100_rec_70_prec_70/lk_wrapper_tmpls2_svm_min10/DETRAC_60_99_100_100/active_abs_lost_abs_tracked_abs_glob_rec_70_prec_70	91.507	88.305	94.903	88.335	95.216	95.038	95.437	99.824	91.529	96.095	99.811	95.913
210205_133148_505119 :: x99:13.0:210205_132016_320508	log/no_ibt_detrac_60_99_100_100_rec_70_prec_80/lk_wrapper_tmpls2_svm_min10/DETRAC_60_99_100_100/active_abs_lost_abs_tracked_abs_glob_rec_70_prec_80	91.377	88.048	94.911	88.078	95.216	95.045	95.437	99.823	91.399	95.959	99.809	95.775
210206_120729_190480 :: orca:13.0:210206_103325_281470	log/no_ibt_detrac_60_99_100_100_rec_70_prec_90/lk_wrapper_tmpls2_svm_min10/DETRAC_60_99_100_100/active_abs_lost_abs_tracked_abs_glob_rec_70_prec_90	91.295	87.878	94.932	87.908	95.218	95.078	95.466	99.826	91.318	95.868	99.812	95.688
210206_120427_914821 :: orca:13.1:210206_103325_281577	log/no_ibt_detrac_60_99_100_100_rec_70_prec_100/lk_wrapper_tmpls2_svm_min10/DETRAC_60_99_100_100/active_abs_lost_abs_tracked_abs_glob_rec_70_prec_100	91.188	87.685	94.92	87.715	95.218	95.066	95.465	99.824	91.212	95.757	99.81	95.575
210205_134246_300406 :: grs:12.0:210205_132105_213309	log/no_ibt_detrac_60_99_100_100_rec_80_prec_50/lk_wrapper_tmpls2_svm_min10/DETRAC_60_99_100_100/active_abs_lost_abs_tracked_abs_glob_rec_80_prec_50	91.268	87.761	94.994	87.791	95.216	95.132	95.44	99.822	91.291	95.843	99.808	95.66
210205_134241_978133 :: grs:12.1:210205_132105_213376	log/no_ibt_detrac_60_99_100_100_rec_80_prec_60/lk_wrapper_tmpls2_svm_min10/DETRAC_60_99_100_100/active_abs_lost_abs_tracked_abs_glob_rec_80_prec_60	91.441	88.102	94.985	88.132	95.217	95.121	95.439	99.822	91.464	96.025	99.808	95.84
210205_133730_968880 :: x99:12.2:210205_132016_320382	log/no_ibt_detrac_60_99_100_100_rec_80_prec_70/lk_wrapper_tmpls2_svm_min10/DETRAC_60_99_100_100/active_abs_lost_abs_tracked_abs_glob_rec_80_prec_70	91.311	87.846	94.99	87.876	95.217	95.126	95.438	99.823	91.334	95.888	99.809	95.705
210205_133718_797704 :: x99:13.0:210205_132016_320522	log/no_ibt_detrac_60_99_100_100_rec_80_prec_80/lk_wrapper_tmpls2_svm_min10/DETRAC_60_99_100_100/active_abs_lost_abs_tracked_abs_glob_rec_80_prec_80	91.139	87.517	94.986	87.547	95.217	95.12	95.435	99.823	91.161	95.707	99.809	95.525
210206_125242_339634 :: orca:13.0:210206_103325_281484	log/no_ibt_detrac_60_99_100_100_rec_80_prec_90/lk_wrapper_tmpls2_svm_min10/DETRAC_60_99_100_100/active_abs_lost_abs_tracked_abs_glob_rec_80_prec_90	91.337	87.894	95.009	87.925	95.218	95.166	95.482	99.825	91.361	95.912	99.811	95.73
210206_124426_522971 :: orca:13.1:210206_103325_281588	log/no_ibt_detrac_60_99_100_100_rec_80_prec_100/lk_wrapper_tmpls2_svm_min10/DETRAC_60_99_100_100/active_abs_lost_abs_tracked_abs_glob_rec_80_prec_100	91.249	87.735	94.98	87.765	95.218	95.116	95.438	99.826	91.272	95.822	99.812	95.642
210205_135029_117601 :: grs:12.0:210205_132105_213315	log/no_ibt_detrac_60_99_100_100_rec_90_prec_50/lk_wrapper_tmpls2_svm_min10/DETRAC_60_99_100_100/active_abs_lost_abs_tracked_abs_glob_rec_90_prec_50	91.15	87.46	95.105	87.492	95.219	95.281	95.524	99.821	91.177	95.711	99.807	95.526
210205_135019_484156 :: grs:12.1:210205_132105_213382	log/no_ibt_detrac_60_99_100_100_rec_90_prec_60/lk_wrapper_tmpls2_svm_min10/DETRAC_60_99_100_100/active_abs_lost_abs_tracked_abs_glob_rec_90_prec_60	91.368	87.891	95.067	87.922	95.218	95.212	95.458	99.822	91.392	95.946	99.807	95.76
210205_134242_816554 :: x99:12.2:210205_132016_320397	log/no_ibt_detrac_60_99_100_100_rec_90_prec_70/lk_wrapper_tmpls2_svm_min10/DETRAC_60_99_100_100/active_abs_lost_abs_tracked_abs_glob_rec_90_prec_70	91.138	87.449	95.066	87.48	95.217	95.211	95.457	99.822	91.162	95.704	99.808	95.52
210205_134226_095317 :: x99:13.0:210205_132016_320536	log/no_ibt_detrac_60_99_100_100_rec_90_prec_80/lk_wrapper_tmpls2_svm_min10/DETRAC_60_99_100_100/active_abs_lost_abs_tracked_abs_glob_rec_90_prec_80	91.408	87.959	95.098	87.99	95.219	95.268	95.512	99.822	91.434	95.983	99.808	95.799
210206_134936_963852 :: orca:13.0:210206_103325_281496	log/no_ibt_detrac_60_99_100_100_rec_90_prec_90/lk_wrapper_tmpls2_svm_min10/DETRAC_60_99_100_100/active_abs_lost_abs_tracked_abs_glob_rec_90_prec_90	91.124	87.426	95.054	87.456	95.217	95.189	95.434	99.825	91.147	95.691	99.811	95.51
210206_134216_119590 :: orca:13.1:210206_103325_281599	log/no_ibt_detrac_60_99_100_100_rec_90_prec_100/lk_wrapper_tmpls2_svm_min10/DETRAC_60_99_100_100/active_abs_lost_abs_tracked_abs_glob_rec_90_prec_100	91.397	87.945	95.068	87.976	95.218	95.214	95.459	99.824	91.421	95.975	99.81	95.793
210205_135742_289469 :: grs:12.0:210205_132105_213322	log/no_ibt_detrac_60_99_100_100_rec_100_prec_50/lk_wrapper_tmpls2_svm_min10/DETRAC_60_99_100_100/active_abs_lost_abs_tracked_abs_glob_rec_100_prec_50	91.164	87.458	95.11	87.489	95.218	95.256	95.458	99.821	91.188	95.731	99.807	95.546
210205_135725_234010 :: grs:12.1:210205_132105_213388	log/no_ibt_detrac_60_99_100_100_rec_100_prec_60/lk_wrapper_tmpls2_svm_min10/DETRAC_60_99_100_100/active_abs_lost_abs_tracked_abs_glob_rec_100_prec_60	91.17	87.459	95.147	87.491	95.22	95.324	95.525	99.822	91.196	95.731	99.807	95.547
210205_134806_871977 :: x99:12.2:210205_132016_320411	log/no_ibt_detrac_60_99_100_100_rec_100_prec_70/lk_wrapper_tmpls2_svm_min10/DETRAC_60_99_100_100/active_abs_lost_abs_tracked_abs_glob_rec_100_prec_70	91.163	87.457	95.11	87.489	95.217	95.255	95.457	99.822	91.187	95.731	99.807	95.546
210205_134759_398597 :: x99:13.0:210205_132016_320550	log/no_ibt_detrac_60_99_100_100_rec_100_prec_80/lk_wrapper_tmpls2_svm_min10/DETRAC_60_99_100_100/active_abs_lost_abs_tracked_abs_glob_rec_100_prec_80	91.168	87.458	95.137	87.49	95.219	95.307	95.509	99.822	91.194	95.731	99.808	95.547
210206_144733_712578 :: orca:13.0:210206_103325_281507	log/no_ibt_detrac_60_99_100_100_rec_100_prec_90/lk_wrapper_tmpls2_svm_min10/DETRAC_60_99_100_100/active_abs_lost_abs_tracked_abs_glob_rec_100_prec_90	91.16	87.456	95.096	87.487	95.217	95.23	95.434	99.824	91.183	95.73	99.809	95.547
210206_143824_505285 :: orca:13.1:210206_103325_281609	log/no_ibt_detrac_60_99_100_100_rec_100_prec_100/lk_wrapper_tmpls2_svm_min10/DETRAC_60_99_100_100/active_abs_lost_abs_tracked_abs_glob_rec_100_prec_100	91.169	87.46	95.149	87.491	95.219	95.327	95.531	99.824	91.195	95.73	99.81	95.548




210205_132129_546132 :: x99:12.0:210205_132016_480752	log/no_ibt_detrac_60_99_100_100_rec_50_prec_50/lk_wrapper_tmpls2_svm_min10/DETRAC_60_99_100_100/active_oracle_lost_oracle_tracked_oracle_glob_rec_50_prec_50	40.212	53.49	30.477	63.72	70.912	32.016	73.487	88.304	44.021	53.299	74.163	39.528
210205_132123_300921 :: x99:12.1:210205_132016_480842	log/no_ibt_detrac_60_99_100_100_rec_50_prec_60/lk_wrapper_tmpls2_svm_min10/DETRAC_60_99_100_100/active_oracle_lost_oracle_tracked_oracle_glob_rec_50_prec_60	44.818	57.043	35.398	65.186	76.034	37.001	76.561	89.559	48.008	56.998	78.682	44.848
210205_135321_489188 :: x99:12.2:210205_132016_480895	log/no_ibt_detrac_60_99_100_100_rec_50_prec_70/lk_wrapper_tmpls2_svm_min10/DETRAC_60_99_100_100/active_oracle_lost_oracle_tracked_oracle_glob_rec_50_prec_70	49.318	60.183	40.539	66.354	80.599	42.194	79.066	90.729	51.852	60.518	82.781	50.097
210205_135255_651741 :: x99:13.0:210205_132016_480948	log/no_ibt_detrac_60_99_100_100_rec_50_prec_80/lk_wrapper_tmpls2_svm_min10/DETRAC_60_99_100_100/active_oracle_lost_oracle_tracked_oracle_glob_rec_50_prec_80	52.366	62.901	43.689	67.452	84.25	45.239	81.111	91.715	54.274	62.149	86.173	53.556
210206_142446_542828 :: orca:12.0:210206_103325_371527	log/no_ibt_detrac_60_99_100_100_rec_50_prec_90/lk_wrapper_tmpls2_svm_min10/DETRAC_60_99_100_100/active_oracle_lost_oracle_tracked_oracle_glob_rec_50_prec_90	55.519	64.785	47.644	68.137	86.861	49.221	82.737	92.545	56.973	64.415	88.665	57.113
210206_140545_731464 :: orca:12.1:210206_103325_371647	log/no_ibt_detrac_60_99_100_100_rec_50_prec_100/lk_wrapper_tmpls2_svm_min10/DETRAC_60_99_100_100/active_oracle_lost_oracle_tracked_oracle_glob_rec_50_prec_100	59.421	66.396	53.245	68.837	88.859	54.74	84.357	93.318	60.538	67.325	90.66	61.036
210205_133225_278232 :: x99:12.0:210205_132016_480788	log/no_ibt_detrac_60_99_100_100_rec_60_prec_50/lk_wrapper_tmpls2_svm_min10/DETRAC_60_99_100_100/active_oracle_lost_oracle_tracked_oracle_glob_rec_60_prec_50	42.63	56.464	32.414	68.942	70.053	34.095	73.343	88.653	47.231	56.116	75.226	42.214
210205_132832_744114 :: x99:12.1:210205_132016_480851	log/no_ibt_detrac_60_99_100_100_rec_60_prec_60/lk_wrapper_tmpls2_svm_min10/DETRAC_60_99_100_100/active_oracle_lost_oracle_tracked_oracle_glob_rec_60_prec_60	48.048	60.747	38.192	70.765	75.296	39.927	76.45	89.798	51.96	60.934	79.036	48.16
210205_224704_728849 :: x99:12.2:210205_210804_262483	log/no_ibt_detrac_60_99_100_100_rec_60_prec_70/lk_wrapper_tmpls2_svm_min10/DETRAC_60_99_100_100/active_oracle_lost_oracle_tracked_oracle_glob_rec_60_prec_70	52.377	64.533	42.645	72.071	80.094	44.434	78.953	90.847	55.422	64.339	82.776	53.257
210205_135849_046918 :: x99:13.0:210205_132016_480956	log/no_ibt_detrac_60_99_100_100_rec_60_prec_80/lk_wrapper_tmpls2_svm_min10/DETRAC_60_99_100_100/active_oracle_lost_oracle_tracked_oracle_glob_rec_60_prec_80	56.835	67.748	47.769	73.296	83.88	49.573	81.279	91.771	59.166	67.802	86.076	58.361
210206_190443_187961 :: orca:12.0:210206_103325_371565	log/no_ibt_detrac_60_99_100_100_rec_60_prec_90/lk_wrapper_tmpls2_svm_min10/DETRAC_60_99_100_100/active_oracle_lost_oracle_tracked_oracle_glob_rec_60_prec_90	59.903	70.4	51.042	74.366	86.818	52.739	82.969	92.6	61.607	69.521	88.777	61.719
210206_182751_206663 :: orca:12.1:210206_103325_371660	log/no_ibt_detrac_60_99_100_100_rec_60_prec_100/lk_wrapper_tmpls2_svm_min10/DETRAC_60_99_100_100/active_oracle_lost_oracle_tracked_oracle_glob_rec_60_prec_100	63.914	72.253	56.608	75.218	88.668	58.252	84.428	93.243	65.25	72.747	90.494	65.831
210205_134442_881043 :: x99:12.0:210205_132016_480798	log/no_ibt_detrac_60_99_100_100_rec_70_prec_50/lk_wrapper_tmpls2_svm_min10/DETRAC_60_99_100_100/active_oracle_lost_oracle_tracked_oracle_glob_rec_70_prec_50	45.248	58.839	34.992	72.967	69.86	36.768	74.144	89.159	50.497	58.577	77.098	45.161
210205_133750_223919 :: x99:12.1:210205_132016_480857	log/no_ibt_detrac_60_99_100_100_rec_70_prec_60/lk_wrapper_tmpls2_svm_min10/DETRAC_60_99_100_100/active_oracle_lost_oracle_tracked_oracle_glob_rec_70_prec_60	50.829	63.551	40.815	74.86	75.12	42.717	77.074	90.112	55.255	63.979	80.18	51.298
210205_140622_379025 :: x99:12.2:210205_132016_480910	log/no_ibt_detrac_60_99_100_100_rec_70_prec_70/lk_wrapper_tmpls2_svm_min10/DETRAC_60_99_100_100/active_oracle_lost_oracle_tracked_oracle_glob_rec_70_prec_70	55.856	67.645	46.247	76.289	79.731	48.235	79.35	90.993	59.387	68.395	83.215	56.915
210205_140429_650512 :: x99:13.0:210205_132016_480962	log/no_ibt_detrac_60_99_100_100_rec_70_prec_80/lk_wrapper_tmpls2_svm_min10/DETRAC_60_99_100_100/active_oracle_lost_oracle_tracked_oracle_glob_rec_70_prec_80	60.092	71.613	50.512	77.749	83.942	52.345	81.74	91.9	62.662	71.448	86.39	61.723
210206_231220_646886 :: orca:12.0:210206_103325_371579	log/no_ibt_detrac_60_99_100_100_rec_70_prec_90/lk_wrapper_tmpls2_svm_min10/DETRAC_60_99_100_100/active_oracle_lost_oracle_tracked_oracle_glob_rec_70_prec_90	64.003	74.589	54.991	78.86	86.953	56.822	83.38	92.6	65.85	74.32	88.897	66.069
210206_222652_061151 :: orca:12.1:210206_103325_371669	log/no_ibt_detrac_60_99_100_100_rec_70_prec_100/lk_wrapper_tmpls2_svm_min10/DETRAC_60_99_100_100/active_oracle_lost_oracle_tracked_oracle_glob_rec_70_prec_100	68.107	76.436	60.769	79.661	88.663	62.682	84.58	93.179	69.574	77.684	90.497	70.302
210205_135806_398292 :: x99:12.0:210205_132016_480804	log/no_ibt_detrac_60_99_100_100_rec_80_prec_50/lk_wrapper_tmpls2_svm_min10/DETRAC_60_99_100_100/active_oracle_lost_oracle_tracked_oracle_glob_rec_80_prec_50	49.997	61.173	41.042	76.338	70.279	42.953	75.885	89.725	55.946	63.175	79.446	50.191
210205_134729_142079 :: x99:12.1:210205_132016_480862	log/no_ibt_detrac_60_99_100_100_rec_80_prec_60/lk_wrapper_tmpls2_svm_min10/DETRAC_60_99_100_100/active_oracle_lost_oracle_tracked_oracle_glob_rec_80_prec_60	54.722	66.078	45.45	78.081	75.5	47.477	78.192	90.529	59.557	67.722	82.032	55.554
210205_141218_095259 :: x99:12.2:210205_132016_480916	log/no_ibt_detrac_60_99_100_100_rec_80_prec_70/lk_wrapper_tmpls2_svm_min10/DETRAC_60_99_100_100/active_oracle_lost_oracle_tracked_oracle_glob_rec_80_prec_70	59.52	70.142	50.615	79.318	79.868	52.695	80.516	91.221	63.354	72.25	84.273	60.887
210205_141011_372750 :: x99:13.0:210205_132016_480968	log/no_ibt_detrac_60_99_100_100_rec_80_prec_80/lk_wrapper_tmpls2_svm_min10/DETRAC_60_99_100_100/active_oracle_lost_oracle_tracked_oracle_glob_rec_80_prec_80	63.528	74.14	54.513	80.699	83.849	56.535	82.365	91.933	66.323	75.422	86.796	65.463
210207_023324_598462 :: orca:12.0:210206_103325_371589	log/no_ibt_detrac_60_99_100_100_rec_80_prec_90/lk_wrapper_tmpls2_svm_min10/DETRAC_60_99_100_100/active_oracle_lost_oracle_tracked_oracle_glob_rec_80_prec_90	67.662	77.356	59.254	81.866	86.877	61.228	84.029	92.546	69.647	78.641	89.007	69.996
210207_013940_849462 :: orca:12.1:210206_103325_371677	log/no_ibt_detrac_60_99_100_100_rec_80_prec_100/lk_wrapper_tmpls2_svm_min10/DETRAC_60_99_100_100/active_oracle_lost_oracle_tracked_oracle_glob_rec_80_prec_100	71.212	79.067	64.219	82.453	88.519	66.236	85.172	93.015	72.766	81.528	90.394	73.696
210205_140926_444051 :: x99:12.0:210205_132016_480810	log/no_ibt_detrac_60_99_100_100_rec_90_prec_50/lk_wrapper_tmpls2_svm_min10/DETRAC_60_99_100_100/active_oracle_lost_oracle_tracked_oracle_glob_rec_90_prec_50	56.106	64.862	48.656	79.737	72.349	50.732	79.168	90.488	62.274	69.091	82.538	57.026
210205_135556_804880 :: x99:12.1:210205_132016_480868	log/no_ibt_detrac_60_99_100_100_rec_90_prec_60/lk_wrapper_tmpls2_svm_min10/DETRAC_60_99_100_100/active_oracle_lost_oracle_tracked_oracle_glob_rec_90_prec_60	60.668	69.323	53.194	80.947	77.043	55.345	80.97	91.064	65.612	73.588	84.36	62.079
210205_141903_127417 :: x99:12.2:210205_132016_480921	log/no_ibt_detrac_60_99_100_100_rec_90_prec_70/lk_wrapper_tmpls2_svm_min10/DETRAC_60_99_100_100/active_oracle_lost_oracle_tracked_oracle_glob_rec_90_prec_70	64.466	72.596	57.342	81.636	80.585	59.525	82.614	91.49	68.415	77.279	85.798	66.304
210205_141536_134188 :: x99:13.0:210205_132016_480974	log/no_ibt_detrac_60_99_100_100_rec_90_prec_80/lk_wrapper_tmpls2_svm_min10/DETRAC_60_99_100_100/active_oracle_lost_oracle_tracked_oracle_glob_rec_90_prec_80	68.534	76.776	61.259	82.966	84.573	63.36	84.047	92.106	71.286	80.469	87.864	70.703
210207_053924_787568 :: orca:12.0:210206_103325_371598	log/no_ibt_detrac_60_99_100_100_rec_90_prec_90/lk_wrapper_tmpls2_svm_min10/DETRAC_60_99_100_100/active_oracle_lost_oracle_tracked_oracle_glob_rec_90_prec_90	72.233	79.529	65.683	83.754	87.197	67.843	85.212	92.492	74.169	83.705	89.422	74.851
210207_043706_339559 :: orca:12.1:210206_103325_371685	log/no_ibt_detrac_60_99_100_100_rec_90_prec_100/lk_wrapper_tmpls2_svm_min10/DETRAC_60_99_100_100/active_oracle_lost_oracle_tracked_oracle_glob_rec_90_prec_100	74.511	81.379	68.323	84.494	88.741	70.378	85.919	92.894	75.977	85.06	90.66	77.116
210205_141756_648607 :: x99:12.0:210205_132016_480816	log/no_ibt_detrac_60_99_100_100_rec_100_prec_50/lk_wrapper_tmpls2_svm_min10/DETRAC_60_99_100_100/active_oracle_lost_oracle_tracked_oracle_glob_rec_100_prec_50	73.771	75.142	72.671	84.009	81.064	74.597	88.031	91.827	78.102	85.893	87.925	75.522
210205_140246_624482 :: x99:12.1:210205_132016_480874	log/no_ibt_detrac_60_99_100_100_rec_100_prec_60/lk_wrapper_tmpls2_svm_min10/DETRAC_60_99_100_100/active_oracle_lost_oracle_tracked_oracle_glob_rec_100_prec_60	76.304	77.175	75.669	83.923	83.555	77.566	88.587	92.001	79.664	88.284	88.651	78.264
210205_142450_350680 :: x99:12.2:210205_132016_480927	log/no_ibt_detrac_60_99_100_100_rec_100_prec_70/lk_wrapper_tmpls2_svm_min10/DETRAC_60_99_100_100/active_oracle_lost_oracle_tracked_oracle_glob_rec_100_prec_70	78.01	79.163	77.093	84.14	85.702	78.862	89.027	92.239	80.515	89.494	89.642	80.224
210205_142050_206782 :: x99:13.0:210205_132016_480980	log/no_ibt_detrac_60_99_100_100_rec_100_prec_80/lk_wrapper_tmpls2_svm_min10/DETRAC_60_99_100_100/active_oracle_lost_oracle_tracked_oracle_glob_rec_100_prec_80	79.678	80.845	78.752	84.437	87.38	80.476	89.422	92.356	81.521	90.845	90.366	82.093
210207_081523_144878 :: orca:12.0:210206_103325_371609	log/no_ibt_detrac_60_99_100_100_rec_100_prec_90/lk_wrapper_tmpls2_svm_min10/DETRAC_60_99_100_100/active_oracle_lost_oracle_tracked_oracle_glob_rec_100_prec_90	80.975	82.025	80.158	84.335	88.906	81.808	89.635	92.494	82.198	91.712	91.05	83.504
210207_071026_538838 :: orca:12.1:210206_103325_371693	log/no_ibt_detrac_60_99_100_100_rec_100_prec_100/lk_wrapper_tmpls2_svm_min10/DETRAC_60_99_100_100/active_oracle_lost_oracle_tracked_oracle_glob_rec_100_prec_100	81.763	82.784	80.984	84.551	89.609	82.549	90.025	92.629	82.724	92.113	91.567	84.345



210205_142353_064642 :: x99:12.0:210205_132016_794075	log/no_ibt_detrac_60_99_100_100_rec_50_prec_50/lk_wrapper_tmpls2_svm_min10/DETRAC_60_99_100_100/active_rand_lost_rand_tracked_rand_glob_rec_50_prec_50	6.859	17.47	2.7689	20.098	52.488	2.8357	63.455	85.346	7.3881	9.8006	53.433	5.2368
210205_140846_370634 :: x99:12.1:210205_132016_794209	log/no_ibt_detrac_60_99_100_100_rec_50_prec_60/lk_wrapper_tmpls2_svm_min10/DETRAC_60_99_100_100/active_rand_lost_rand_tracked_rand_glob_rec_50_prec_60	7.4246	18.323	3.0648	20.402	59.703	3.1371	66.489	87.208	7.8558	9.7875	61.064	5.9766
210205_142844_132645 :: x99:12.2:210205_132016_794300	log/no_ibt_detrac_60_99_100_100_rec_50_prec_70/lk_wrapper_tmpls2_svm_min10/DETRAC_60_99_100_100/active_rand_lost_rand_tracked_rand_glob_rec_50_prec_70	7.7762	18.783	3.2551	20.285	67.115	3.3165	68.842	88.861	8.0942	9.7263	68.549	6.6673
210205_142530_448579 :: x99:13.0:210205_132016_794389	log/no_ibt_detrac_60_99_100_100_rec_50_prec_80/lk_wrapper_tmpls2_svm_min10/DETRAC_60_99_100_100/active_rand_lost_rand_tracked_rand_glob_rec_50_prec_80	7.9643	18.843	3.3885	19.844	74.053	3.4542	70.235	90.294	8.1811	9.4828	75.815	7.1894
210206_180507_950279 :: orca:13.0:210206_103325_571159	log/no_ibt_detrac_60_99_100_100_rec_50_prec_90/lk_wrapper_tmpls2_svm_min10/DETRAC_60_99_100_100/active_rand_lost_rand_tracked_rand_glob_rec_50_prec_90	8.168	19.189	3.4893	19.79	81.121	3.5569	71.755	91.661	8.2998	9.3682	83.075	7.7827
210206_174516_487126 :: orca:13.1:210206_103325_571242	log/no_ibt_detrac_60_99_100_100_rec_50_prec_100/lk_wrapper_tmpls2_svm_min10/DETRAC_60_99_100_100/active_rand_lost_rand_tracked_rand_glob_rec_50_prec_100	9.6289	20.65	4.4988	21.085	85.464	4.5989	72.742	92.656	9.7334	10.771	87.791	9.456
210205_151140_025375 :: x99:12.0:210205_132016_794121	log/no_ibt_detrac_60_99_100_100_rec_60_prec_50/lk_wrapper_tmpls2_svm_min10/DETRAC_60_99_100_100/active_rand_lost_rand_tracked_rand_glob_rec_60_prec_50	7.9924	21.969	2.9803	26.087	53.63	3.0589	61.614	86.109	8.7492	11.348	55.275	6.2728
210205_144436_181478 :: x99:12.1:210205_132016_794223	log/no_ibt_detrac_60_99_100_100_rec_60_prec_60/lk_wrapper_tmpls2_svm_min10/DETRAC_60_99_100_100/active_rand_lost_rand_tracked_rand_glob_rec_60_prec_60	8.6931	23.421	3.2812	26.863	60.119	3.367	63.941	87.632	9.3389	11.607	61.866	7.1807
210205_145526_851433 :: x99:12.2:210205_132016_794313	log/no_ibt_detrac_60_99_100_100_rec_60_prec_70/lk_wrapper_tmpls2_svm_min10/DETRAC_60_99_100_100/active_rand_lost_rand_tracked_rand_glob_rec_60_prec_70	9.2978	24.759	3.5285	27.438	67.117	3.635	66.351	89.144	9.8072	11.712	68.957	8.0764
210205_144458_064591 :: x99:13.0:210205_132016_794403	log/no_ibt_detrac_60_99_100_100_rec_60_prec_80/lk_wrapper_tmpls2_svm_min10/DETRAC_60_99_100_100/active_rand_lost_rand_tracked_rand_glob_rec_60_prec_80	9.8886	25.693	3.8313	27.636	73.745	3.9317	68.282	90.582	10.269	11.842	75.982	8.9978
210206_214743_477285 :: orca:13.0:210206_103325_571196	log/no_ibt_detrac_60_99_100_100_rec_60_prec_90/lk_wrapper_tmpls2_svm_min10/DETRAC_60_99_100_100/active_rand_lost_rand_tracked_rand_glob_rec_60_prec_90	10.209	26.719	3.9148	27.971	80.473	4.0245	69.386	91.752	10.454	11.813	82.557	9.7527
210206_211526_593317 :: orca:13.1:210206_103325_571249	log/no_ibt_detrac_60_99_100_100_rec_60_prec_100/lk_wrapper_tmpls2_svm_min10/DETRAC_60_99_100_100/active_rand_lost_rand_tracked_rand_glob_rec_60_prec_100	11.976	29.06	4.9466	30.044	84.449	5.1204	70.279	92.619	12.184	13.566	86.943	11.794
210205_163109_883011 :: x99:12.0:210205_132016_794137	log/no_ibt_detrac_60_99_100_100_rec_70_prec_50/lk_wrapper_tmpls2_svm_min10/DETRAC_60_99_100_100/active_rand_lost_rand_tracked_rand_glob_rec_70_prec_50	8.9371	26.021	3.1398	31.857	54.29	3.2377	59.893	86.786	9.9362	12.648	56.596	7.1585
210205_154101_667779 :: x99:12.1:210205_132016_794234	log/no_ibt_detrac_60_99_100_100_rec_70_prec_60/lk_wrapper_tmpls2_svm_min10/DETRAC_60_99_100_100/active_rand_lost_rand_tracked_rand_glob_rec_70_prec_60	9.8262	28.406	3.4508	33.513	60.653	3.5844	61.952	88.12	10.708	13.157	63.006	8.2897
210206_004014_447195 :: x99:12.2:210205_210804_653123	log/no_ibt_detrac_60_99_100_100_rec_70_prec_70/lk_wrapper_tmpls2_svm_min10/DETRAC_60_99_100_100/active_rand_lost_rand_tracked_rand_glob_rec_70_prec_70	10.746	30.725	3.7955	34.988	67.078	3.9419	64.011	89.485	11.493	13.652	69.332	9.4654
210205_151748_064491 :: x99:13.0:210205_132016_794413	log/no_ibt_detrac_60_99_100_100_rec_70_prec_80/lk_wrapper_tmpls2_svm_min10/DETRAC_60_99_100_100/active_rand_lost_rand_tracked_rand_glob_rec_70_prec_80	11.705	32.816	4.2023	36.147	73.338	4.3552	65.526	90.725	12.303	14.167	75.685	10.722
210207_012849_637089 :: orca:13.0:210206_103325_571204	log/no_ibt_detrac_60_99_100_100_rec_70_prec_90/lk_wrapper_tmpls2_svm_min10/DETRAC_60_99_100_100/active_rand_lost_rand_tracked_rand_glob_rec_70_prec_90	12.633	34.552	4.6352	36.874	79.51	4.8283	67.075	91.859	13.062	14.732	81.979	12.077
210207_005221_435609 :: orca:13.1:210206_103325_571255	log/no_ibt_detrac_60_99_100_100_rec_70_prec_100/lk_wrapper_tmpls2_svm_min10/DETRAC_60_99_100_100/active_rand_lost_rand_tracked_rand_glob_rec_70_prec_100	14.791	37.92	5.7986	39.804	83.551	6.0848	67.765	92.655	15.164	16.841	86.284	14.531
210205_182906_832675 :: x99:12.0:210205_132016_794148	log/no_ibt_detrac_60_99_100_100_rec_80_prec_50/lk_wrapper_tmpls2_svm_min10/DETRAC_60_99_100_100/active_rand_lost_rand_tracked_rand_glob_rec_80_prec_50	9.8939	30.664	3.2581	38.86	54.984	3.3894	58.416	87.393	11.193	13.997	58.039	8.1236
210205_170238_480700 :: x99:12.1:210205_132016_794244	log/no_ibt_detrac_60_99_100_100_rec_80_prec_60/lk_wrapper_tmpls2_svm_min10/DETRAC_60_99_100_100/active_rand_lost_rand_tracked_rand_glob_rec_80_prec_60	10.981	33.443	3.6564	40.626	61.067	3.8326	60.266	88.601	12.145	14.762	63.856	9.4266
210205_164145_478955 :: x99:12.2:210205_132016_794334	log/no_ibt_detrac_60_99_100_100_rec_80_prec_70/lk_wrapper_tmpls2_svm_min10/DETRAC_60_99_100_100/active_rand_lost_rand_tracked_rand_glob_rec_80_prec_70	12.243	36.371	4.163	42.638	66.759	4.3507	62.037	89.751	13.29	15.666	69.554	10.896
210205_160355_376566 :: x99:13.0:210205_132016_794423	log/no_ibt_detrac_60_99_100_100_rec_80_prec_80/lk_wrapper_tmpls2_svm_min10/DETRAC_60_99_100_100/active_rand_lost_rand_tracked_rand_glob_rec_80_prec_80	13.509	39.463	4.6537	44.549	72.846	4.8885	63.289	90.823	14.378	16.554	75.46	12.492
210207_052351_304779 :: orca:13.0:210206_103325_571210	log/no_ibt_detrac_60_99_100_100_rec_80_prec_90/lk_wrapper_tmpls2_svm_min10/DETRAC_60_99_100_100/active_rand_lost_rand_tracked_rand_glob_rec_80_prec_90	14.583	42.116	5.0683	45.829	78.842	5.3384	64.804	91.95	15.229	17.167	81.458	13.984
210207_042836_749489 :: orca:13.1:210206_103325_571260	log/no_ibt_detrac_60_99_100_100_rec_80_prec_100/lk_wrapper_tmpls2_svm_min10/DETRAC_60_99_100_100/active_rand_lost_rand_tracked_rand_glob_rec_80_prec_100	17.436	46.697	6.5287	49.947	82.473	6.9039	64.847	92.632	18.049	20.038	85.368	17.106
210205_212052_233330 :: x99:12.0:210205_132016_794159	log/no_ibt_detrac_60_99_100_100_rec_90_prec_50/lk_wrapper_tmpls2_svm_min10/DETRAC_60_99_100_100/active_rand_lost_rand_tracked_rand_glob_rec_90_prec_50	10.851	35.08	3.4196	46.243	55.23	3.5783	56.347	88.059	12.519	15.229	59.919	9.1248
210205_185842_652707 :: x99:12.1:210205_132016_794254	log/no_ibt_detrac_60_99_100_100_rec_90_prec_60/lk_wrapper_tmpls2_svm_min10/DETRAC_60_99_100_100/active_rand_lost_rand_tracked_rand_glob_rec_90_prec_60	12.278	38.322	3.9863	48.124	61.1	4.1869	58.509	89.09	13.808	16.443	64.972	10.683
210205_180336_303207 :: x99:12.2:210205_132016_794344	log/no_ibt_detrac_60_99_100_100_rec_90_prec_70/lk_wrapper_tmpls2_svm_min10/DETRAC_60_99_100_100/active_rand_lost_rand_tracked_rand_glob_rec_90_prec_70	13.418	42.38	4.2883	51.27	66.576	4.5341	59.788	90.049	14.798	17.311	70.066	12.129
210205_170514_791226 :: x99:13.0:210205_132016_794433	log/no_ibt_detrac_60_99_100_100_rec_90_prec_80/lk_wrapper_tmpls2_svm_min10/DETRAC_60_99_100_100/active_rand_lost_rand_tracked_rand_glob_rec_90_prec_80	15.354	46.273	5.128	53.847	72.061	5.4509	60.572	91.029	16.595	19.002	75.326	14.313
210207_095528_389014 :: orca:13.0:210206_103325_571215	log/no_ibt_detrac_60_99_100_100_rec_90_prec_90/lk_wrapper_tmpls2_svm_min10/DETRAC_60_99_100_100/active_rand_lost_rand_tracked_rand_glob_rec_90_prec_90	16.635	49.866	5.5728	55.725	77.651	5.9156	62.082	91.985	17.609	19.821	80.517	15.959
210207_084426_605293 :: orca:13.1:210206_103325_571265	log/no_ibt_detrac_60_99_100_100_rec_90_prec_100/lk_wrapper_tmpls2_svm_min10/DETRAC_60_99_100_100/active_rand_lost_rand_tracked_rand_glob_rec_90_prec_100	20.133	55.261	7.3559	60.554	81.178	7.9145	61.886	92.7	21.096	23.386	84.39	19.735
210206_015212_996969 :: x99:12.0:210205_132016_794169	log/no_ibt_detrac_60_99_100_100_rec_100_prec_50/lk_wrapper_tmpls2_svm_min10/DETRAC_60_99_100_100/active_rand_lost_rand_tracked_rand_glob_rec_100_prec_50	12.14	39.314	3.807	53.8	55.617	4.0141	54.666	88.742	14.263	16.777	62.448	10.477
210205_212854_268562 :: x99:12.1:210205_132016_794265	log/no_ibt_detrac_60_99_100_100_rec_100_prec_60/lk_wrapper_tmpls2_svm_min10/DETRAC_60_99_100_100/active_rand_lost_rand_tracked_rand_glob_rec_100_prec_60	13.608	43.501	4.3061	56.483	61.406	4.5878	55.972	89.636	15.559	18.162	66.773	12.127
210205_194822_663600 :: x99:12.2:210205_132016_794354	log/no_ibt_detrac_60_99_100_100_rec_100_prec_70/lk_wrapper_tmpls2_svm_min10/DETRAC_60_99_100_100/active_rand_lost_rand_tracked_rand_glob_rec_100_prec_70	15.375	47.641	5.014	59.669	66.029	5.3815	57.157	90.398	17.253	19.862	70.757	14.054
210205_181654_865358 :: x99:13.0:210205_132016_794443	log/no_ibt_detrac_60_99_100_100_rec_100_prec_80/lk_wrapper_tmpls2_svm_min10/DETRAC_60_99_100_100/active_rand_lost_rand_tracked_rand_glob_rec_100_prec_80	17.377	52.246	5.8154	62.913	71.016	6.3072	57.183	91.244	19.106	21.701	75.15	16.308
210207_145817_998365 :: orca:13.0:210206_103325_571221	log/no_ibt_detrac_60_99_100_100_rec_100_prec_90/lk_wrapper_tmpls2_svm_min10/DETRAC_60_99_100_100/active_rand_lost_rand_tracked_rand_glob_rec_100_prec_90	19.481	57.339	6.6476	66.328	76.091	7.2762	58.148	92.086	20.984	23.491	79.66	18.713
210207_133803_935140 :: orca:13.1:210206_103325_571271	log/no_ibt_detrac_60_99_100_100_rec_100_prec_100/lk_wrapper_tmpls2_svm_min10/DETRAC_60_99_100_100/active_rand_lost_rand_tracked_rand_glob_rec_100_prec_100	23.272	63.034	8.6177	71.227	79.553	9.5394	57.839	92.745	24.766	27.37	83.252	22.786



210205_140544_953570 :: grs:12.0:210205_132105_404126	log/no_ibt_detrac_60_99_100_100_rec_50_prec_50/lk_wrapper_tmpls2_svm_min10/DETRAC_60_99_100_100/active_pos_lost_pos_tracked_pos_glob_rec_50_prec_50	23.858	38.84	14.985	61.788	47.834	17.969	40.379	86.61	30.26	32.423	63.481	20.582
210205_140517_434474 :: grs:12.1:210205_132105_404352	log/no_ibt_detrac_60_99_100_100_rec_50_prec_60/lk_wrapper_tmpls2_svm_min10/DETRAC_60_99_100_100/active_pos_lost_pos_tracked_pos_glob_rec_50_prec_60	27.687	44.836	17.375	62.972	56.866	20.574	43.823	87.948	32.96	36.591	67.306	24.628
210205_132219_504004 :: grs:12.2:210205_132105_404486	log/no_ibt_detrac_60_99_100_100_rec_50_prec_70/lk_wrapper_tmpls2_svm_min10/DETRAC_60_99_100_100/active_pos_lost_pos_tracked_pos_glob_rec_50_prec_70	31.62	50.013	20.208	63.901	65.128	23.588	47.104	89.23	35.857	40.327	72.155	29.098
210205_132211_415539 :: grs:13.1:210205_132105_404620	log/no_ibt_detrac_60_99_100_100_rec_50_prec_80/lk_wrapper_tmpls2_svm_min10/DETRAC_60_99_100_100/active_pos_lost_pos_tracked_pos_glob_rec_50_prec_80	34.6	54.678	22.056	64.608	72.94	25.514	49.388	90.389	37.694	42.426	77.531	32.893
210207_103645_982128 :: orca:12.0:210206_103325_459158	log/no_ibt_detrac_60_99_100_100_rec_50_prec_90/lk_wrapper_tmpls2_svm_min10/DETRAC_60_99_100_100/active_pos_lost_pos_tracked_pos_glob_rec_50_prec_90	37.728	58.676	24.364	65.037	80.055	27.951	52.007	91.441	39.78	44.607	83.115	37.075
210207_091458_242385 :: orca:12.1:210206_103325_459252	log/no_ibt_detrac_60_99_100_100_rec_50_prec_100/lk_wrapper_tmpls2_svm_min10/DETRAC_60_99_100_100/active_pos_lost_pos_tracked_pos_glob_rec_50_prec_100	42.545	62.644	28.99	65.524	87.168	32.84	54.815	92.489	43.564	48.343	88.913	42.983
210205_142028_660996 :: grs:12.0:210205_132105_404221	log/no_ibt_detrac_60_99_100_100_rec_60_prec_50/lk_wrapper_tmpls2_svm_min10/DETRAC_60_99_100_100/active_pos_lost_pos_tracked_pos_glob_rec_60_prec_50	24.751	39.081	15.928	67.294	45.581	19.219	39.658	87.296	32.613	32.521	68.266	22.2
210205_141529_874859 :: grs:12.1:210205_132105_404372	log/no_ibt_detrac_60_99_100_100_rec_60_prec_60/lk_wrapper_tmpls2_svm_min10/DETRAC_60_99_100_100/active_pos_lost_pos_tracked_pos_glob_rec_60_prec_60	29.305	46.247	18.802	68.94	54.941	22.386	43.032	88.484	35.906	37.719	70.905	26.745
210205_133213_693843 :: grs:12.2:210205_132105_404506	log/no_ibt_detrac_60_99_100_100_rec_60_prec_70/lk_wrapper_tmpls2_svm_min10/DETRAC_60_99_100_100/active_pos_lost_pos_tracked_pos_glob_rec_60_prec_70	33.26	52.758	21.175	70.16	63.773	25.11	45.692	89.564	38.466	41.681	74.351	30.991
210205_133118_080676 :: grs:13.1:210205_132105_404640	log/no_ibt_detrac_60_99_100_100_rec_60_prec_80/lk_wrapper_tmpls2_svm_min10/DETRAC_60_99_100_100/active_pos_lost_pos_tracked_pos_glob_rec_60_prec_80	37.505	58.701	24.123	71.173	72.065	28.109	48.977	90.608	41.386	45.769	78.637	35.992
210207_131503_510767 :: orca:12.0:210206_103325_459198	log/no_ibt_detrac_60_99_100_100_rec_60_prec_90/lk_wrapper_tmpls2_svm_min10/DETRAC_60_99_100_100/active_pos_lost_pos_tracked_pos_glob_rec_60_prec_90	40.473	63.984	25.705	71.856	79.771	29.81	51.15	91.627	42.954	47.687	83.733	39.93
210207_113251_211062 :: orca:12.1:210206_103325_459259	log/no_ibt_detrac_60_99_100_100_rec_60_prec_100/lk_wrapper_tmpls2_svm_min10/DETRAC_60_99_100_100/active_pos_lost_pos_tracked_pos_glob_rec_60_prec_100	46.291	69.033	31.138	72.51	87.158	35.396	54.354	92.532	47.5	52.83	88.923	46.978
210205_143759_698006 :: grs:12.0:210205_132105_404242	log/no_ibt_detrac_60_99_100_100_rec_70_prec_50/lk_wrapper_tmpls2_svm_min10/DETRAC_60_99_100_100/active_pos_lost_pos_tracked_pos_glob_rec_70_prec_50	25.616	38.943	17.038	71.783	43.757	21.087	39.422	88.059	34.879	32.549	72.766	23.685
210205_142426_416584 :: grs:12.1:210205_132105_404387	log/no_ibt_detrac_60_99_100_100_rec_70_prec_60/lk_wrapper_tmpls2_svm_min10/DETRAC_60_99_100_100/active_pos_lost_pos_tracked_pos_glob_rec_70_prec_60	30.748	46.889	20.355	73.627	53.298	24.545	43.502	89.071	38.633	38.486	74.974	28.855
210205_134310_285175 :: grs:12.2:210205_132105_404522	log/no_ibt_detrac_60_99_100_100_rec_70_prec_70/lk_wrapper_tmpls2_svm_min10/DETRAC_60_99_100_100/active_pos_lost_pos_tracked_pos_glob_rec_70_prec_70	35.159	54.45	22.86	74.966	62.587	27.377	45.752	89.928	41.347	43.556	77.193	33.623
210205_133938_801823 :: grs:13.1:210205_132105_404656	log/no_ibt_detrac_60_99_100_100_rec_70_prec_80/lk_wrapper_tmpls2_svm_min10/DETRAC_60_99_100_100/active_pos_lost_pos_tracked_pos_glob_rec_70_prec_80	40.1	61.518	26.269	76.202	71.344	30.694	49.337	90.871	44.708	48.472	80.383	38.963
210207_155256_682280 :: orca:12.0:210206_103325_459208	log/no_ibt_detrac_60_99_100_100_rec_70_prec_90/lk_wrapper_tmpls2_svm_min10/DETRAC_60_99_100_100/active_pos_lost_pos_tracked_pos_glob_rec_70_prec_90	43.824	68.099	28.298	77.202	79.602	33.235	51.294	91.764	46.722	51.567	84.57	43.61
210207_135640_171898 :: orca:12.1:210206_103325_459265	log/no_ibt_detrac_60_99_100_100_rec_70_prec_100/lk_wrapper_tmpls2_svm_min10/DETRAC_60_99_100_100/active_pos_lost_pos_tracked_pos_glob_rec_70_prec_100	49.411	74.164	33.007	77.923	87.399	37.969	54.056	92.584	50.704	56.448	89.211	50.357
210219_074320_912830 :: grs:12.0:210219_074009_520813	log/no_ibt_detrac_60_99_100_100_rec_80_prec_50/lk_wrapper_tmpls2_svm_min10/DETRAC_60_99_100_100/active_pos_lost_pos_tracked_pos_glob_rec_80_prec_50	28.455	38.664	21.106	75.782	42.195	25.816	41.279	88.833	39.919	35.072	76.965	26.993
210205_143404_428005 :: grs:12.1:210205_132105_404402	log/no_ibt_detrac_60_99_100_100_rec_80_prec_60/lk_wrapper_tmpls2_svm_min10/DETRAC_60_99_100_100/active_pos_lost_pos_tracked_pos_glob_rec_80_prec_60	33.551	47.131	24.026	77.364	51.91	28.955	44.771	89.651	43.063	41.095	78.678	32.333
210205_135238_304033 :: grs:12.2:210205_132105_404536	log/no_ibt_detrac_60_99_100_100_rec_80_prec_70/lk_wrapper_tmpls2_svm_min10/DETRAC_60_99_100_100/active_pos_lost_pos_tracked_pos_glob_rec_80_prec_70	38.191	55.563	26.373	78.967	61.504	31.587	47.147	90.427	45.601	46.27	80.604	37.296
210205_134847_493743 :: grs:13.1:210205_132105_404671	log/no_ibt_detrac_60_99_100_100_rec_80_prec_80/lk_wrapper_tmpls2_svm_min10/DETRAC_60_99_100_100/active_pos_lost_pos_tracked_pos_glob_rec_80_prec_80	43.383	63.457	29.768	80.128	70.602	34.925	50.24	91.11	48.815	51.873	82.595	42.844
210207_183038_555537 :: orca:12.0:210206_103325_459216	log/no_ibt_detrac_60_99_100_100_rec_80_prec_90/lk_wrapper_tmpls2_svm_min10/DETRAC_60_99_100_100/active_pos_lost_pos_tracked_pos_glob_rec_80_prec_90	47.792	71.102	32.205	81.186	79.436	37.57	52.653	91.885	51.122	56.058	85.626	48
210207_161328_311038 :: orca:12.1:210206_103325_459270	log/no_ibt_detrac_60_99_100_100_rec_80_prec_100/lk_wrapper_tmpls2_svm_min10/DETRAC_60_99_100_100/active_pos_lost_pos_tracked_pos_glob_rec_80_prec_100	52.975	78.313	35.912	82.14	87.664	41.544	54.857	92.581	54.306	60.597	89.532	54.254
210205_150015_570703 :: grs:12.0:210205_132105_404276	log/no_ibt_detrac_60_99_100_100_rec_90_prec_50/lk_wrapper_tmpls2_svm_min10/DETRAC_60_99_100_100/active_pos_lost_pos_tracked_pos_glob_rec_90_prec_50	31.532	38.796	25.755	79.74	41.319	31.956	44.393	89.819	45.267	37.82	81.146	30.689
210205_144432_499513 :: grs:12.1:210205_132105_404417	log/no_ibt_detrac_60_99_100_100_rec_90_prec_60/lk_wrapper_tmpls2_svm_min10/DETRAC_60_99_100_100/active_pos_lost_pos_tracked_pos_glob_rec_90_prec_60	37.691	47.691	29.894	81.078	51.099	35.997	48.672	90.443	49.202	45.002	82.551	37.15
210205_140221_373088 :: grs:12.2:210205_132105_404551	log/no_ibt_detrac_60_99_100_100_rec_90_prec_70/lk_wrapper_tmpls2_svm_min10/DETRAC_60_99_100_100/active_pos_lost_pos_tracked_pos_glob_rec_90_prec_70	42.931	56.449	32.75	82.084	60.805	38.892	51.118	90.934	51.828	51.008	83.658	42.673
210205_135821_476540 :: grs:13.1:210205_132105_404685	log/no_ibt_detrac_60_99_100_100_rec_90_prec_80/lk_wrapper_tmpls2_svm_min10/DETRAC_60_99_100_100/active_pos_lost_pos_tracked_pos_glob_rec_90_prec_80	48.676	65.422	36.313	83.339	70.541	42.504	54.46	91.503	54.994	57.36	85.206	48.874
210207_211011_009669 :: orca:12.0:210206_103325_459222	log/no_ibt_detrac_60_99_100_100_rec_90_prec_90/lk_wrapper_tmpls2_svm_min10/DETRAC_60_99_100_100/active_pos_lost_pos_tracked_pos_glob_rec_90_prec_90	54.028	73.755	39.654	84.364	79.552	45.712	57.481	92.027	57.832	62.963	87.138	54.865
210207_182506_119063 :: orca:12.1:210206_103325_459275	log/no_ibt_detrac_60_99_100_100_rec_90_prec_100/lk_wrapper_tmpls2_svm_min10/DETRAC_60_99_100_100/active_pos_lost_pos_tracked_pos_glob_rec_90_prec_100	59.12	81.653	42.891	85.188	88.091	48.95	59.222	92.577	60.442	67.531	90.031	60.799
210205_152425_705221 :: grs:12.0:210205_132105_404292	log/no_ibt_detrac_60_99_100_100_rec_100_prec_50/lk_wrapper_tmpls2_svm_min10/DETRAC_60_99_100_100/active_pos_lost_pos_tracked_pos_glob_rec_100_prec_50	42.724	40.146	45.685	84.588	41.645	55.019	59.731	91.241	62.089	49.296	86.254	42.52
210205_145523_268537 :: grs:12.1:210205_132105_404430	log/no_ibt_detrac_60_99_100_100_rec_100_prec_60/lk_wrapper_tmpls2_svm_min10/DETRAC_60_99_100_100/active_pos_lost_pos_tracked_pos_glob_rec_100_prec_60	50.175	49.814	50.795	85.035	51.968	59.675	64.042	91.501	65.646	57.842	86.709	50.154
210205_141047_743288 :: grs:12.2:210205_132105_404566	log/no_ibt_detrac_60_99_100_100_rec_100_prec_70/lk_wrapper_tmpls2_svm_min10/DETRAC_60_99_100_100/active_pos_lost_pos_tracked_pos_glob_rec_100_prec_70	57.233	59.32	55.444	85.631	62.085	64.156	67.461	91.723	68.854	66.116	87.399	57.785
210205_140610_163384 :: grs:13.1:210205_132105_404700	log/no_ibt_detrac_60_99_100_100_rec_100_prec_80/lk_wrapper_tmpls2_svm_min10/DETRAC_60_99_100_100/active_pos_lost_pos_tracked_pos_glob_rec_100_prec_80	63.2	68.19	58.805	85.955	71.633	66.681	70.506	91.878	71.053	73.018	87.916	64.194
210207_233736_265141 :: orca:12.0:210206_103325_459228	log/no_ibt_detrac_60_99_100_100_rec_100_prec_90/lk_wrapper_tmpls2_svm_min10/DETRAC_60_99_100_100/active_pos_lost_pos_tracked_pos_glob_rec_100_prec_90	68.67	76.566	61.839	86.023	80.954	69.108	72.743	92.225	72.894	78.641	89.228	70.17
210207_202759_244864 :: orca:12.1:210206_103325_459281	log/no_ibt_detrac_60_99_100_100_rec_100_prec_100/lk_wrapper_tmpls2_svm_min10/DETRAC_60_99_100_100/active_pos_lost_pos_tracked_pos_glob_rec_100_prec_100	74.473	84.222	66.126	86.458	89.139	72.68	75.373	92.47	75.571	84.249	91.089	76.741
















