210207_150721_591689 :: x99:14.0:210207_150713_860153	log/no_ibt_mot15_0_10_100_100/lk_wrapper_tmpls2_svm_min10/MOT15_0_10_100_100/active_abs_lost_abs_tracked_abs_glob	85.776	77.907	94.564	78.804	98.016	95.262	98.976	99.616	86.31	87.565	99.3	86.952
210207_150729_147893 :: x99:14.1:210207_150713_860235	log/no_ibt_mot17_0_6_100_100/lk_wrapper_tmpls2_svm_min10/MOT17_0_6_100_100/active_abs_lost_abs_tracked_abs_glob	85.507	79.065	92.475	79.329	99.55	92.708	99.626	99.815	85.65	86.096	99.765	85.893
210207_150724_600951 :: x99:15.1:210207_150713_860305	log/no_ibt_mot17_0_6_100_100/lk_wrapper_tmpls2_svm_min10/MOT17_DPM_0_6_100_100/active_abs_lost_abs_tracked_abs_glob	81.761	73.384	91.096	73.566	99.637	91.277	99.706	99.873	81.863	82.208	99.845	82.081
210207_150724_512643 :: x99:15.0:210207_150713_860274	log/no_ibt_mot17_0_6_100_100/lk_wrapper_tmpls2_svm_min10/MOT17_SDP_0_6_100_100/active_abs_lost_abs_tracked_abs_glob	91.63	87.885	95.536	88.213	99.543	95.777	99.635	99.812	91.802	92.283	99.766	92.067


210207_151406_144689 :: grs:14.0:210207_151358_997948	log/no_ibt_mot15_0_10_100_100/lk_wrapper_tmpls2_svm_min10/MOT15_0_10_100_100/active_oracle_lost_oracle_tracked_oracle_glob	40.9	37.6	44.886	42.728	60.109	48.577	67.285	76.203	43.726	64.071	63.34	40.582
210207_151414_947031 :: grs:14.1:210207_151358_998062	log/no_ibt_mot17_0_6_100_100/lk_wrapper_tmpls2_svm_min10/MOT17_0_6_100_100/active_oracle_lost_oracle_tracked_oracle_glob	45.606	44.057	47.358	46.095	81.793	49.107	83.813	88.379	46.702	55.765	83.355	46.483
210207_151409_421052 :: grs:15.1:210207_151358_998145	log/no_ibt_mot17_0_6_100_100/lk_wrapper_tmpls2_svm_min10/MOT17_DPM_0_6_100_100/active_oracle_lost_oracle_tracked_oracle_glob	34.097	32.007	36.645	34.814	66.355	38.95	71.763	79.722	35.653	48.812	67.24	32.821
210207_151415_118593 :: grs:15.0:210207_151358_998107	log/no_ibt_mot17_0_6_100_100/lk_wrapper_tmpls2_svm_min10/MOT17_SDP_0_6_100_100/active_oracle_lost_oracle_tracked_oracle_glob	51.383	53.232	49.784	56.768	78.805	52.694	78.67	86.217	53.146	66.115	80.241	53.051

# darpn
210222_172536_750957 :: orca:14.0:210222_135542_843018	log/no_ibt_mot15_0_10_100_100/darpn_tmpls2/MOT15_0_10_100_100/active_oracle_lost_oracle_tracked_oracle_glob	38.142	36.182	40.521	42.105	57.544	44.69	61.945	75.96	41.254	61.174	60.957	37.29
210222_200946_983131 :: orca:14.1:210222_135542_843056	log/no_ibt_mot17_0_6_100_100/darpn_tmpls2/MOT17_0_6_100_100/active_oracle_lost_oracle_tracked_oracle_glob	40.704	41.966	39.564	44.793	77.19	42.027	74.2	86.593	42.09	52.44	78.5	41.166
210222_203421_962627 :: orca:15.1:210222_135542_843082	log/no_ibt_mot17_0_6_100_100/darpn_tmpls2/MOT17_DPM_0_6_100_100/active_oracle_lost_oracle_tracked_oracle_glob	31.892	30.583	33.604	34.178	61.272	36.493	64.324	78.125	33.819	48.025	61.905	29.729
210222_214035_398602 :: orca:15.0:210222_135542_843070	log/no_ibt_mot17_0_6_100_100/darpn_tmpls2/MOT17_SDP_0_6_100_100/active_oracle_lost_oracle_tracked_oracle_glob	42.455	49.312	36.704	54.175	72.706	40.068	66.364	83.403	44.58	58.766	73.829	43.386

# siamfc
210222_172834_768014 :: grs:12.0:210222_135455_535171	log/no_ibt_mot15_0_10_100_100/siamfc_tmpls2/MOT15_0_10_100_100/active_oracle_lost_oracle_tracked_oracle_glob	34.969	36.134	34.223	41.975	57.68	38.122	58.456	75.987	37.817	55.741	60.928	33.962
210222_185238_944837 :: grs:12.1:210222_135455_535273	log/no_ibt_mot17_0_6_100_100/siamfc_tmpls2/MOT17_0_6_100_100/active_oracle_lost_oracle_tracked_oracle_glob	42.62	43.188	42.217	45.642	79.891	45.026	75.153	87.95	43.872	52.857	81.337	42.993

210207_151411_367864 :: grs:13.0:210207_151359_062874	log/no_ibt_mot15_0_10_100_100/lk_wrapper_tmpls2_svm_min10/MOT15_0_10_100_100/active_pos_lost_pos_tracked_pos_glob	22.774	30.267	17.627	43.642	41.864	28.969	30.801	75.064	27.525	37.719	51.583	19.457
210207_151415_173451 :: grs:13.1:210207_151359_062967	log/no_ibt_mot17_0_6_100_100/lk_wrapper_tmpls2_svm_min10/MOT17_0_6_100_100/active_pos_lost_pos_tracked_pos_glob	35.389	42.914	29.454	46.608	76.316	36.855	53.664	87.998	36.964	43.652	77.55	33.852
210207_150729_641193 :: x99:13.1:210207_150713_923713	log/no_ibt_mot17_0_6_100_100/lk_wrapper_tmpls2_svm_min10/MOT17_DPM_0_6_100_100/active_pos_lost_pos_tracked_pos_glob	21.295	28.781	16.3	35.694	50.697	22.644	35.686	78.14	23.889	33.042	51.581	17.044
210207_150725_340308 :: x99:13.0:210207_150713_923639	log/no_ibt_mot17_0_6_100_100/lk_wrapper_tmpls2_svm_min10/MOT17_SDP_0_6_100_100/active_pos_lost_pos_tracked_pos_glob	37.556	51.84	27.479	57.369	74.544	34.393	45.863	85.883	39.63	48.323	75.91	36.682


210207_151406_666909 :: grs:12.0:210207_151359_089708	log/no_ibt_mot15_0_10_100_100/lk_wrapper_tmpls2_svm_min10/MOT15_0_10_100_100/active_rand_lost_rand_tracked_rand_glob	12.81	23.258	7.3069	28.036	47.406	8.5134	46.498	75.013	14.142	21.54	49.532	10.669
210207_151409_875796 :: grs:12.1:210207_151359_089820	log/no_ibt_mot17_0_6_100_100/lk_wrapper_tmpls2_svm_min10/MOT17_0_6_100_100/active_rand_lost_rand_tracked_rand_glob	16.1	36.112	7.2845	41.471	67.161	8.7028	41.961	86.83	17.311	21.213	67.826	14.388
210207_150730_694498 :: x99:12.0:210207_150713_947855	log/no_ibt_mot17_0_6_100_100/lk_wrapper_tmpls2_svm_min10/MOT17_SDP_0_6_100_100/active_rand_lost_rand_tracked_rand_glob	17.353	42.789	7.1543	50.606	64.973	8.7146	35.498	84.029	18.954	24.056	66.122	15.906
210207_150730_539588 :: x99:12.1:210207_150713_947926	log/no_ibt_mot17_0_6_100_100/lk_wrapper_tmpls2_svm_min10/MOT17_DPM_0_6_100_100/active_rand_lost_rand_tracked_rand_glob	8.9437	22.212	3.7157	25.86	50.701	4.5283	35.467	76.193	9.7028	14.714	50.8	7.475


# detrac ibt
## no glob
210228_044947_071236 :: grs:15.0:210227_193330_995520	log/detrac_0_9_100_100_lk_nofeat2_tmpls2/active_cnn_r18_pt_lost_cnn_r18_pt/active_lost_batch_2_acc0/test/DETRAC_20_29_100_100	40.027	31.754	51.337	51.46	41.242	55.188	74.52	81.518	51.166	55.615	61.021	33.937
210228_081912_518815 :: grs:15.1:210228_071823_686866	log/detrac_0_9_100_100_lk_nofeat2_tmpls2/active_oracle_lost_cnn_r18_pt/active_lost_batch_2_acc0/test/DETRAC_20_29_100_100	44.043	41.77	46.991	66.026	47.729	50.071	75.07	81.966	55.568	59.411	69.487	41.283
## glob
210228_081445_485101 :: grs:15.0:210228_071823_686754	log/detrac_0_9_100_100_lk_nofeat2_tmpls2/active_oracle_lost_cnn_r18_pt/active_lost_batch_2_acc0/test/DETRAC_20_29_100_100/glob	47.783	46.347	49.795	62.702	56.289	53.132	75.946	82.098	55.774	65.238	69.736	45.495
210228_111453_021019 :: grs:14.0:210228_100707_260602	log/detrac_0_9_100_100_lk_nofeat2_tmpls2/active_cnn_r18_pt_lost_cnn_r18_pt/active_lost_batch_2_acc0/test/DETRAC_20_29_100_100/glob	40.027	31.754	51.337	51.46	41.242	55.188	74.52	81.518	51.166	55.615	61.021	33.937


# lk vs ibt vs dummy

## mot17_sdp
210207_150724_512643 :: x99:15.0:210207_150713_860274	log/no_ibt_mot17_0_6_100_100/lk_wrapper_tmpls2_svm_min10/MOT17_SDP_0_6_100_100/active_abs_lost_abs_tracked_abs_glob	91.63	87.885	95.536	88.213	99.543	95.777	99.635	99.812	91.802	92.283	99.766	92.067
210207_151415_118593 :: grs:15.0:210207_151358_998107	log/no_ibt_mot17_0_6_100_100/lk_wrapper_tmpls2_svm_min10/MOT17_SDP_0_6_100_100/active_oracle_lost_oracle_tracked_oracle_glob	51.383	53.232	49.784	56.768	78.805	52.694	78.67	86.217	53.146	66.115	80.241	53.051
210207_150725_340308 :: x99:13.0:210207_150713_923639	log/no_ibt_mot17_0_6_100_100/lk_wrapper_tmpls2_svm_min10/MOT17_SDP_0_6_100_100/active_pos_lost_pos_tracked_pos_glob	37.556	51.84	27.479	57.369	74.544	34.393	45.863	85.883	39.63	48.323	75.91	36.682
210207_150730_694498 :: x99:12.0:210207_150713_947855	log/no_ibt_mot17_0_6_100_100/lk_wrapper_tmpls2_svm_min10/MOT17_SDP_0_6_100_100/active_rand_lost_rand_tracked_rand_glob	17.353	42.789	7.1543	50.606	64.973	8.7146	35.498	84.029	18.954	24.056	66.122	15.906
210222_113221_800801 :: grs:14.1:210222_101642_799796	log/no_ibt_mot17_sdp_0_6_100_100/lk_wrapper_tmpls2_svm_min10/MOT17_SDP_0_6_100_100	50.347	53.976	47.141	58.234	78.045	51.977	73.864	86.929	52.376	63.055	79.462	50.105
210222_225620_266669 :: grs:14.0:210222_102340_868948	log/mot17_dpm_0_6_100_100_lk_darpn_nofeat_m0_tmpls2_ctm_darpn_m0/active_cnn_r18_pt_lost_cnn_r18_pt/active_lost_batch_2_acc0/test/MOT17_SDP_0_6_100_100	47.071	52.562	42.345	56.856	77.147	46.365	72.372	86.343	49.043	59.546	78.573	46.787

## mot17_dpm
210207_150724_600951 :: x99:15.1:210207_150713_860305	log/no_ibt_mot17_0_6_100_100/lk_wrapper_tmpls2_svm_min10/MOT17_DPM_0_6_100_100/active_abs_lost_abs_tracked_abs_glob	81.761	73.384	91.096	73.566	99.637	91.277	99.706	99.873	81.863	82.208	99.845	82.081
210207_151409_421052 :: grs:15.1:210207_151358_998145	log/no_ibt_mot17_0_6_100_100/lk_wrapper_tmpls2_svm_min10/MOT17_DPM_0_6_100_100/active_oracle_lost_oracle_tracked_oracle_glob	34.097	32.007	36.645	34.814	66.355	38.95	71.763	79.722	35.653	48.812	67.24	32.821
210207_150729_641193 :: x99:13.1:210207_150713_923713	log/no_ibt_mot17_0_6_100_100/lk_wrapper_tmpls2_svm_min10/MOT17_DPM_0_6_100_100/active_pos_lost_pos_tracked_pos_glob	21.295	28.781	16.3	35.694	50.697	22.644	35.686	78.14	23.889	33.042	51.581	17.044
210207_150730_539588 :: x99:12.1:210207_150713_947926	log/no_ibt_mot17_0_6_100_100/lk_wrapper_tmpls2_svm_min10/MOT17_DPM_0_6_100_100/active_rand_lost_rand_tracked_rand_glob	8.9437	22.212	3.7157	25.86	50.701	4.5283	35.467	76.193	9.7028	14.714	50.8	7.475
210222_112602_073935 :: x99:14.1:210222_101615_805019	log/no_ibt_mot17_dpm_0_6_100_100_occ/lk_wrapper_tmpls2_svm_min10/MOT17_DPM_0_6_100_100	32.555	30.667	35.049	35.283	59.403	37.372	73.05	79.818	35.043	46.561	60.089	27.978
210223_033147_071333 :: x99:14.0:210222_102303_911583	log/mot17_dpm_0_6_100_100_lk_darpn_nofeat_m0_tmpls2_ctm_darpn_m0/active_cnn_r18_pt_lost_cnn_r18_pt/active_lost_batch_2_acc0/test/MOT17_DPM_0_6_100_100	30.622	29.308	32.288	31.804	65.547	35.034	69.137	79.633	31.978	43.463	66.34	28.834

## detrac
210222_125943_905464 :: grs:13.0:210222_125301_894169	log/no_ibt_detrac_0_9_100_100/lk_wrapper_tmpls2_svm_min10/DETRAC_20_29_100_100/active_abs_lost_abs_tracked_abs_glob	92.979	92.408	94.022	92.594	95.072	94.606	96.086	99.859	93.099	97.892	99.785	97.682
210222_133124_879159 :: grs:13.1:210222_125301_894261	log/no_ibt_detrac_0_9_100_100/lk_wrapper_tmpls2_svm_min10/DETRAC_20_29_100_100/active_oracle_lost_oracle_tracked_oracle_glob	53.689	47.197	61.554	65.218	55.596	64.804	77.541	82.086	63.291	73.832	70.647	52.16
210222_143051_211712 :: x99:13.0:210222_125333_136761	log/no_ibt_detrac_0_9_100_100/lk_wrapper_tmpls2_svm_min10/DETRAC_20_29_100_100/active_pos_lost_pos_tracked_pos_glob	32.991	29.042	37.941	65.7	31.877	50.441	51.281	81.435	49.766	44.64	67.251	30.021
210222_143929_941930 :: x99:13.1:210222_125333_136822	log/no_ibt_detrac_0_9_100_100/lk_wrapper_tmpls2_svm_min10/DETRAC_20_29_100_100/active_rand_lost_rand_tracked_rand_glob	16.838	29.498	9.8204	44.435	41.543	10.834	62.253	79.135	20.765	26.745	55.239	14.774
210222_154759_985697 :: grs:15.1:210222_125301_858493	log/no_ibt_detrac_0_9_100_100/lk_wrapper_tmpls2_svm_min10/DETRAC_20_29_100_100	46.755	44.861	49.137	54.976	61.725	52.256	76.439	82.47	51.902	63.35	69.364	43.942
210228_044947_071236 :: grs:15.0:210227_193330_995520	log/detrac_0_9_100_100_lk_nofeat2_tmpls2/active_cnn_r18_pt_lost_cnn_r18_pt/active_lost_batch_2_acc0/test/DETRAC_20_29_100_100	40.027	31.754	51.337	51.46	41.242	55.188	74.52	81.518	51.166	55.615	61.021	33.937

### early iters
210316_204803_865957	log/detrac_0_9_100_100_lk_nofeat2_tmpls2/active_cnn_r18_pt_lost_cnn_r18_pt/test_batch_0/DETRAC_20_29_100_100	59.289	50.208	70.202	77.45	53.049	74.52	77.769	84.547	73.719	76.754	78.96	60.605
210316_204820_752818	log/detrac_0_9_100_100_lk_nofeat2_tmpls2/active_cnn_r18_pt_lost_cnn_r18_pt/test_batch_1_acc0/DETRAC_20_29_100_100	49.107	41.13	58.781	76.664	43.218	67.992	67.47	84.101	67.11	64.219	77.991	50.085
210316_204839_059065	log/detrac_0_9_100_100_lk_nofeat2_tmpls2/active_cnn_r18_pt_lost_cnn_r18_pt/test_batch_2_acc0/DETRAC_20_29_100_100	22.479	31.032	16.843	44.81	43.725	19.829	49.841	78.531	27.23	37.092	50.387	18.69

### active oracle
210228_081912_518815 :: grs:15.1:210228_071823_686866	log/detrac_0_9_100_100_lk_nofeat2_tmpls2/active_oracle_lost_cnn_r18_pt/active_lost_batch_2_acc0/test/DETRAC_20_29_100_100	44.043	41.77	46.991	66.026	47.729	50.071	75.07	81.966	55.568	59.411	69.487	41.283


## mot17
210207_150729_147893 :: x99:14.1:210207_150713_860235	log/no_ibt_mot17_0_6_100_100/lk_wrapper_tmpls2_svm_min10/MOT17_0_6_100_100/active_abs_lost_abs_tracked_abs_glob	85.507	79.065	92.475	79.329	99.55	92.708	99.626	99.815	85.65	86.096	99.765	85.893
210207_151414_947031 :: grs:14.1:210207_151358_998062	log/no_ibt_mot17_0_6_100_100/lk_wrapper_tmpls2_svm_min10/MOT17_0_6_100_100/active_oracle_lost_oracle_tracked_oracle_glob	45.606	44.057	47.358	46.095	81.793	49.107	83.813	88.379	46.702	55.765	83.355	46.483
210207_151415_173451 :: grs:13.1:210207_151359_062967	log/no_ibt_mot17_0_6_100_100/lk_wrapper_tmpls2_svm_min10/MOT17_0_6_100_100/active_pos_lost_pos_tracked_pos_glob	35.389	42.914	29.454	46.608	76.316	36.855	53.664	87.998	36.964	43.652	77.55	33.852
210207_151409_875796 :: grs:12.1:210207_151359_089820	log/no_ibt_mot17_0_6_100_100/lk_wrapper_tmpls2_svm_min10/MOT17_0_6_100_100/active_rand_lost_rand_tracked_rand_glob	16.1	36.112	7.2845	41.471	67.161	8.7028	41.961	86.83	17.311	21.213	67.826	14.388
210211_214247_766592 :: grs:15.1:210211_204411_801975	log/no_ibt_mot17_0_6_100_100_occ/lk_wrapper_tmpls2_svm_min10/MOT17_0_6_100_100	45.029	44.322	45.952	47.248	79.962	48.611	82.521	89.443	46.557	53.65	81.35	43.645
210211_115044_934810 :: grs:14.1:210211_074946_862207	log/mot17_0_6_100_100_lk_darpn_nofeat2_m0_tmpls2_ctm_darpn_m0/lost_cnn_r18_pt_active_cnn_r18_pt/lost_active_batch_2_acc0/test/MOT17_0_6_100_100	42.111	42.011	42.365	44.355	80.879	44.928	80.969	89.49	43.321	50.178	82.277	41.285

210211_214048_785275 :: grs:15.0:210211_204411_801886	log/no_ibt_mot17_0_6_100_100/lk_wrapper_tmpls2_svm_min10/MOT17_0_6_100_100	45.029	44.322	45.952	47.248	79.962	48.611	82.521	89.443	46.557	53.65	81.35	43.645
210211_135305_137880 :: grs:14.0:210211_082428_224007	log/mot17_0_6_100_100_lk_darpn_nofeat_m0_tmpls2_ctm_darpn_m0/active_cnn_r18_pt_lost_cnn_r18_pt/active_lost_batch_2_acc0/test/MOT17_0_6_100_100	40.306	42.674	38.254	45.167	80.519	41.058	78.041	89.237	41.527	48.278	81.925	39.552
210315_160217_197534	log/mot17_0_6_100_100_lk_nofeat_tmpls2/active_cnn_r18_pt_lost_cnn_r18_pt/active_lost_batch_2_acc0/test/MOT17_0_6_100_100	40.306	42.674	38.254	45.167	80.519	41.058	78.041	89.237	41.527	48.278	81.925	39.552

210315_154804_515917	log/mot17_0_6_100_100_lk_nofeat_tmpls2/active_cnn_r18_pt_lost_cnn_r18_pt/test_batch_0/MOT17_0_6_100_100	44.389	43.119	45.899	45.937	79.065	48.834	79.391	88.124	45.884	55.261	80.45	44.458
210315_154831_329101	log/mot17_0_6_100_100_lk_nofeat_tmpls2/active_cnn_r18_pt_lost_cnn_r18_pt/test_batch_1_acc0/MOT17_0_6_100_100	43.303	43.849	42.983	46.644	79.827	46.848	75.854	88.76	44.733	52.342	81.203	42.503
210315_154902_738168	log/mot17_0_6_100_100_lk_nofeat_tmpls2/active_cnn_r18_pt_lost_cnn_r18_pt/test_batch_2_acc0/MOT17_0_6_100_100	19.939	36.603	11.078	40.633	71.199	12.513	55.631	86.758	21.083	25.313	72.201	18.276


## mot15
210207_150721_591689 :: x99:14.0:210207_150713_860153	log/no_ibt_mot15_0_10_100_100/lk_wrapper_tmpls2_svm_min10/MOT15_0_10_100_100/active_abs_lost_abs_tracked_abs_glob	85.776	77.907	94.564	78.804	98.016	95.262	98.976	99.616	86.31	87.565	99.3	86.952
210207_151406_144689 :: grs:14.0:210207_151358_997948	log/no_ibt_mot15_0_10_100_100/lk_wrapper_tmpls2_svm_min10/MOT15_0_10_100_100/active_oracle_lost_oracle_tracked_oracle_glob	40.9	37.6	44.886	42.728	60.109	48.577	67.285	76.203	43.726	64.071	63.34	40.582
210207_151411_367864 :: grs:13.0:210207_151359_062874	log/no_ibt_mot15_0_10_100_100/lk_wrapper_tmpls2_svm_min10/MOT15_0_10_100_100/active_pos_lost_pos_tracked_pos_glob	22.774	30.267	17.627	43.642	41.864	28.969	30.801	75.064	27.525	37.719	51.583	19.457
210207_151406_666909 :: grs:12.0:210207_151359_089708	log/no_ibt_mot15_0_10_100_100/lk_wrapper_tmpls2_svm_min10/MOT15_0_10_100_100/active_rand_lost_rand_tracked_rand_glob	12.81	23.258	7.3069	28.036	47.406	8.5134	46.498	75.013	14.142	21.54	49.532	10.669
210211_212158_680156 :: x99:15.0:210211_204418_057054	log/no_ibt_mot15_0_10_100_100/lk_wrapper_tmpls2_svm_min10/MOT15_0_10_100_100	33.335	34.038	33.112	42.249	52.256	41.569	56.175	76.291	37.283	52.079	57.643	30.02
210219_072250_579846 :: x99:15.1:210219_064840_159453	log/no_ibt_mot15_0_10_100_100_occ/lk_wrapper_tmpls2_svm_min10/MOT15_0_10_100_100	33.335	34.038	33.112	42.249	52.256	41.569	56.175	76.291	37.283	52.079	57.643	30.02
210211_114709_564029 :: x99:14.0:210211_074948_285643	log/mot15_0_10_100_100_lk_darpn_nofeat_m0_tmpls2_ctm_darpn_m0/active_cnn_r18_pt_lost_cnn_r18_pt/active_lost_batch_2_acc0/test/MOT15_0_10_100_100	31.667	32.023	31.867	40.286	50.227	37.973	57.939	76.078	35.675	50.19	54.836	27.522
210211_111113_528378 :: x99:14.1:210211_074948_285746	log/mot15_0_10_100_100_lk_darpn_nofeat2_m0_tmpls2_ctm_darpn_m0/lost_cnn_r18_pt_active_cnn_r18_pt/lost_active_batch_2_acc0/test/MOT15_0_10_100_100	32.609	33.522	32.138	38.439	58.268	37.872	61.188	76.644	35.034	49.301	62.123	30.627

## GT detections

### detrac
210305_024330_076190 :: grs:12.0:210304_232253_729516	log/no_ibt_detrac_0_9_100_100_rec_100_prec_100/lk_wrapper_tmpls2_svm_min10/DETRAC_60_99_100_100/rec_100_prec_100	86.926	86.182	87.837	87.558	90.562	89.061	91.546	93.169	87.688	96.83	92.528	89.595
210314_235641_174809 :: grs:12.1:210314_161142_445196	log/detrac_0_9_100_100_lk_nofeat2_32_tmpls2_rec_100_prec_100/active_cnn_r18_pt_lost_cnn_r18_pt/active_lost_batch_2_acc0/test/DETRAC_60_99_100_100/rec_100_prec_100	71.779	71.72	71.954	73.181	89.746	74.774	86.594	92.88	72.558	80.571	91.709	73.89
210315_095505_175248	log/detrac_0_9_100_100_lk_nofeat2_32_tmpls2_rec_100_prec_100/active_cnn_r18_pt_lost_cnn_r18_pt/test_batch_1_acc0/DETRAC_60_99_100_100/rec_100_prec_100	87.107	87.056	87.238	88.926	89.593	88.87	90.479	92.591	88.074	98.155	91.776	90.082
210315_104822_225059	log/detrac_0_9_100_100_lk_nofeat2_32_tmpls2_rec_100_prec_100/active_cnn_r18_pt_lost_cnn_r18_pt/test_batch_2_acc0/DETRAC_60_99_100_100/rec_100_prec_100	48.9	78.05	30.725	80.243	88.427	32.896	77.998	92.121	49.642	55.392	90.626	50.2
210315_105036_286751	log/detrac_0_9_100_100_lk_nofeat2_32_tmpls2_rec_100_prec_100/active_cnn_r18_pt_lost_cnn_r18_pt/test_batch_0/DETRAC_60_99_100_100/rec_100_prec_100	86.125	86.504	85.885	88.447	89.153	87.553	90.303	92.242	87.149	97.419	91.341	88.983

### mot17
210304_221605_133076 :: orca:12.0:210304_211849_294962	log/no_ibt_mot17_0_6_100_100_rec_100_prec_100/lk_wrapper_tmpls2_svm_min10/MOT17_0_6_100_100/rec_100_prec_100	73.184	84.964	63.108	87.786	89.69	69.948	74.991	93.18	74.426	82.957	91.666	76.043
210315_024656_590718    log/mot17_0_6_100_100_lk_nofeat2_32_tmpls2_rec_100_prec_100/active_cnn_r18_pt_lost_cnn_r18_pt/active_lost_batch_2_acc0/test/MOT17_0_6_100_100/rec_100_prec_100	67.579	80.469	56.821	85.202	86.917	63.723	73.2	92.269	69.576	78.221	89.916	70.333
210315_112532_915286	log/mot17_0_6_100_100_lk_nofeat2_32_tmpls2_rec_100_prec_100/active_cnn_r18_pt_lost_cnn_r18_pt/test_batch_0/MOT17_0_6_100_100/rec_100_prec_100	66.312	76.231	57.761	82.601	83.592	61.005	80.922	90.654	69.07	80.502	86.769	69.851
210315_113833_170468	log/mot17_0_6_100_100_lk_nofeat2_32_tmpls2_rec_100_prec_100/active_cnn_r18_pt_lost_cnn_r18_pt/test_batch_0/MOT17_0_6_100_100/rec_100_prec_100	66.312	76.231	57.761	82.601	83.592	61.005	80.922	90.654	69.07	80.502	86.769	69.851
210315_114738_184869	log/mot17_0_6_100_100_lk_nofeat2_32_tmpls2_rec_100_prec_100/active_cnn_r18_pt_lost_cnn_r18_pt/test_batch_1_acc0/MOT17_0_6_100_100/rec_100_prec_100	65.234	79.918	53.32	85.023	86.316	60.292	70.067	91.991	67.329	76.345	89.166	68.073
210315_114857_839253	log/mot17_0_6_100_100_lk_nofeat2_32_tmpls2_rec_100_prec_100/active_cnn_r18_pt_lost_cnn_r18_pt/test_batch_1_acc0/MOT17_0_6_100_100/rec_100_prec_100	65.234	79.918	53.32	85.023	86.316	60.292	70.067	91.991	67.329	76.345	89.166	68.073
210315_114928_769499	log/mot17_0_6_100_100_lk_nofeat2_32_tmpls2_rec_100_prec_100/active_cnn_r18_pt_lost_cnn_r18_pt/test_batch_2_acc0/MOT17_0_6_100_100/rec_100_prec_100	28.032	68.861	11.493	78.95	78.951	14.309	40.778	90.777	30.095	33.964	82.753	28.106
210315_145259_639753	log/mot17_0_6_100_100_lk_nofeat2_32_tmpls2_rec_100_prec_100/active_cnn_r18_pt_lost_cnn_r18_pt/test_batch_0/MOT17_0_6_100_100/rec_100_prec_100	66.312	76.231	57.761	82.601	83.592	61.006	80.922	90.654	69.07	80.506	86.769	69.855
210315_145315_153218	log/mot17_0_6_100_100_lk_nofeat2_32_tmpls2_rec_100_prec_100/active_cnn_r18_pt_lost_cnn_r18_pt/test_batch_1_acc0/MOT17_0_6_100_100/rec_100_prec_100	65.234	79.918	53.32	85.023	86.316	60.292	70.066	91.991	67.329	76.343	89.166	68.072
210315_145331_731150	log/mot17_0_6_100_100_lk_nofeat2_32_tmpls2_rec_100_prec_100/active_cnn_r18_pt_lost_cnn_r18_pt/test_batch_2_acc0/MOT17_0_6_100_100/rec_100_prec_100	28.032	68.861	11.493	78.95	78.951	14.309	40.779	90.777	30.095	33.966	82.753	28.108

### mot15
210206_141030_420712 :: orca:15.1:210206_121908_733602	log/no_ibt_mot17_0_6_100_100_rec_100_prec_100/lk_wrapper_tmpls2_svm_min10/MOT17_0_6_100_100/active_abs_lost_abs_tracked_abs_glob_rec_100_prec_100	93.387	87.573	99.587	87.79	99.691	99.739	99.768	99.906	93.503	93.828	99.897	93.731
210206_184115_480338 :: orca:14.1:210206_121908_868296	log/no_ibt_mot17_0_6_100_100_rec_100_prec_100/lk_wrapper_tmpls2_svm_min10/MOT17_0_6_100_100/active_oracle_lost_oracle_glob_rec_100_prec_100	71.286	77.648	65.527	83.424	84.574	69.655	80.988	90.896	73.932	87.085	86.788	75.579
210206_232230_016284 :: orca:14.1:210206_121909_035549	log/no_ibt_mot17_0_6_100_100_rec_100_prec_100/lk_wrapper_tmpls2_svm_min10/MOT17_0_6_100_100/active_pos_lost_pos_tracked_pos_glob_rec_100_prec_100	45.581	78.274	26.671	84.279	84.7	36.323	41.082	91.396	47.388	53.834	87.412	47.057
210206_215021_919462 :: orca:15.1:210206_121909_181125	log/no_ibt_mot17_0_6_100_100_rec_100_prec_100/lk_wrapper_tmpls2_svm_min10/MOT17_0_6_100_100/active_rand_lost_rand_tracked_rand_glob_rec_100_prec_100	22.431	62.46	8.0987	76.349	73.338	10.198	35.037	91.488	24.848	27.465	81.177	22.295
210304_215450_754954 :: x99:12.0:210304_212019_382441	log/no_ibt_mot15_0_10_100_100_rec_100_prec_100/lk_wrapper_tmpls2_svm_min10/MOT15_0_10_100_100/rec_100_prec_100	72.528	81.496	64.59	83.867	89.467	72.895	77.341	92.857	73.588	82.204	91.673	75.359

210316_223249_806292 :: x99:12.0:210316_214340_728825	log/mot15_0_10_100_100_lk_nofeat2_32_tmpls2_rec_100_prec_100/active_cnn_r18_pt_lost_cnn_r18_pt/active_lost_batch_0/test/MOT15_0_10_100_100/rec_100_prec_100	65.761	78.046	55.462	82.223	86.598	65.518	69.614	91.677	67.52	76.718	89.334	68.535
210316_220300_749583 :: x99:12.0:210316_214340_728825	log/mot15_0_10_100_100_lk_nofeat2_32_tmpls2_rec_100_prec_100/active_cnn_r18_pt_lost_cnn_r18_pt/test_batch_0/MOT15_0_10_100_100/rec_100_prec_100	73.541	75.08	72.108	79.999	84.66	75.774	85.292	90.512	75.942	88.429	87.262	77.165
210316_225102_778921 :: x99:12.0:210316_214340_728825	log/mot15_0_10_100_100_lk_nofeat2_32_tmpls2_rec_100_prec_100/active_cnn_r18_pt_lost_cnn_r18_pt/test_batch_1_acc0/MOT15_0_10_100_100/rec_100_prec_100	73.517	75.096	72.04	79.987	84.685	75.776	85.356	90.492	75.899	88.57	87.26	77.286
210317_180525_915671 :: x99:12.1:210317_115653_971080	log/mot15_0_10_100_100_lk_nofeat2_32_tmpls2_rec_100_prec_100/active_cnn_r18_pt_siam_lost_cnn_r18_pt_siam/active_lost_batch_1_acc0/test/MOT15_0_10_100_100/rec_100_prec_100	45.066	66.429	30.63	71.347	83.625	35.617	66.355	90.964	46.746	53.456	86.46	46.218

### GT tracker

210328_230611_879756 :: grs:13.0:210328_170044_230288	log/mot17_0_6_100_100_gtt_nofeat2_32_tmpls2_rec_100_prec_100/active_cnn_r18_pt_lost_cnn_r18_pt/active_lost_batch_2_acc0/test/MOT17_0_6_100_100/rec_100_prec_100	81.993	80.882	83.123	81.349	99.261	83.434	99.059	99.851	82.231	82.674	99.524	82.28

#### dummy - 60,80,100

#### DETRAC_20_29_100_100

abs-210417_101444_055631 :: x99:12.1:210417_101223_755078	log/no_ibt_detrac_0_9_100_100_rec_60_prec_60/gtt_tmpls1/DETRAC_20_29_100_100/active_abs_lost_abs_tracked_abs_glob_rec_60_prec_60	93.911	93.318	95.008	98.018	97.049	0.000	98.999	576.000	570.000	83957.000	82299.000	15750.000	93.352	95.233	95.462	96.297	99.896	93.956	98.567	99.887	98.455	7.000	1.389	98.999	99.996	98.022	82296.000	1661.000	3.000	98.018	98.022	99.996	559.000	9.000	8.000	1.562	0.000	82296.000	3.000	1661.000	0.000	0.071	99.888
rel-210417_101602_398017 :: x99:13.1:210417_101223_755168	log/no_ibt_detrac_0_9_100_100_rec_60_prec_60/gtt_tmpls1/DETRAC_20_29_100_100/active_oracle_lost_oracle_tracked_oracle_glob_rec_60_prec_60	60.964	65.675	56.644	58.531	39.757	2540.000	65.651	576.000	918.000	83957.000	76329.000	15750.000	73.836	81.215	60.378	81.03	93.733	64.67	76.491	84.694	64.783	6634.000	1.042	79.863	68.932	62.669	52615.000	31342.000	23714.000	61.552	76.235	83.854	229.000	341.000	6.000	59.201	0.782	64005.000	12324.000	19952.000	33.318	87.020	95.728
pos-210417_101710_660749 :: x99:14.1:210417_101223_755212	log/no_ibt_detrac_0_9_100_100_rec_60_prec_60/gtt_tmpls1/DETRAC_20_29_100_100/active_pos_lost_pos_tracked_pos_glob_rec_60_prec_60	61.706	66.131	57.632	59.160	39.757	2439.000	66.795	576.000	896.000	83957.000	76684.000	15750.000	74.304	81.351	61.474	80.909	93.75	65.439	77.299	84.887	65.617	6637.000	0.868	80.174	69.962	63.902	53650.000	30307.000	23034.000	62.061	76.701	83.976	229.000	342.000	5.000	59.375	0.780	64396.000	12288.000	19561.000	31.799	86.531	95.724
rnd-210417_101806_197882 :: x99:15.1:210417_101223_755246	log/no_ibt_detrac_0_9_100_100_rec_60_prec_60/gtt_tmpls1/DETRAC_20_29_100_100/active_rand_lost_rand_tracked_rand_glob_rec_60_prec_60	20.825	36.265	11.968	26.128	8.333	3798.000	17.584	576.000	2976.000	83957.000	42340.000	15750.000	39.382	78.092	12.513	79.403	93.408	21.708	25.513	82.505	21.05	4930.000	25.868	53.900	26.226	13.226	11104.000	72853.000	31236.000	30.647	40.541	80.390	48.000	379.000	149.000	65.799	0.527	34037.000	8303.000	49920.000	93.683	121.605	95.317

210417_101540_571703 :: orca:12.1:210417_101334_978503	log/no_ibt_detrac_0_9_100_100_rec_80_prec_80/gtt_tmpls1/DETRAC_20_29_100_100/active_abs_lost_abs_tracked_abs_glob_rec_80_prec_80	94.219	93.581	95.349	98.284	97.222	0.000	99.134	576.000	570.000	83955.000	82520.000	15750.000	93.61	95.238	95.792	96.282	99.959	94.261	98.88	99.954	98.834	7.000	1.389	99.134	99.996	98.287	82517.000	1438.000	3.000	98.284	98.287	99.996	560.000	8.000	8.000	1.389	0.000	82517.000	3.000	1438.000	0.000	0.071	99.955
210417_101637_354635 :: orca:13.1:210417_101334_978541	log/no_ibt_detrac_0_9_100_100_rec_80_prec_80/gtt_tmpls1/DETRAC_20_29_100_100/active_oracle_lost_oracle_tracked_oracle_glob_rec_80_prec_80	78.585	81.277	75.994	83.118	79.167	1358.000	84.542	576.000	737.000	83955.000	79796.000	15750.000	85.449	89.902	78.582	89.054	96.439	80.583	89.084	92.868	82.73	3084.000	0.521	92.174	86.745	82.448	69219.000	14736.000	10577.000	84.732	89.891	94.576	456.000	117.000	3.000	20.312	0.275	75468.000	4328.000	8487.000	15.107	34.308	97.008
210417_101718_552922 :: orca:14.1:210417_101334_978555	log/no_ibt_detrac_0_9_100_100_rec_80_prec_80/gtt_tmpls1/DETRAC_20_29_100_100/active_pos_lost_pos_tracked_pos_glob_rec_80_prec_80	79.177	81.836	76.616	83.707	79.514	1349.000	85.280	576.000	731.000	83955.000	80181.000	15750.000	85.967	90.013	79.253	89.062	96.441	81.156	89.752	92.967	83.44	3070.000	0.521	92.488	87.288	83.364	69988.000	13967.000	10193.000	85.310	90.409	94.665	458.000	115.000	3.000	19.965	0.272	75903.000	4278.000	8052.000	14.921	33.957	97.008
210417_101919_418221 :: orca:15.1:210417_101334_978568	log/no_ibt_detrac_0_9_100_100_rec_80_prec_80/gtt_tmpls1/DETRAC_20_29_100_100/active_rand_lost_rand_tracked_rand_glob_rec_80_prec_80	26.327	50.65	13.689	42.919	17.535	4639.000	22.159	576.000	3559.000	83955.000	56404.000	15750.000	55.204	82.169	14.195	83.269	95.575	27.488	30.708	87.66	26.918	4622.000	7.465	69.163	27.571	18.523	15551.000	68404.000	40853.000	48.441	57.814	86.054	101.000	432.000	43.000	75.000	0.499	48538.000	7866.000	35417.000	80.240	79.946	96.536

210417_101626_388350 :: grs:12.1:210417_101415_668346	log/no_ibt_detrac_0_9_100_100_rec_100_prec_100/gtt_tmpls1/DETRAC_20_29_100_100/active_abs_lost_abs_tracked_abs_glob_rec_100_prec_100	94.775	94.474	95.554	99.223	97.743	0.000	99.610	576.000	572.000	83955.000	83307.000	15750.000	94.504	95.239	95.988	96.261	99.958	94.818	99.465	99.954	99.42	7.000	0.694	99.610	99.998	99.226	83305.000	650.000	2.000	99.223	99.226	99.998	563.000	9.000	4.000	1.562	0.000	83305.000	2.000	650.000	0.000	0.071	99.954
210417_101707_814299 :: grs:13.1:210417_101415_668439	log/no_ibt_detrac_0_9_100_100_rec_100_prec_100/gtt_tmpls1/DETRAC_20_29_100_100/active_oracle_lost_oracle_tracked_oracle_glob_rec_100_prec_100	92.553	92.36	92.75	97.690	95.312	23.000	98.435	576.000	585.000	83955.000	82145.000	15750.000	92.744	94.787	93	94.846	97.803	92.746	97.905	97.616	95.572	59.000	0.521	98.846	99.519	97.374	81750.000	2205.000	395.000	97.716	97.781	99.935	549.000	24.000	3.000	4.167	0.003	82092.000	53.000	1863.000	0.235	0.603	97.680
210417_101708_423090 :: grs:14.1:210417_101415_668473	log/no_ibt_detrac_0_9_100_100_rec_100_prec_100/gtt_tmpls1/DETRAC_20_29_100_100/active_pos_lost_pos_tracked_pos_glob_rec_100_prec_100	92.552	92.36	92.747	97.688	95.312	24.000	98.433	576.000	585.000	83955.000	82146.000	15750.000	92.744	94.786	92.997	94.843	97.803	92.745	97.903	97.615	95.569	59.000	0.521	98.846	99.517	97.372	81749.000	2206.000	397.000	97.715	97.781	99.934	549.000	24.000	3.000	4.167	0.003	82092.000	54.000	1863.000	0.245	0.603	97.680
210417_102053_796445 :: grs:15.1:210417_101415_668504	log/no_ibt_detrac_0_9_100_100_rec_100_prec_100/gtt_tmpls1/DETRAC_20_29_100_100/active_rand_lost_rand_tracked_rand_glob_rec_100_prec_100	34.459	66.799	17.785	61.129	43.229	5330.000	28.768	576.000	3662.000	83955.000	74937.000	15750.000	74.249	83.184	18.412	84.795	96.853	36.337	38.903	89.376	34.77	3026.000	1.389	82.816	30.499	27.223	22855.000	61100.000	52082.000	67.473	78.368	87.799	249.000	319.000	8.000	55.382	0.581	65794.000	9143.000	18161.000	68.012	38.613	97.274

#### MOT15_0_10_100_100

abs-210417_101613_814303 :: x99:12.1:210417_101223_821123	log/no_ibt_mot15_0_10_100_100_rec_60_prec_60/gtt_tmpls1/MOT15_0_10_100_100/active_abs_lost_abs_tracked_abs_glob_rec_60_prec_60	89.737	84.043	95.935	85.856	69.400	0.000	92.394	500.000	390.000	39905.000	34295.000	5500.000	84.693	98.548	96.233	99.422	99.81	90.127	91.141	99.759	90.921	10.000	22.400	92.394	99.950	85.899	34278.000	5627.000	17.000	85.856	85.899	99.950	347.000	41.000	112.000	8.200	0.003	34278.000	17.000	5627.000	0.000	0.116	99.793
rel-210417_101815_342245 :: x99:13.1:210417_101223_821217	log/no_ibt_mot15_0_10_100_100_rec_60_prec_60/gtt_tmpls1/MOT15_0_10_100_100/active_oracle_lost_oracle_tracked_oracle_glob_rec_60_prec_60	42.217	51.457	34.759	34.136	15.200	3593.000	45.467	500.000	648.000	39905.000	31263.000	5500.000	60.016	76.606	40.163	62.121	94.199	45.656	54.28	78.264	42.482	4936.000	15.400	68.118	51.751	40.544	16179.000	23726.000	15084.000	43.131	60.742	77.533	76.000	347.000	77.000	69.400	1.277	24239.000	7024.000	15666.000	59.152	81.262	96.431
pos-210417_101954_574546 :: x99:14.1:210417_101223_821268	log/no_ibt_mot15_0_10_100_100_rec_60_prec_60/gtt_tmpls1/MOT15_0_10_100_100/active_pos_lost_pos_tracked_pos_glob_rec_60_prec_60	42.02	51.148	34.649	33.497	15.200	3608.000	45.094	500.000	652.000	39905.000	31355.000	5500.000	59.839	76.156	40.157	61.64	94.06	45.516	54.271	77.881	42.267	5001.000	15.000	67.822	51.242	40.263	16067.000	23838.000	15288.000	42.530	60.556	77.069	76.000	349.000	75.000	69.800	1.307	24165.000	7190.000	15740.000	59.581	82.584	96.405
rnd-210417_102213_510213 :: x99:15.1:210417_101223_821313	log/no_ibt_mot15_0_10_100_100_rec_60_prec_60/gtt_tmpls1/MOT15_0_10_100_100/active_rand_lost_rand_tracked_rand_glob_rec_60_prec_60	19.815	35.378	11.137	18.552	2.800	3687.000	18.556	500.000	1235.000	39905.000	20484.000	5500.000	39.242	76.448	12.705	55.656	93.444	20.892	24.682	78.153	19.29	4275.000	34.400	52.284	27.353	14.041	5603.000	34302.000	14881.000	27.782	39.561	77.070	14.000	314.000	172.000	62.800	0.854	15787.000	4697.000	24118.000	93.197	108.060	95.511

210417_101705_355806 :: orca:12.1:210417_101335_012778	log/no_ibt_mot15_0_10_100_100_rec_80_prec_80/gtt_tmpls1/MOT15_0_10_100_100/active_abs_lost_abs_tracked_abs_glob_rec_80_prec_80	90.214	84.937	95.957	87.200	70.800	1.000	93.154	500.000	400.000	39905.000	34902.000	5500.000	85.851	98.157	96.367	99.22	99.559	90.749	92.091	99.396	91.534	21.000	20.400	93.173	99.831	87.315	34843.000	5062.000	59.000	87.202	87.332	99.851	354.000	44.000	102.000	8.800	0.009	34850.000	52.000	5055.000	0.011	0.240	99.480
210417_101821_776892 :: orca:13.1:210417_101335_012835	log/no_ibt_mot15_0_10_100_100_rec_80_prec_80/gtt_tmpls1/MOT15_0_10_100_100/active_oracle_lost_oracle_tracked_oracle_glob_rec_80_prec_80	61.565	65.564	57.956	60.180	39.200	2211.000	65.976	500.000	526.000	39905.000	32606.000	5500.000	71.606	87.636	62.964	80.368	96.711	64.398	70.677	88.907	62.837	3049.000	13.400	81.135	73.361	59.942	23920.000	15985.000	8686.000	65.713	73.715	90.217	196.000	237.000	67.000	47.400	0.580	29416.000	3190.000	10489.000	29.994	41.362	97.518
210417_101925_625883 :: orca:14.1:210417_101335_012860	log/no_ibt_mot15_0_10_100_100_rec_80_prec_80/gtt_tmpls1/MOT15_0_10_100_100/active_pos_lost_pos_tracked_pos_glob_rec_80_prec_80	61.583	65.544	58.007	60.246	39.000	2188.000	66.145	500.000	521.000	39905.000	32633.000	5500.000	71.619	87.579	63.037	80.589	96.705	64.433	70.745	88.825	62.839	3038.000	13.400	81.146	73.515	60.118	23990.000	15915.000	8643.000	65.720	73.753	90.188	195.000	238.000	67.000	47.600	0.582	29431.000	3202.000	10474.000	29.667	41.192	97.528
210417_102204_399982 :: orca:15.1:210417_101335_012882	log/no_ibt_mot15_0_10_100_100_rec_80_prec_80/gtt_tmpls1/MOT15_0_10_100_100/active_rand_lost_rand_tracked_rand_glob_rec_80_prec_80	27.022	47.171	15.519	29.706	9.200	5132.000	26.091	500.000	1338.000	39905.000	26592.000	5500.000	53.059	79.623	17.88	58.176	94.844	28.685	32.406	81.96	26.56	4299.000	23.200	65.534	32.623	21.739	8675.000	31230.000	17917.000	42.557	54.602	81.938	46.000	338.000	116.000	67.600	0.873	21789.000	4803.000	18116.000	93.989	78.733	95.971

210417_101744_319726 :: grs:12.1:210417_101415_717242	log/no_ibt_mot15_0_10_100_100_rec_100_prec_100/gtt_tmpls1/MOT15_0_10_100_100/active_abs_lost_abs_tracked_abs_glob_rec_100_prec_100	91.516	86.771	96.632	88.598	73.800	0.000	93.965	500.000	410.000	39905.000	35493.000	5500.000	87.563	98.447	97.028	99.293	99.8	91.975	92.961	99.694	92.676	55.000	18.400	93.965	99.806	88.771	35424.000	4481.000	69.000	88.598	88.771	99.806	369.000	39.000	92.000	7.800	0.013	35424.000	69.000	4481.000	0.000	0.620	99.786
210417_101845_051108 :: grs:13.1:210417_101415_717352	log/no_ibt_mot15_0_10_100_100_rec_100_prec_100/gtt_tmpls1/MOT15_0_10_100_100/active_oracle_lost_oracle_tracked_oracle_glob_rec_100_prec_100	81.015	78.985	83.243	79.922	60.600	345.000	85.296	500.000	449.000	39905.000	33196.000	5500.000	80.662	96.964	84.32	96.383	99.319	81.918	83.519	97.937	81.796	327.000	16.200	89.512	93.915	78.126	31176.000	8729.000	2020.000	80.781	81.987	98.557	303.000	116.000	81.000	23.200	0.087	32717.000	479.000	7188.000	4.208	3.988	99.452
210417_101845_857223 :: grs:14.1:210417_101415_717388	log/no_ibt_mot15_0_10_100_100_rec_100_prec_100/gtt_tmpls1/MOT15_0_10_100_100/active_pos_lost_pos_tracked_pos_glob_rec_100_prec_100	81.015	78.985	83.243	79.922	60.600	345.000	85.296	500.000	449.000	39905.000	33196.000	5500.000	80.662	96.964	84.32	96.383	99.319	81.918	83.519	97.937	81.796	327.000	16.200	89.512	93.915	78.126	31176.000	8729.000	2020.000	80.781	81.987	98.557	303.000	116.000	81.000	23.200	0.087	32717.000	479.000	7188.000	4.208	3.988	99.452
210417_102519_815509 :: grs:15.1:210417_101415_717428	log/no_ibt_mot15_0_10_100_100_rec_100_prec_100/gtt_tmpls1/MOT15_0_10_100_100/active_rand_lost_rand_tracked_rand_glob_rec_100_prec_100	34.127	57.41	20.341	40.444	21.000	5910.000	33.473	500.000	1312.000	39905.000	31699.000	5500.000	65.096	81.948	23.561	62.784	96.303	36.372	39.865	85.049	33.904	3434.000	14.800	75.063	37.806	30.031	11984.000	27921.000	19715.000	55.244	67.345	84.779	105.000	321.000	74.000	64.200	0.877	26874.000	4825.000	13031.000	87.757	50.991	97.192

#### MOT17_0_6_100_100

210417_101844_555904 :: x99:12.1:210417_101223_866750	log/no_ibt_mot17_0_6_100_100_rec_60_prec_60/gtt_tmpls1/MOT17_0_6_100_100/active_abs_lost_abs_tracked_abs_glob_rec_60_prec_60	93.743	90.975	96.596	91.500	73.260	0.000	95.562	546.000	478.000	112295.000	102774.000	5316.000	91.223	99.674	96.737	99.765	99.901	93.871	94.186	99.889	94.082	4.000	13.553	95.562	99.988	91.511	102762.000	9533.000	12.000	91.500	91.511	99.988	400.000	72.000	74.000	13.187	0.002	102762.000	12.000	9533.000	0.000	0.044	99.891
210417_102224_568433 :: x99:13.1:210417_101223_866845	log/no_ibt_mot17_0_6_100_100_rec_60_prec_60/gtt_tmpls1/MOT17_0_6_100_100/active_oracle_lost_oracle_tracked_oracle_glob_rec_60_prec_60	41.904	52.468	33.578	36.645	12.454	10451.000	43.147	546.000	1226.000	112295.000	85246.000	5316.000	60.121	79.197	38.558	62.964	94.839	44.913	51.773	79.418	41.117	14542.000	7.326	69.276	49.993	37.951	42617.000	69678.000	42629.000	45.949	60.932	80.267	68.000	438.000	40.000	80.220	3.164	68424.000	16822.000	43871.000	171.518	238.658	96.998
210417_102455_937081 :: x99:14.1:210417_101223_866899	log/no_ibt_mot17_0_6_100_100_rec_60_prec_60/gtt_tmpls1/MOT17_0_6_100_100/active_pos_lost_pos_tracked_pos_glob_rec_60_prec_60	42.043	52.397	33.852	36.574	12.637	10205.000	43.160	546.000	1231.000	112295.000	85310.000	5316.000	60.078	79.081	38.881	63.191	94.779	45.078	51.985	79.246	41.196	14544.000	7.875	69.121	49.986	37.974	42643.000	69652.000	42667.000	45.658	60.816	80.053	69.000	434.000	43.000	79.487	3.201	68293.000	17017.000	44002.000	167.802	239.149	96.959
210417_102823_806400 :: x99:15.1:210417_101223_866946	log/no_ibt_mot17_0_6_100_100_rec_60_prec_60/gtt_tmpls1/MOT17_0_6_100_100/active_rand_lost_rand_tracked_rand_glob_rec_60_prec_60	14.934	38.248	5.8437	17.457	3.297	14194.000	13.185	546.000	2990.000	112295.000	61801.000	5316.000	42.602	77.41	6.6628	47.628	93.794	15.773	18.555	77.718	14.42	14600.000	18.498	54.911	18.571	10.220	11477.000	100818.000	50324.000	30.093	42.566	77.343	18.000	427.000	101.000	78.205	2.634	47799.000	14002.000	64496.000	333.462	343.000	95.622

210417_101919_441527 :: orca:12.1:210417_101335_052620	log/no_ibt_mot17_0_6_100_100_rec_80_prec_80/gtt_tmpls1/MOT17_0_6_100_100/active_abs_lost_abs_tracked_abs_glob_rec_80_prec_80	93.987	91.156	96.908	91.706	74.359	0.000	95.674	546.000	479.000	112295.000	102991.000	5316.000	91.408	99.666	97.066	99.746	99.901	94.118	94.461	99.889	94.357	4.000	13.187	95.674	99.995	91.710	102986.000	9309.000	5.000	91.706	91.710	99.995	406.000	68.000	72.000	12.454	0.001	102986.000	5.000	9309.000	0.000	0.044	99.891
210417_102147_335583 :: orca:13.1:210417_101335_052679	log/no_ibt_mot17_0_6_100_100_rec_80_prec_80/gtt_tmpls1/MOT17_0_6_100_100/active_oracle_lost_oracle_tracked_oracle_glob_rec_80_prec_80	58.714	64.722	53.308	58.262	36.996	6257.000	61.858	546.000	889.000	112295.000	90956.000	5316.000	70.928	87.568	58.714	79.867	97.225	61.487	67.472	87.927	59.326	9279.000	7.692	80.018	69.115	55.981	62864.000	49431.000	28092.000	63.830	72.416	89.405	202.000	302.000	42.000	55.311	1.813	81319.000	9637.000	30976.000	86.404	128.136	98.291
210417_102328_293741 :: orca:14.1:210417_101335_052702	log/no_ibt_mot17_0_6_100_100_rec_80_prec_80/gtt_tmpls1/MOT17_0_6_100_100/active_pos_lost_pos_tracked_pos_glob_rec_80_prec_80	58.474	64.8	52.813	58.125	36.813	6383.000	61.124	546.000	918.000	112295.000	91186.000	5316.000	71.058	87.507	58.149	79.866	97.207	61.257	67.168	87.866	59.018	9367.000	7.692	80.027	68.199	55.379	62188.000	50107.000	28998.000	63.805	72.505	89.290	201.000	303.000	42.000	55.495	1.837	81420.000	9766.000	30875.000	88.035	129.190	98.292
210417_102815_056212 :: orca:15.1:210417_101335_052723	log/no_ibt_mot17_0_6_100_100_rec_80_prec_80/gtt_tmpls1/MOT17_0_6_100_100/active_rand_lost_rand_tracked_rand_glob_rec_80_prec_80	23	50.013	10.599	27.453	7.509	18117.000	21.612	546.000	2934.000	112295.000	81361.000	5316.000	57.162	78.895	12.602	51.948	95.111	24.608	28.231	79.314	22.391	14148.000	11.355	67.287	25.720	18.635	20926.000	91369.000	60435.000	43.582	58.020	80.079	41.000	443.000	62.000	81.136	3.049	65153.000	16208.000	47142.000	312.257	243.849	96.650

210417_101951_691580 :: grs:12.1:210417_101415_770869	log/no_ibt_mot17_0_6_100_100_rec_100_prec_100/gtt_tmpls1/MOT17_0_6_100_100/active_abs_lost_abs_tracked_abs_glob_rec_100_prec_100	94.501	92.121	96.944	92.669	75.092	0.000	96.195	546.000	483.000	112295.000	104073.000	5316.000	92.375	99.672	97.098	99.752	99.901	94.632	94.969	99.89	94.865	4.000	12.454	96.195	99.995	92.674	104068.000	8227.000	5.000	92.669	92.674	99.995	410.000	68.000	68.000	12.454	0.001	104068.000	5.000	8227.000	0.000	0.043	99.892
210417_102142_682199 :: grs:13.1:210417_101415_770958	log/no_ibt_mot17_0_6_100_100_rec_100_prec_100/gtt_tmpls1/MOT17_0_6_100_100/active_oracle_lost_oracle_tracked_oracle_glob_rec_100_prec_100	81.981	80.812	83.17	81.089	58.608	278.000	83.711	546.000	605.000	112295.000	91963.000	5316.000	81.283	99.254	83.485	98.978	99.853	82.221	82.659	99.516	82.26	327.000	13.187	89.739	92.965	76.133	85493.000	26802.000	6470.000	81.334	81.615	99.660	320.000	154.000	72.000	28.205	0.059	91650.000	313.000	20645.000	3.406	4.007	99.878
210417_102144_589130 :: grs:14.1:210417_101415_770995	log/no_ibt_mot17_0_6_100_100_rec_100_prec_100/gtt_tmpls1/MOT17_0_6_100_100/active_pos_lost_pos_tracked_pos_glob_rec_100_prec_100	81.981	80.812	83.17	81.089	58.608	278.000	83.711	546.000	605.000	112295.000	91963.000	5316.000	81.283	99.254	83.485	98.978	99.853	82.221	82.659	99.516	82.26	327.000	13.187	89.739	92.965	76.133	85493.000	26802.000	6470.000	81.334	81.615	99.660	320.000	154.000	72.000	28.205	0.059	91650.000	313.000	20645.000	3.406	4.007	99.878
210417_103220_037155 :: grs:15.1:210417_101415_771024	log/no_ibt_mot17_0_6_100_100_rec_100_prec_100/gtt_tmpls1/MOT17_0_6_100_100/active_rand_lost_rand_tracked_rand_glob_rec_100_prec_100	34.127	59.85	19.507	38.929	30.586	19905.000	33.302	546.000	2602.000	112295.000	97290.000	5316.000	69.573	80.304	22.593	59.27	96.285	36.827	40.429	81.38	32.901	10418.000	9.158	76.776	35.870	31.077	34898.000	77397.000	62392.000	56.651	71.646	82.696	167.000	329.000	50.000	60.256	3.167	80455.000	16835.000	31840.000	277.824	145.409	97.584

### ID tracker

## lk_gt


210603_044440_301317 :: grs:15.0:210602_221012_167991	log/detrac_0_9_100_100_lk_nofeat2_64_gt_tmpls1/active_cnn_r18_pt_lost_cnn_r18_pt/active_lost_batch_0/test/DETRAC_20_29_100_100/glob	42.979	34.017	55.411	-19.410	60.590	573.000	44.949	576.000	2412.000	83955.000	128017.000	15750.000	61.307	40.206	61.706	76.12	83.561	57.974	58.454	64.997	37.993	849.000	9.375	52.976	37.214	56.745	47640.000	36315.000	80377.000	-18.731	66.877	43.859	349.000	173.000	54.000	30.035	4.563	56147.000	71870.000	27808.000	8.568	12.695	84.912
210602_234024_696124 :: grs:15.1:210602_221012_148668	log/no_ibt_detrac_0_9_100_100/lk_wrapper_gt_tmpls1_svm_min100_max50/DETRAC_20_29_100_100	49.455	47.861	51.805	36.344	68.576	1895.000	57.129	576.000	1112.000	83955.000	90308.000	15750.000	64.053	59.547	60.171	68.533	85.701	57.438	64.556	71.616	46.233	1979.000	2.951	70.420	55.119	59.290	49777.000	34178.000	40531.000	38.598	73.084	67.943	395.000	164.000	17.000	28.472	1.838	61358.000	28950.000	22597.000	25.929	27.078	85.662

210603_010453_690792 :: x99:16.0:210602_221125_031067	log/mot15_0_10_100_100_lk_nofeat2_64_darpn_nofeat2_64_gt_m0_tmpls1_ctm_darpn_m0/active_cnn_r18_pt_lost_cnn_r18_pt/active_lost_batch_0/test/MOT15_0_10_100_100	40.246	39.009	42.025	40.155	22.400	1000.000	50.900	500.000	468.000	39905.000	26802.000	5500.000	44.112	65.677	48.717	62.555	81.374	42.944	56.392	67.236	37.915	1076.000	39.400	65.699	63.342	42.544	16977.000	22928.000	9825.000	42.654	54.913	81.759	112.000	191.000	197.000	38.200	0.889	21913.000	4889.000	17992.000	18.211	19.595	79.059
210602_230325_819406 :: x99:15.0:210602_221124_996755	log/no_ibt_mot15_0_10_100_100/lk_wrapper_gt_tmpls1_svm_min100_max50/MOT15_0_10_100_100	38.003	36.316	40.165	34.189	19.600	390.000	47.302	500.000	674.000	39905.000	26109.000	5500.000	41.827	63.929	44.731	75.484	82.9	40.894	51.109	67.538	34.518	665.000	42.600	60.808	59.799	39.125	15613.000	24292.000	10496.000	35.160	50.297	76.874	98.000	189.000	213.000	37.800	1.098	20071.000	6038.000	19834.000	7.754	13.221	81.331

210603_012515_490038 :: x99:16.1:210602_221125_031150	log/mot17_0_6_100_100_lk_nofeat2_64_darpn_nofeat2_64_gt_m0_tmpls1_ctm_darpn_m0/active_cnn_r18_pt_lost_cnn_r18_pt/active_lost_batch_0/test/MOT17_0_6_100_100	46.864	46.392	47.584	48.036	25.092	2008.000	53.600	546.000	687.000	112295.000	67202.000	5316.000	49.529	82.763	51.747	77.264	92.069	48.491	54.422	84.214	45.831	1433.000	27.839	68.610	71.583	42.838	48105.000	64190.000	19097.000	49.821	54.834	91.628	137.000	257.000	152.000	47.070	1.058	61576.000	5626.000	50719.000	36.620	26.133	91.367
210602_231442_951182 :: x99:13.0:210602_221125_059042	log/mot17_dpm_0_6_100_100_lk_nofeat2_64_darpn_nofeat2_64_gt_m0_tmpls1_ctm_darpn_m0/active_cnn_r18_pt_lost_cnn_r18_pt/dtest_batch_0	57.242	56.395	58.303	63.018	35.348	2524.000	67.315	546.000	703.000	112295.000	80820.000	5316.000	59.753	83.024	61.8	79.829	89.949	59	68.134	84.62	57.655	1449.000	22.344	79.802	80.423	57.881	64998.000	47297.000	15822.000	65.263	68.618	95.341	193.000	231.000	122.000	42.308	0.708	77055.000	3765.000	35240.000	36.783	21.117	88.663
210603_044614_093580 :: x99:13.1:210602_221125_059093	log/mot17_sdp_0_6_100_100_lk_nofeat2_64_darpn_nofeat2_64_gt_m0_tmpls1_ctm_darpn_m0/active_cnn_r18_pt_lost_cnn_r18_pt/active_lost_batch_0/test/MOT17_DPM_0_6_100_100	35.116	34.17	36.38	36.105	10.073	2626.000	42.427	546.000	731.000	112295.000	55682.000	5316.000	36.556	73.724	40.601	66.337	84.833	36.399	45.21	74.824	33.828	2181.000	45.238	58.849	63.996	31.732	35634.000	76661.000	20048.000	38.440	44.014	88.765	55.000	244.000	247.000	44.689	1.177	49426.000	6256.000	62869.000	59.662	49.552	83.096

210602_233117_257765 :: x99:15.1:210602_221124_996845	log/no_ibt_mot17_0_6_100_100/lk_wrapper_gt_tmpls1_svm_min100_max50/MOT17_0_6_100_100	47.572	46.492	48.796	47.760	23.443	468.000	52.809	546.000	858.000	112295.000	63846.000	5316.000	48.819	85.865	49.539	91.775	94.012	48.782	52.859	87.385	46.191	610.000	32.234	66.961	72.846	41.417	46509.000	65786.000	17337.000	48.174	52.516	92.368	128.000	242.000	176.000	44.322	0.917	58973.000	4873.000	53322.000	8.912	11.615	93.943
210602_233348_287599 :: grs:14.1:210602_221012_184542	log/no_ibt_mot17_dpm_0_6_100_100_occ/lk_wrapper_gt_tmpls1_svm_min100_max50/MOT17_DPM_0_6_100_100	29.504	30.075	29.605	24.318	9.707	2051.000	32.850	546.000	947.000	112295.000	60711.000	5316.000	34.135	63.138	35.397	57.441	83.127	31.567	39.513	63.761	25.193	2100.000	46.703	52.062	46.805	25.305	28416.000	83879.000	32295.000	26.142	40.104	74.179	53.000	238.000	255.000	43.590	2.949	45035.000	15676.000	67260.000	51.142	52.364	82.567
210602_232354_341671 :: grs:14.0:210602_221012_184399	log/no_ibt_mot17_sdp_0_6_100_100/lk_wrapper_gt_tmpls1_svm_min100_max50/MOT17_SDP_0_6_100_100	52.389	54.162	50.796	59.371	31.502	599.000	59.834	546.000	952.000	112295.000	76110.000	5316.000	57.035	84.151	52.179	88.006	91.322	53.808	60.585	85.769	51.963	853.000	28.388	76.102	74.057	50.194	56365.000	55930.000	19745.000	59.902	63.841	94.193	172.000	219.000	155.000	40.110	0.831	71690.000	4420.000	40605.000	9.383	13.361	90.619









































