210205_210551_893692 :: grs:12.0:210205_210541_206769	log/no_ibt_mot17_0_6_100_100_rec_50_prec_50/lk_wrapper_tmpls2_svm_min10/MOT17_0_6_100_100/active_abs_lost_abs_tracked_abs_glob_rec_50_prec_50	93.504	88.13	99.207	88.352	99.687	99.354	99.771	99.905	93.622	93.945	99.894	93.845
210205_210551_908398 :: grs:12.1:210205_210541_207005	log/no_ibt_mot17_0_6_100_100_rec_50_prec_60/lk_wrapper_tmpls2_svm_min10/MOT17_0_6_100_100/active_abs_lost_abs_tracked_abs_glob_rec_50_prec_60	94.002	89.172	99.095	89.402	99.683	99.253	99.758	99.907	94.124	94.46	99.896	94.361
210205_210551_827698 :: grs:12.2:210205_210541_207223	log/no_ibt_mot17_0_6_100_100_rec_50_prec_70/lk_wrapper_tmpls2_svm_min10/MOT17_0_6_100_100/active_abs_lost_abs_tracked_abs_glob_rec_50_prec_70	94.134	89.361	99.162	89.591	99.687	99.312	99.765	99.906	94.255	94.585	99.895	94.485
210205_210551_870862 :: grs:13.0:210205_210541_207371	log/no_ibt_mot17_0_6_100_100_rec_50_prec_80/lk_wrapper_tmpls2_svm_min10/MOT17_0_6_100_100/active_abs_lost_abs_tracked_abs_glob_rec_50_prec_80	93.444	88.078	99.139	88.284	99.711	99.275	99.791	99.912	93.554	93.848	99.901	93.756
210206_123251_081321 :: orca:15.0:210206_121908_733409	log/no_ibt_mot17_0_6_100_100_rec_50_prec_90/lk_wrapper_tmpls2_svm_min10/MOT17_0_6_100_100/active_abs_lost_abs_tracked_abs_glob_rec_50_prec_90	93.865	88.868	99.144	89.097	99.684	99.298	99.764	99.903	93.986	94.315	99.89	94.212
210206_123248_521440 :: orca:15.1:210206_121908_733557	log/no_ibt_mot17_0_6_100_100_rec_50_prec_100/lk_wrapper_tmpls2_svm_min10/MOT17_0_6_100_100/active_abs_lost_abs_tracked_abs_glob_rec_50_prec_100	93.817	88.779	99.143	89.009	99.68	99.298	99.76	99.904	93.939	94.273	99.893	94.172
210205_210721_769282 :: grs:12.0:210205_210541_206856	log/no_ibt_mot17_0_6_100_100_rec_60_prec_50/lk_wrapper_tmpls2_svm_min10/MOT17_0_6_100_100/active_abs_lost_abs_tracked_abs_glob_rec_60_prec_50	93.651	88.33	99.294	88.562	99.674	99.446	99.757	99.902	93.775	94.113	99.89	94.009
210205_210722_251986 :: grs:12.1:210205_210541_207027	log/no_ibt_mot17_0_6_100_100_rec_60_prec_60/lk_wrapper_tmpls2_svm_min10/MOT17_0_6_100_100/active_abs_lost_abs_tracked_abs_glob_rec_60_prec_60	94.08	89.154	99.28	89.386	99.683	99.43	99.766	99.901	94.203	94.534	99.888	94.429
210205_210724_502809 :: grs:12.2:210205_210541_207249	log/no_ibt_mot17_0_6_100_100_rec_60_prec_70/lk_wrapper_tmpls2_svm_min10/MOT17_0_6_100_100/active_abs_lost_abs_tracked_abs_glob_rec_60_prec_70	94.247	89.507	99.24	89.746	99.671	99.397	99.754	99.902	94.374	94.72	99.893	94.618
210205_210722_242995 :: grs:13.0:210205_210541_207392	log/no_ibt_mot17_0_6_100_100_rec_60_prec_80/lk_wrapper_tmpls2_svm_min10/MOT17_0_6_100_100/active_abs_lost_abs_tracked_abs_glob_rec_60_prec_80	93.697	88.445	99.263	88.675	99.679	99.414	99.761	99.904	93.82	94.151	99.893	94.05
210206_124918_150410 :: orca:15.0:210206_121908_733479	log/no_ibt_mot17_0_6_100_100_rec_60_prec_90/lk_wrapper_tmpls2_svm_min10/MOT17_0_6_100_100/active_abs_lost_abs_tracked_abs_glob_rec_60_prec_90	93.456	87.995	99.257	88.217	99.687	99.407	99.77	99.904	93.575	93.896	99.891	93.794
210206_124909_911595 :: orca:15.1:210206_121908_733569	log/no_ibt_mot17_0_6_100_100_rec_60_prec_100/lk_wrapper_tmpls2_svm_min10/MOT17_0_6_100_100/active_abs_lost_abs_tracked_abs_glob_rec_60_prec_100	93.456	88.011	99.24	88.239	99.677	99.39	99.76	99.903	93.578	93.909	99.889	93.805
210205_210847_639652 :: grs:12.0:210205_210541_206882	log/no_ibt_mot17_0_6_100_100_rec_70_prec_50/lk_wrapper_tmpls2_svm_min10/MOT17_0_6_100_100/active_abs_lost_abs_tracked_abs_glob_rec_70_prec_50	93.849	88.665	99.338	88.905	99.664	99.502	99.744	99.905	93.977	94.33	99.894	94.23
210205_210851_580269 :: grs:12.1:210205_210541_207044	log/no_ibt_mot17_0_6_100_100_rec_70_prec_60/lk_wrapper_tmpls2_svm_min10/MOT17_0_6_100_100/active_abs_lost_abs_tracked_abs_glob_rec_70_prec_60	93.742	88.421	99.384	88.643	99.689	99.531	99.769	99.909	93.86	94.184	99.9	94.089
210205_210850_439033 :: grs:12.2:210205_210541_207266	log/no_ibt_mot17_0_6_100_100_rec_70_prec_70/lk_wrapper_tmpls2_svm_min10/MOT17_0_6_100_100/active_abs_lost_abs_tracked_abs_glob_rec_70_prec_70	93.423	87.828	99.376	88.05	99.687	99.521	99.772	99.904	93.542	93.863	99.892	93.762
210205_210848_246038 :: grs:13.0:210205_210541_207408	log/no_ibt_mot17_0_6_100_100_rec_70_prec_80/lk_wrapper_tmpls2_svm_min10/MOT17_0_6_100_100/active_abs_lost_abs_tracked_abs_glob_rec_70_prec_80	93.238	87.479	99.378	87.695	99.692	99.52	99.775	99.908	93.354	93.67	99.898	93.574
210206_130928_789462 :: orca:15.0:210206_121908_733492	log/no_ibt_mot17_0_6_100_100_rec_70_prec_90/lk_wrapper_tmpls2_svm_min10/MOT17_0_6_100_100/active_abs_lost_abs_tracked_abs_glob_rec_70_prec_90	93.274	87.547	99.376	87.78	99.667	99.537	99.749	99.9	93.398	93.746	99.888	93.641
210206_130910_465470 :: orca:15.1:210206_121908_733578	log/no_ibt_mot17_0_6_100_100_rec_70_prec_100/lk_wrapper_tmpls2_svm_min10/MOT17_0_6_100_100/active_abs_lost_abs_tracked_abs_glob_rec_70_prec_100	94	88.901	99.394	89.131	99.68	99.549	99.758	99.908	94.122	94.458	99.897	94.361
210205_211015_852534 :: grs:12.0:210205_210541_206901	log/no_ibt_mot17_0_6_100_100_rec_80_prec_50/lk_wrapper_tmpls2_svm_min10/MOT17_0_6_100_100/active_abs_lost_abs_tracked_abs_glob_rec_80_prec_50	93.439	87.763	99.484	87.981	99.691	99.633	99.769	99.906	93.556	93.879	99.896	93.782
210205_211017_297768 :: grs:12.1:210205_210541_207063	log/no_ibt_mot17_0_6_100_100_rec_80_prec_60/lk_wrapper_tmpls2_svm_min10/MOT17_0_6_100_100/active_abs_lost_abs_tracked_abs_glob_rec_80_prec_60	93.384	87.646	99.5	87.857	99.7	99.641	99.779	99.908	93.498	93.808	99.899	93.713
210205_211016_447320 :: grs:12.2:210205_210541_207282	log/no_ibt_mot17_0_6_100_100_rec_80_prec_70/lk_wrapper_tmpls2_svm_min10/MOT17_0_6_100_100/active_abs_lost_abs_tracked_abs_glob_rec_80_prec_70	93.374	87.682	99.438	87.91	99.674	99.598	99.752	99.902	93.496	93.841	99.891	93.738
210205_211016_241209 :: grs:13.0:210205_210541_207431	log/no_ibt_mot17_0_6_100_100_rec_80_prec_80/lk_wrapper_tmpls2_svm_min10/MOT17_0_6_100_100/active_abs_lost_abs_tracked_abs_glob_rec_80_prec_80	93.93	88.693	99.477	88.918	99.686	99.63	99.764	99.908	94.049	94.381	99.899	94.285
210206_133024_683993 :: orca:15.0:210206_121908_733502	log/no_ibt_mot17_0_6_100_100_rec_80_prec_90/lk_wrapper_tmpls2_svm_min10/MOT17_0_6_100_100/active_abs_lost_abs_tracked_abs_glob_rec_80_prec_90	93.229	87.38	99.47	87.6	99.685	99.622	99.764	99.905	93.346	93.675	99.895	93.577
210206_132947_020733 :: orca:15.1:210206_121908_733585	log/no_ibt_mot17_0_6_100_100_rec_80_prec_100/lk_wrapper_tmpls2_svm_min10/MOT17_0_6_100_100/active_abs_lost_abs_tracked_abs_glob_rec_80_prec_100	93.284	87.523	99.426	87.751	99.672	99.584	99.753	99.904	93.406	93.75	99.894	93.65
210205_211148_500594 :: grs:12.0:210205_210541_206918	log/no_ibt_mot17_0_6_100_100_rec_90_prec_50/lk_wrapper_tmpls2_svm_min10/MOT17_0_6_100_100/active_abs_lost_abs_tracked_abs_glob_rec_90_prec_50	93.797	88.403	99.523	88.63	99.681	99.676	99.76	99.906	93.918	94.254	99.897	94.156
210205_211148_366056 :: grs:12.1:210205_210541_207096	log/no_ibt_mot17_0_6_100_100_rec_90_prec_60/lk_wrapper_tmpls2_svm_min10/MOT17_0_6_100_100/active_abs_lost_abs_tracked_abs_glob_rec_90_prec_60	93.706	88.236	99.517	88.459	99.686	99.672	99.762	99.907	93.825	94.158	99.898	94.062
210205_211147_687711 :: grs:12.2:210205_210541_207298	log/no_ibt_mot17_0_6_100_100_rec_90_prec_70/lk_wrapper_tmpls2_svm_min10/MOT17_0_6_100_100/active_abs_lost_abs_tracked_abs_glob_rec_90_prec_70	93.377	87.621	99.513	87.849	99.675	99.672	99.754	99.902	93.499	93.841	99.892	93.74
210205_211147_750274 :: grs:13.0:210205_210541_207447	log/no_ibt_mot17_0_6_100_100_rec_90_prec_80/lk_wrapper_tmpls2_svm_min10/MOT17_0_6_100_100/active_abs_lost_abs_tracked_abs_glob_rec_90_prec_80	93.359	87.585	99.516	87.81	99.677	99.673	99.756	99.903	93.48	93.819	99.894	93.72
210206_135129_834357 :: orca:15.0:210206_121908_733511	log/no_ibt_mot17_0_6_100_100_rec_90_prec_90/lk_wrapper_tmpls2_svm_min10/MOT17_0_6_100_100/active_abs_lost_abs_tracked_abs_glob_rec_90_prec_90	93.312	87.489	99.524	87.711	99.682	99.678	99.761	99.905	93.431	93.764	99.895	93.666
210206_135019_163249 :: orca:15.1:210206_121908_733593	log/no_ibt_mot17_0_6_100_100_rec_90_prec_100/lk_wrapper_tmpls2_svm_min10/MOT17_0_6_100_100/active_abs_lost_abs_tracked_abs_glob_rec_90_prec_100	93.758	88.35	99.499	88.58	99.677	99.659	99.754	99.905	93.881	94.224	99.895	94.126
210205_211321_265736 :: grs:12.0:210205_210541_206935	log/no_ibt_mot17_0_6_100_100_rec_100_prec_50/lk_wrapper_tmpls2_svm_min10/MOT17_0_6_100_100/active_abs_lost_abs_tracked_abs_glob_rec_100_prec_50	93.377	87.564	99.576	87.785	99.685	99.732	99.761	99.906	93.495	93.828	99.897	93.731
210205_211318_951698 :: grs:12.1:210205_210541_207130	log/no_ibt_mot17_0_6_100_100_rec_100_prec_60/lk_wrapper_tmpls2_svm_min10/MOT17_0_6_100_100/active_abs_lost_abs_tracked_abs_glob_rec_100_prec_60	93.375	87.563	99.575	87.784	99.684	99.731	99.761	99.905	93.494	93.827	99.896	93.729
210205_211319_246056 :: grs:12.2:210205_210541_207314	log/no_ibt_mot17_0_6_100_100_rec_100_prec_70/lk_wrapper_tmpls2_svm_min10/MOT17_0_6_100_100/active_abs_lost_abs_tracked_abs_glob_rec_100_prec_70	93.366	87.552	99.567	87.778	99.677	99.725	99.755	99.904	93.487	93.827	99.894	93.727
210205_211318_945307 :: grs:13.0:210205_210541_207463	log/no_ibt_mot17_0_6_100_100_rec_100_prec_80/lk_wrapper_tmpls2_svm_min10/MOT17_0_6_100_100/active_abs_lost_abs_tracked_abs_glob_rec_100_prec_80	93.369	87.555	99.571	87.78	99.678	99.728	99.756	99.905	93.49	93.829	99.896	93.731
210206_141226_423025 :: orca:15.0:210206_121908_733519	log/no_ibt_mot17_0_6_100_100_rec_100_prec_90/lk_wrapper_tmpls2_svm_min10/MOT17_0_6_100_100/active_abs_lost_abs_tracked_abs_glob_rec_100_prec_90	93.38	87.566	99.581	87.786	99.686	99.735	99.764	99.905	93.498	93.828	99.895	93.73
210206_141030_420712 :: orca:15.1:210206_121908_733602	log/no_ibt_mot17_0_6_100_100_rec_100_prec_100/lk_wrapper_tmpls2_svm_min10/MOT17_0_6_100_100/active_abs_lost_abs_tracked_abs_glob_rec_100_prec_100	93.387	87.573	99.587	87.79	99.691	99.739	99.768	99.906	93.503	93.828	99.897	93.731

210205_211453_183976 :: grs:12.0:210205_210541_573165	log/no_ibt_mot17_0_6_100_100_rec_50_prec_50/lk_wrapper_tmpls2_svm_min10/MOT17_0_6_100_100/active_pos_lost_pos_tracked_pos_glob_rec_50_prec_50	18.893	41.228	8.9079	56.191	56.085	11.043	31.791	86.522	22.224	26.968	59.916	16.158
210205_211451_115556 :: grs:12.1:210205_210541_573341	log/no_ibt_mot17_0_6_100_100_rec_50_prec_60/lk_wrapper_tmpls2_svm_min10/MOT17_0_6_100_100/active_pos_lost_pos_tracked_pos_glob_rec_50_prec_60	23.278	46.004	12.062	57.291	64.964	14.701	34.733	87.811	26.132	31.055	67.238	20.881
210205_211449_694522 :: grs:12.2:210205_210541_573448	log/no_ibt_mot17_0_6_100_100_rec_50_prec_70/lk_wrapper_tmpls2_svm_min10/MOT17_0_6_100_100/active_pos_lost_pos_tracked_pos_glob_rec_50_prec_70	24.61	47.907	12.893	57.621	68.838	16.007	35.215	88.523	27.124	31.992	70.379	22.515
210205_210552_045424 :: grs:13.1:210205_210541_573556	log/no_ibt_mot17_0_6_100_100_rec_50_prec_80/lk_wrapper_tmpls2_svm_min10/MOT17_0_6_100_100/active_pos_lost_pos_tracked_pos_glob_rec_50_prec_80	25.946	49.267	13.895	57.685	71.958	16.866	36.164	89.092	28.194	32.923	73.179	24.093
210206_194715_502633 :: orca:14.0:210206_121909_035332	log/no_ibt_mot17_0_6_100_100_rec_50_prec_90/lk_wrapper_tmpls2_svm_min10/MOT17_0_6_100_100/active_pos_lost_pos_tracked_pos_glob_rec_50_prec_90	27	51.216	14.422	57.654	76.845	17.414	37.255	90.075	28.74	33.034	78.093	25.797
210206_192048_693833 :: orca:14.1:210206_121909_035488	log/no_ibt_mot17_0_6_100_100_rec_50_prec_100/lk_wrapper_tmpls2_svm_min10/MOT17_0_6_100_100/active_pos_lost_pos_tracked_pos_glob_rec_50_prec_100	29.026	53.686	15.86	57.862	82.445	19.02	38.659	90.713	30.215	34.339	83.908	28.813
210205_211826_906918 :: grs:12.0:210205_210541_573237	log/no_ibt_mot17_0_6_100_100_rec_60_prec_50/lk_wrapper_tmpls2_svm_min10/MOT17_0_6_100_100/active_pos_lost_pos_tracked_pos_glob_rec_60_prec_50	18.05	41.924	7.9466	62.405	52.408	10.282	29.231	86.942	22.157	25.111	63.567	15.962
210205_211632_500573 :: grs:12.1:210205_210541_573356	log/no_ibt_mot17_0_6_100_100_rec_60_prec_60/lk_wrapper_tmpls2_svm_min10/MOT17_0_6_100_100/active_pos_lost_pos_tracked_pos_glob_rec_60_prec_60	23.075	49.008	11.094	63.843	63.217	13.843	33.186	88.158	26.486	30.82	67.908	20.929
210205_211622_410053 :: grs:12.2:210205_210541_573464	log/no_ibt_mot17_0_6_100_100_rec_60_prec_70/lk_wrapper_tmpls2_svm_min10/MOT17_0_6_100_100/active_pos_lost_pos_tracked_pos_glob_rec_60_prec_70	26.628	52.579	13.739	64.717	68.756	17.219	33.835	88.905	29.689	34.443	71.719	24.702
210205_210740_552882 :: grs:13.1:210205_210541_573571	log/no_ibt_mot17_0_6_100_100_rec_60_prec_80/lk_wrapper_tmpls2_svm_min10/MOT17_0_6_100_100/active_pos_lost_pos_tracked_pos_glob_rec_60_prec_80	27.661	54.236	14.346	64.837	71.707	17.739	34.47	89.317	30.379	35.101	73.802	25.905
210206_203609_251264 :: orca:14.0:210206_121909_035391	log/no_ibt_mot17_0_6_100_100_rec_60_prec_90/lk_wrapper_tmpls2_svm_min10/MOT17_0_6_100_100/active_pos_lost_pos_tracked_pos_glob_rec_60_prec_90	29.433	56.983	15.414	65.296	76.444	19.009	36.139	90.123	31.623	36.236	77.975	28.255
210206_200509_466893 :: orca:14.1:210206_121909_035503	log/no_ibt_mot17_0_6_100_100_rec_60_prec_100/lk_wrapper_tmpls2_svm_min10/MOT17_0_6_100_100/active_pos_lost_pos_tracked_pos_glob_rec_60_prec_100	30.986	60.123	16.124	65.517	82.192	19.799	37.522	90.767	32.435	36.989	83.66	30.945
210205_212345_201413 :: grs:12.0:210205_210541_573255	log/no_ibt_mot17_0_6_100_100_rec_70_prec_50/lk_wrapper_tmpls2_svm_min10/MOT17_0_6_100_100/active_pos_lost_pos_tracked_pos_glob_rec_70_prec_50	19.048	41.575	8.9101	67.28	49.203	11.448	29.369	87.47	24.358	25.227	68.087	17.176
210205_211833_972763 :: grs:12.1:210205_210541_573368	log/no_ibt_mot17_0_6_100_100_rec_70_prec_60/lk_wrapper_tmpls2_svm_min10/MOT17_0_6_100_100/active_pos_lost_pos_tracked_pos_glob_rec_70_prec_60	22.169	50.127	9.954	69.17	60.564	13.157	30.462	88.554	26.158	29.271	70.749	20.709
210205_211737_987921 :: grs:12.2:210205_210541_573476	log/no_ibt_mot17_0_6_100_100_rec_70_prec_70/lk_wrapper_tmpls2_svm_min10/MOT17_0_6_100_100/active_pos_lost_pos_tracked_pos_glob_rec_70_prec_70	27.492	55.687	13.811	70.295	68.089	17.432	33.282	89.19	31.035	35.052	73.569	25.788
210205_210923_559832 :: grs:13.1:210205_210541_573583	log/no_ibt_mot17_0_6_100_100_rec_70_prec_80/lk_wrapper_tmpls2_svm_min10/MOT17_0_6_100_100/active_pos_lost_pos_tracked_pos_glob_rec_70_prec_80	28.24	57.993	13.947	70.576	71.511	17.866	33.391	89.635	31.281	35.749	75.39	26.951
210206_213157_606804 :: orca:14.0:210206_121909_035407	log/no_ibt_mot17_0_6_100_100_rec_70_prec_90/lk_wrapper_tmpls2_svm_min10/MOT17_0_6_100_100/active_pos_lost_pos_tracked_pos_glob_rec_70_prec_90	30.485	61.335	15.331	71.387	76.042	19.642	34.275	90.235	33.003	37.738	78.455	29.607
210206_205612_155772 :: orca:14.1:210206_121909_035515	log/no_ibt_mot17_0_6_100_100_rec_70_prec_100/lk_wrapper_tmpls2_svm_min10/MOT17_0_6_100_100/active_pos_lost_pos_tracked_pos_glob_rec_70_prec_100	32.74	65.334	16.572	71.735	82.151	20.784	35.417	90.89	34.409	39.168	83.746	32.802
210205_212912_577137 :: grs:12.0:210205_210541_573269	log/no_ibt_mot17_0_6_100_100_rec_80_prec_50/lk_wrapper_tmpls2_svm_min10/MOT17_0_6_100_100/active_pos_lost_pos_tracked_pos_glob_rec_80_prec_50	18.531	40.985	8.486	71.128	46.754	11.124	29.041	88.029	24.497	24.058	72.012	17.325
210205_212053_619298 :: grs:12.1:210205_210541_573380	log/no_ibt_mot17_0_6_100_100_rec_80_prec_60/lk_wrapper_tmpls2_svm_min10/MOT17_0_6_100_100/active_pos_lost_pos_tracked_pos_glob_rec_80_prec_60	22.467	50.269	10.153	73.274	58.129	13.652	30.482	89.047	27.217	28.862	74.472	21.494
210205_211907_395946 :: grs:12.2:210205_210541_573488	log/no_ibt_mot17_0_6_100_100_rec_80_prec_70/lk_wrapper_tmpls2_svm_min10/MOT17_0_6_100_100/active_pos_lost_pos_tracked_pos_glob_rec_80_prec_70	28.647	57.939	14.343	74.832	67.516	18.679	33.257	89.684	32.678	36.149	76.667	27.715
210205_211140_589873 :: grs:13.1:210205_210541_573595	log/no_ibt_mot17_0_6_100_100_rec_80_prec_80/lk_wrapper_tmpls2_svm_min10/MOT17_0_6_100_100/active_pos_lost_pos_tracked_pos_glob_rec_80_prec_80	30.01	61.127	14.895	75.466	71.456	19.502	33.589	90.052	33.458	37.504	78.058	29.275
210206_222857_656297 :: orca:14.0:210206_121909_035420	log/no_ibt_mot17_0_6_100_100_rec_80_prec_90/lk_wrapper_tmpls2_svm_min10/MOT17_0_6_100_100/active_pos_lost_pos_tracked_pos_glob_rec_80_prec_90	31.683	64.924	15.598	76.446	75.922	20.659	33.665	90.541	34.48	39.204	80.202	31.442
210206_214937_733749 :: orca:14.1:210206_121909_035526	log/no_ibt_mot17_0_6_100_100_rec_80_prec_100/lk_wrapper_tmpls2_svm_min10/MOT17_0_6_100_100/active_pos_lost_pos_tracked_pos_glob_rec_80_prec_100	34.084	70.071	16.713	76.941	82.735	21.785	35.136	91.129	35.811	40.734	84.574	34.45
210205_213618_686077 :: grs:12.0:210205_210541_573282	log/no_ibt_mot17_0_6_100_100_rec_90_prec_50/lk_wrapper_tmpls2_svm_min10/MOT17_0_6_100_100/active_pos_lost_pos_tracked_pos_glob_rec_90_prec_50	20.641	40.251	10.699	74.584	44.631	14.084	30.203	88.727	28.176	25.812	75.647	19.526
210205_212336_627645 :: grs:12.1:210205_210541_573392	log/no_ibt_mot17_0_6_100_100_rec_90_prec_60/lk_wrapper_tmpls2_svm_min10/MOT17_0_6_100_100/active_pos_lost_pos_tracked_pos_glob_rec_90_prec_60	24.91	50.326	12.422	77.109	56.125	16.883	32.601	89.639	30.909	31.097	78.394	24.378
210205_212032_446738 :: grs:12.2:210205_210541_573502	log/no_ibt_mot17_0_6_100_100_rec_90_prec_70/lk_wrapper_tmpls2_svm_min10/MOT17_0_6_100_100/active_pos_lost_pos_tracked_pos_glob_rec_90_prec_70	31.664	59.502	16.996	78.563	66.8	21.955	35.197	90.171	36.486	39.022	80.084	31.251
210205_211326_725778 :: grs:13.1:210205_210541_573607	log/no_ibt_mot17_0_6_100_100_rec_90_prec_80/lk_wrapper_tmpls2_svm_min10/MOT17_0_6_100_100/active_pos_lost_pos_tracked_pos_glob_rec_90_prec_80	33.054	64.091	17.187	79.603	71.888	23.339	35.002	90.568	36.938	40.431	81.427	32.922
210206_232208_305303 :: orca:14.0:210206_121909_035432	log/no_ibt_mot17_0_6_100_100_rec_90_prec_90/lk_wrapper_tmpls2_svm_min10/MOT17_0_6_100_100/active_pos_lost_pos_tracked_pos_glob_rec_90_prec_90	35.176	68.108	18.289	80.239	76.505	24.522	36.189	90.931	38.272	42.571	82.826	35.26
210206_223842_656408 :: orca:14.1:210206_121909_035537	log/no_ibt_mot17_0_6_100_100_rec_90_prec_100/lk_wrapper_tmpls2_svm_min10/MOT17_0_6_100_100/active_pos_lost_pos_tracked_pos_glob_rec_90_prec_100	37.44	73.882	19.08	80.822	83.336	25.341	36.553	91.282	39.244	44.687	85.571	38.24
210205_214334_597485 :: grs:12.0:210205_210541_573294	log/no_ibt_mot17_0_6_100_100_rec_100_prec_50/lk_wrapper_tmpls2_svm_min10/MOT17_0_6_100_100/active_pos_lost_pos_tracked_pos_glob_rec_100_prec_50	27.864	40.394	19.397	78.729	43.521	24.719	38.446	89.558	38.988	33.25	80.049	26.616
210205_212608_848794 :: grs:12.1:210205_210541_573404	log/no_ibt_mot17_0_6_100_100_rec_100_prec_60/lk_wrapper_tmpls2_svm_min10/MOT17_0_6_100_100/active_pos_lost_pos_tracked_pos_glob_rec_100_prec_60	33.085	51.119	21.553	81.127	55.127	27.816	39.833	90.353	41.762	39.305	82.574	32.455
210205_212150_973380 :: grs:12.2:210205_210541_573515	log/no_ibt_mot17_0_6_100_100_rec_100_prec_70/lk_wrapper_tmpls2_svm_min10/MOT17_0_6_100_100/active_pos_lost_pos_tracked_pos_glob_rec_100_prec_70	37.969	61.579	23.55	82.519	66.577	31.094	40.044	90.752	44.044	45.142	84.079	37.955
210205_211503_194173 :: grs:13.1:210205_210541_573618	log/no_ibt_mot17_0_6_100_100_rec_100_prec_80/lk_wrapper_tmpls2_svm_min10/MOT17_0_6_100_100/active_pos_lost_pos_tracked_pos_glob_rec_100_prec_80	41.053	67.677	25.024	83.424	73.054	33.642	40.109	91.038	45.664	48.849	85.11	41.575
210207_000851_120589 :: orca:14.0:210206_121909_035444	log/no_ibt_mot17_0_6_100_100_rec_100_prec_90/lk_wrapper_tmpls2_svm_min10/MOT17_0_6_100_100/active_pos_lost_pos_tracked_pos_glob_rec_100_prec_90	44.361	71.239	27.742	83.518	77.083	36.703	43.826	91.072	48.115	52.767	85.596	45.166
210206_232230_016284 :: orca:14.1:210206_121909_035549	log/no_ibt_mot17_0_6_100_100_rec_100_prec_100/lk_wrapper_tmpls2_svm_min10/MOT17_0_6_100_100/active_pos_lost_pos_tracked_pos_glob_rec_100_prec_100	45.581	78.274	26.671	84.279	84.7	36.323	41.082	91.396	47.388	53.834	87.412	47.057

210205_210913_234508 :: x99:14.0:210205_210859_199585	log/no_ibt_mot17_0_6_100_100_rec_50_prec_50/lk_wrapper_tmpls2_svm_min10/MOT17_0_6_100_100/active_oracle_lost_oracle_glob_rec_50_prec_50	35.999	52.404	24.849	61.65	71.702	27.188	66.021	88.041	39.127	51.196	73.497	37.627
210205_210918_413978 :: x99:14.1:210205_210859_199798	log/no_ibt_mot17_0_6_100_100_rec_50_prec_60/lk_wrapper_tmpls2_svm_min10/MOT17_0_6_100_100/active_oracle_lost_oracle_glob_rec_50_prec_60	41.195	54.676	31.175	62.415	75.579	34.033	68.704	89.016	44.096	55.971	77.173	43.194
210205_210918_175777 :: x99:14.2:210205_210859_199927	log/no_ibt_mot17_0_6_100_100_rec_50_prec_70/lk_wrapper_tmpls2_svm_min10/MOT17_0_6_100_100/active_oracle_lost_oracle_glob_rec_50_prec_70	44.483	55.869	35.583	62.891	77.501	38.592	70.396	89.552	47.283	58.717	79.022	46.399
210205_210917_434798 :: x99:15.0:210205_210859_200048	log/no_ibt_mot17_0_6_100_100_rec_50_prec_80/lk_wrapper_tmpls2_svm_min10/MOT17_0_6_100_100/active_oracle_lost_oracle_glob_rec_50_prec_80	45.029	57.039	35.68	63.241	79.522	38.609	70.919	90.066	47.487	58.077	81.018	47.053
210206_132334_324377 :: orca:14.0:210206_121908_868138	log/no_ibt_mot17_0_6_100_100_rec_50_prec_90/lk_wrapper_tmpls2_svm_min10/MOT17_0_6_100_100/active_oracle_lost_oracle_glob_rec_50_prec_90	46.631	58.229	37.47	63.494	81.796	40.241	72.23	90.7	48.76	58.629	83.334	48.858
210206_132133_613907 :: orca:14.1:210206_121908_868256	log/no_ibt_mot17_0_6_100_100_rec_50_prec_100/lk_wrapper_tmpls2_svm_min10/MOT17_0_6_100_100/active_oracle_lost_oracle_glob_rec_50_prec_100	48.061	59.723	38.78	64.272	83.673	41.532	73.785	91.231	49.913	59.366	85.28	50.627
210205_211152_303826 :: x99:14.0:210205_210859_199661	log/no_ibt_mot17_0_6_100_100_rec_60_prec_50/lk_wrapper_tmpls2_svm_min10/MOT17_0_6_100_100/active_oracle_lost_oracle_glob_rec_60_prec_50	38.216	55.114	26.653	67.242	69.66	29.257	64.56	88.163	42.315	54.361	73.018	39.693
210205_211145_717994 :: x99:14.1:210205_210859_199818	log/no_ibt_mot17_0_6_100_100_rec_60_prec_60/lk_wrapper_tmpls2_svm_min10/MOT17_0_6_100_100/active_oracle_lost_oracle_glob_rec_60_prec_60	43.791	58.89	32.725	68.714	74.668	35.767	68.446	89.121	47.402	59.56	77.133	45.941
210205_211140_753068 :: x99:14.2:210205_210859_199945	log/no_ibt_mot17_0_6_100_100_rec_60_prec_70/lk_wrapper_tmpls2_svm_min10/MOT17_0_6_100_100/active_oracle_lost_oracle_glob_rec_60_prec_70	48.68	60.561	39.301	69.162	77.136	42.905	70.141	89.654	52.118	64.81	79.041	51.227
210205_211121_804155 :: x99:15.0:210205_210859_200067	log/no_ibt_mot17_0_6_100_100_rec_60_prec_80/lk_wrapper_tmpls2_svm_min10/MOT17_0_6_100_100/active_oracle_lost_oracle_glob_rec_60_prec_80	50.121	61.733	40.852	69.585	78.68	44.374	71.474	89.939	53.3	65.736	80.386	52.843
210206_144028_389623 :: orca:14.0:210206_121908_868187	log/no_ibt_mot17_0_6_100_100_rec_60_prec_90/lk_wrapper_tmpls2_svm_min10/MOT17_0_6_100_100/active_oracle_lost_oracle_glob_rec_60_prec_90	51.43	63.305	41.9	70.004	81.074	45.334	72.896	90.622	54.15	65.917	82.637	54.472
210206_143511_020455 :: orca:14.1:210206_121908_868266	log/no_ibt_mot17_0_6_100_100_rec_60_prec_100/lk_wrapper_tmpls2_svm_min10/MOT17_0_6_100_100/active_oracle_lost_oracle_glob_rec_60_prec_100	53.57	64.691	44.492	70.508	82.873	47.628	74.247	91.041	55.997	66.962	84.457	56.554
210205_211501_783320 :: x99:14.0:210205_210859_199686	log/no_ibt_mot17_0_6_100_100_rec_70_prec_50/lk_wrapper_tmpls2_svm_min10/MOT17_0_6_100_100/active_oracle_lost_oracle_glob_rec_70_prec_50	39.304	56.679	27.389	71.265	68.136	30.229	64.934	88.362	44.166	55.478	73.955	41.029
210205_211425_462472 :: x99:14.1:210205_210859_199833	log/no_ibt_mot17_0_6_100_100_rec_70_prec_60/lk_wrapper_tmpls2_svm_min10/MOT17_0_6_100_100/active_oracle_lost_oracle_glob_rec_70_prec_60	44.625	61.333	32.592	72.962	73.755	35.751	68.229	89.274	48.756	60.937	77.223	47.057
210205_211410_551509 :: x99:14.2:210205_210859_199959	log/no_ibt_mot17_0_6_100_100_rec_70_prec_70/lk_wrapper_tmpls2_svm_min10/MOT17_0_6_100_100/active_oracle_lost_oracle_glob_rec_70_prec_70	51.149	63.764	41.195	73.749	76.757	45.013	70.237	89.807	55.104	67.72	79.657	53.944
210205_211345_501900 :: x99:15.0:210205_210859_200083	log/no_ibt_mot17_0_6_100_100_rec_70_prec_80/lk_wrapper_tmpls2_svm_min10/MOT17_0_6_100_100/active_oracle_lost_oracle_glob_rec_70_prec_80	52.27	64.734	42.371	73.775	78.287	46.066	71.08	90.068	55.896	68.428	80.542	55.113
210206_155727_151025 :: orca:14.0:210206_121908_868199	log/no_ibt_mot17_0_6_100_100_rec_70_prec_90/lk_wrapper_tmpls2_svm_min10/MOT17_0_6_100_100/active_oracle_lost_oracle_glob_rec_70_prec_90	55.495	66.852	46.201	74.529	80.815	50.177	73.331	90.636	58.67	71.323	82.665	58.959
210206_154720_096634 :: orca:14.1:210206_121908_868274	log/no_ibt_mot17_0_6_100_100_rec_70_prec_100/lk_wrapper_tmpls2_svm_min10/MOT17_0_6_100_100/active_oracle_lost_oracle_glob_rec_70_prec_100	57.513	68.576	48.36	75.331	82.509	52.498	74.563	90.945	60.35	72.923	84.125	61.347
210205_211815_277804 :: x99:14.0:210205_210859_199703	log/no_ibt_mot17_0_6_100_100_rec_80_prec_50/lk_wrapper_tmpls2_svm_min10/MOT17_0_6_100_100/active_oracle_lost_oracle_glob_rec_80_prec_50	40.934	57.824	29.087	74.691	67.099	32.263	65.822	88.919	46.602	56.22	76.345	42.921
210205_211702_147064 :: x99:14.1:210205_210859_199847	log/no_ibt_mot17_0_6_100_100_rec_80_prec_60/lk_wrapper_tmpls2_svm_min10/MOT17_0_6_100_100/active_oracle_lost_oracle_glob_rec_80_prec_60	46.495	62.833	34.503	75.965	73.032	37.931	69.324	89.536	51.191	62.634	78.677	49.278
210205_211638_093000 :: x99:14.2:210205_210859_199973	log/no_ibt_mot17_0_6_100_100_rec_80_prec_70/lk_wrapper_tmpls2_svm_min10/MOT17_0_6_100_100/active_oracle_lost_oracle_glob_rec_80_prec_70	52.611	66.236	41.916	77.276	76.615	45.818	71.35	90.057	56.906	69.225	80.741	55.893
210205_211603_367902 :: x99:15.0:210205_210859_200098	log/no_ibt_mot17_0_6_100_100_rec_80_prec_80/lk_wrapper_tmpls2_svm_min10/MOT17_0_6_100_100/active_oracle_lost_oracle_glob_rec_80_prec_80	56.445	67.525	47.337	77.518	78.182	51.743	72.433	90.25	60.568	73.362	81.533	59.815
210206_170605_807692 :: orca:14.0:210206_121908_868208	log/no_ibt_mot17_0_6_100_100_rec_80_prec_90/lk_wrapper_tmpls2_svm_min10/MOT17_0_6_100_100/active_oracle_lost_oracle_glob_rec_80_prec_90	58.165	69.227	48.977	77.716	80.434	53.338	74.63	90.579	61.692	75.193	82.735	62.211
210206_165059_455594 :: orca:14.1:210206_121908_868281	log/no_ibt_mot17_0_6_100_100_rec_80_prec_100/lk_wrapper_tmpls2_svm_min10/MOT17_0_6_100_100/active_oracle_lost_oracle_glob_rec_80_prec_100	61.011	71.793	51.985	78.872	82.785	56.188	74.812	90.963	64.026	76.989	84.587	65.123
210205_212137_308855 :: x99:14.0:210205_210859_199719	log/no_ibt_mot17_0_6_100_100_rec_90_prec_50/lk_wrapper_tmpls2_svm_min10/MOT17_0_6_100_100/active_oracle_lost_oracle_glob_rec_90_prec_50	44.794	59.004	34.094	77.069	66.88	37.572	69.036	89.247	51.256	60.102	78.574	47.225
210205_211857_587553 :: x99:14.1:210205_210859_199861	log/no_ibt_mot17_0_6_100_100_rec_90_prec_60/lk_wrapper_tmpls2_svm_min10/MOT17_0_6_100_100/active_oracle_lost_oracle_glob_rec_90_prec_60	51.801	64.356	41.818	78.37	72.889	45.637	72.622	89.742	57.243	68.139	80.356	54.754
210205_211837_579846 :: x99:14.2:210205_210859_199987	log/no_ibt_mot17_0_6_100_100_rec_90_prec_70/lk_wrapper_tmpls2_svm_min10/MOT17_0_6_100_100/active_oracle_lost_oracle_glob_rec_90_prec_70	57.01	67.679	48.155	79.023	76.736	52.261	74.126	90.149	61.683	73.973	81.675	60.417
210205_211816_964911 :: x99:15.0:210205_210859_200112	log/no_ibt_mot17_0_6_100_100_rec_90_prec_80/lk_wrapper_tmpls2_svm_min10/MOT17_0_6_100_100/active_oracle_lost_oracle_glob_rec_90_prec_80	59.887	69.473	51.754	79.53	78.586	56.107	75.302	90.27	64.153	77.11	82.524	63.634
210206_180718_217862 :: orca:14.0:210206_121908_868217	log/no_ibt_mot17_0_6_100_100_rec_90_prec_90/lk_wrapper_tmpls2_svm_min10/MOT17_0_6_100_100/active_oracle_lost_oracle_glob_rec_90_prec_90	62.415	71.622	54.49	80.142	80.906	58.786	76.34	90.652	66.081	79.546	83.85	66.699
210206_174733_921094 :: orca:14.1:210206_121908_868289	log/no_ibt_mot17_0_6_100_100_rec_90_prec_100/lk_wrapper_tmpls2_svm_min10/MOT17_0_6_100_100/active_oracle_lost_oracle_glob_rec_90_prec_100	65.791	74.086	58.536	80.963	83.315	63.009	77.879	90.982	68.84	82.505	85.248	70.334
210205_212447_245032 :: x99:14.0:210205_210859_199735	log/no_ibt_mot17_0_6_100_100_rec_100_prec_50/lk_wrapper_tmpls2_svm_min10/MOT17_0_6_100_100/active_oracle_lost_oracle_glob_rec_100_prec_50	56.585	62.642	51.253	80.602	68.862	55.093	75.391	89.934	64.265	71.116	82.196	58.454
210205_212118_045009 :: x99:14.1:210205_210859_199877	log/no_ibt_mot17_0_6_100_100_rec_100_prec_60/lk_wrapper_tmpls2_svm_min10/MOT17_0_6_100_100/active_oracle_lost_oracle_glob_rec_100_prec_60	60.104	66.662	54.327	80.623	73.712	58.306	77.552	89.997	66.177	75.985	82.605	62.768
210205_212016_363815 :: x99:14.2:210205_210859_200001	log/no_ibt_mot17_0_6_100_100_rec_100_prec_70/lk_wrapper_tmpls2_svm_min10/MOT17_0_6_100_100/active_oracle_lost_oracle_glob_rec_100_prec_70	63.891	71.399	57.277	82.071	78.339	61.533	77.764	90.47	68.56	79.649	84.449	67.262
210205_211931_928523 :: x99:15.0:210205_210859_200127	log/no_ibt_mot17_0_6_100_100_rec_100_prec_80/lk_wrapper_tmpls2_svm_min10/MOT17_0_6_100_100/active_oracle_lost_oracle_glob_rec_100_prec_80	68.22	73.897	63.067	82.788	80.739	67.145	80.572	90.733	72.255	84.284	85.473	72.04
210206_190500_795679 :: orca:14.0:210206_121908_868226	log/no_ibt_mot17_0_6_100_100_rec_100_prec_90/lk_wrapper_tmpls2_svm_min10/MOT17_0_6_100_100/active_oracle_lost_oracle_glob_rec_100_prec_90	69.149	75.169	63.705	82.593	82.4	67.867	80.072	90.653	72.535	85.288	85.71	73.101
210206_184115_480338 :: orca:14.1:210206_121908_868296	log/no_ibt_mot17_0_6_100_100_rec_100_prec_100/lk_wrapper_tmpls2_svm_min10/MOT17_0_6_100_100/active_oracle_lost_oracle_glob_rec_100_prec_100	71.286	77.648	65.527	83.424	84.574	69.655	80.988	90.896	73.932	87.085	86.788	75.579

210205_212659_961308 :: x99:14.0:210205_210859_514707	log/no_ibt_mot17_0_6_100_100_rec_50_prec_50/lk_wrapper_tmpls2_svm_min10/MOT17_0_6_100_100/active_rand_lost_rand_tracked_rand_glob_rec_50_prec_50	7.2323	22.471	2.3491	25.684	59.804	2.662	41.34	86.904	7.7506	10.685	59.899	6.4003
210205_212333_179558 :: x99:14.1:210205_210859_514855	log/no_ibt_mot17_0_6_100_100_rec_50_prec_60/lk_wrapper_tmpls2_svm_min10/MOT17_0_6_100_100/active_rand_lost_rand_tracked_rand_glob_rec_50_prec_60	7.6913	24.607	2.4185	27.592	65.175	2.735	43.643	88.111	8.1583	10.788	65.482	7.0643
210205_212221_909848 :: x99:14.2:210205_210859_514942	log/no_ibt_mot17_0_6_100_100_rec_50_prec_70/lk_wrapper_tmpls2_svm_min10/MOT17_0_6_100_100/active_rand_lost_rand_tracked_rand_glob_rec_50_prec_70	8.5216	26.012	2.8076	28.937	67.715	3.1176	42.992	88.579	9.0022	11.597	68.271	7.9174
210205_212133_970381 :: x99:15.0:210205_210859_515026	log/no_ibt_mot17_0_6_100_100_rec_50_prec_80/lk_wrapper_tmpls2_svm_min10/MOT17_0_6_100_100/active_rand_lost_rand_tracked_rand_glob_rec_50_prec_80	8.8161	26.102	2.9898	28.58	70.834	3.3612	44.735	89.307	9.2352	11.523	71.64	8.2547
210206_151445_710068 :: orca:15.0:210206_121909_180956	log/no_ibt_mot17_0_6_100_100_rec_50_prec_90/lk_wrapper_tmpls2_svm_min10/MOT17_0_6_100_100/active_rand_lost_rand_tracked_rand_glob_rec_50_prec_90	9.2347	25.695	3.3309	27.484	75.607	3.6515	46.225	90.328	9.5589	11.492	76.675	8.8118
210206_150514_232972 :: orca:15.1:210206_121909_181084	log/no_ibt_mot17_0_6_100_100_rec_50_prec_100/lk_wrapper_tmpls2_svm_min10/MOT17_0_6_100_100/active_rand_lost_rand_tracked_rand_glob_rec_50_prec_100	9.1017	25.871	3.2072	26.932	82.292	3.5397	47.147	91.166	9.2905	10.911	83.801	9.1433
210205_214352_134162 :: x99:14.0:210205_210859_514764	log/no_ibt_mot17_0_6_100_100_rec_60_prec_50/lk_wrapper_tmpls2_svm_min10/MOT17_0_6_100_100/active_rand_lost_rand_tracked_rand_glob_rec_60_prec_50	8.1211	27.865	2.4004	33.506	57.893	2.7558	38.255	86.951	8.94	12.093	58.078	7.0236
210205_213554_370767 :: x99:14.1:210205_210859_514869	log/no_ibt_mot17_0_6_100_100_rec_60_prec_60/lk_wrapper_tmpls2_svm_min10/MOT17_0_6_100_100/active_rand_lost_rand_tracked_rand_glob_rec_60_prec_60	9.4111	31.252	2.8558	36.162	65.378	3.2639	40.494	88.379	10.147	13.1	66.145	8.6652
210205_213227_635808 :: x99:14.2:210205_210859_514956	log/no_ibt_mot17_0_6_100_100_rec_60_prec_70/lk_wrapper_tmpls2_svm_min10/MOT17_0_6_100_100/active_rand_lost_rand_tracked_rand_glob_rec_60_prec_70	10.181	32.836	3.1756	37.466	68.309	3.6016	41.366	88.935	10.895	13.755	69.093	9.5036
210205_213113_724604 :: x99:15.0:210205_210859_515040	log/no_ibt_mot17_0_6_100_100_rec_60_prec_80/lk_wrapper_tmpls2_svm_min10/MOT17_0_6_100_100/active_rand_lost_rand_tracked_rand_glob_rec_60_prec_80	10.655	34.275	3.3287	38.768	70.329	3.8373	41.529	89.306	11.35	14.195	71.145	10.099
210206_162711_753253 :: orca:15.0:210206_121909_181019	log/no_ibt_mot17_0_6_100_100_rec_60_prec_90/lk_wrapper_tmpls2_svm_min10/MOT17_0_6_100_100/active_rand_lost_rand_tracked_rand_glob_rec_60_prec_90	11.153	35.025	3.563	38.529	75.022	4.0495	42.531	90.272	11.71	14.138	76.135	10.764
210206_161045_355509 :: orca:15.1:210206_121909_181095	log/no_ibt_mot17_0_6_100_100_rec_60_prec_100/lk_wrapper_tmpls2_svm_min10/MOT17_0_6_100_100/active_rand_lost_rand_tracked_rand_glob_rec_60_prec_100	11.328	35.841	3.5875	38.088	81.253	4.0357	44.605	91.155	11.686	13.724	82.665	11.345
210205_221111_272237 :: x99:14.0:210205_210859_514783	log/no_ibt_mot17_0_6_100_100_rec_70_prec_50/lk_wrapper_tmpls2_svm_min10/MOT17_0_6_100_100/active_rand_lost_rand_tracked_rand_glob_rec_70_prec_50	9.0273	31.958	2.5928	40.389	56.207	3.0866	36.282	87.192	10.198	13.511	57.413	7.757
210205_215247_181914 :: x99:14.1:210205_210859_514880	log/no_ibt_mot17_0_6_100_100_rec_70_prec_60/lk_wrapper_tmpls2_svm_min10/MOT17_0_6_100_100/active_rand_lost_rand_tracked_rand_glob_rec_70_prec_60	10.283	36.253	2.9426	43.693	63.815	3.4106	37.993	88.53	11.321	14.437	65.187	9.4112
210205_214634_400594 :: x99:14.2:210205_210859_514966	log/no_ibt_mot17_0_6_100_100_rec_70_prec_70/lk_wrapper_tmpls2_svm_min10/MOT17_0_6_100_100/active_rand_lost_rand_tracked_rand_glob_rec_70_prec_70	12.157	39.77	3.743	47.11	67.533	4.4582	38.812	89.167	13.263	16.506	69.068	11.4
210205_214534_102392 :: x99:15.0:210205_210859_515051	log/no_ibt_mot17_0_6_100_100_rec_70_prec_80/lk_wrapper_tmpls2_svm_min10/MOT17_0_6_100_100/active_rand_lost_rand_tracked_rand_glob_rec_70_prec_80	12.696	41.451	3.912	48.569	69.505	4.6292	38.575	89.481	13.772	16.943	71.072	12.041
210206_174017_942206 :: orca:15.0:210206_121909_181030	log/no_ibt_mot17_0_6_100_100_rec_70_prec_90/lk_wrapper_tmpls2_svm_min10/MOT17_0_6_100_100/active_rand_lost_rand_tracked_rand_glob_rec_70_prec_90	13.099	42.667	4.0404	48.483	73.656	4.7279	39.59	90.284	13.986	16.795	74.889	12.578
210206_172116_877866 :: orca:15.1:210206_121909_181102	log/no_ibt_mot17_0_6_100_100_rec_70_prec_100/lk_wrapper_tmpls2_svm_min10/MOT17_0_6_100_100/active_rand_lost_rand_tracked_rand_glob_rec_70_prec_100	14.306	44.732	4.5893	48.877	79.355	5.3798	41.772	90.972	14.971	17.573	80.848	14.208
210205_224832_017552 :: x99:14.0:210205_210859_514795	log/no_ibt_mot17_0_6_100_100_rec_80_prec_50/lk_wrapper_tmpls2_svm_min10/MOT17_0_6_100_100/active_rand_lost_rand_tracked_rand_glob_rec_80_prec_50	9.9473	35.671	2.8252	48.028	54.273	3.4077	34.7	87.628	11.605	14.671	58.464	8.5771
210205_221516_481458 :: x99:14.1:210205_210859_514890	log/no_ibt_mot17_0_6_100_100_rec_80_prec_60/lk_wrapper_tmpls2_svm_min10/MOT17_0_6_100_100/active_rand_lost_rand_tracked_rand_glob_rec_80_prec_60	11.719	40.721	3.4079	51.271	62.408	4.1486	36.002	88.81	13.194	16.366	65.359	10.697
210205_220223_463130 :: x99:14.2:210205_210859_514976	log/no_ibt_mot17_0_6_100_100_rec_80_prec_70/lk_wrapper_tmpls2_svm_min10/MOT17_0_6_100_100/active_rand_lost_rand_tracked_rand_glob_rec_80_prec_70	13.409	44.957	4.0286	54.968	67.062	4.9658	36.731	89.615	14.865	18.055	70.145	12.665
210205_215819_702380 :: x99:15.0:210205_210859_515061	log/no_ibt_mot17_0_6_100_100_rec_80_prec_80/lk_wrapper_tmpls2_svm_min10/MOT17_0_6_100_100/active_rand_lost_rand_tracked_rand_glob_rec_80_prec_80	14.884	47.688	4.6767	58.01	68.617	5.7278	37.042	89.794	16.455	19.784	71.88	14.221
210206_190423_368239 :: orca:15.0:210206_121909_181039	log/no_ibt_mot17_0_6_100_100_rec_80_prec_90/lk_wrapper_tmpls2_svm_min10/MOT17_0_6_100_100/active_rand_lost_rand_tracked_rand_glob_rec_80_prec_90	15.81	49.608	5.0709	58.724	71.87	6.1988	37.377	90.379	17.239	20.359	74.285	15.124
210206_183836_906919 :: orca:15.1:210206_121909_181111	log/no_ibt_mot17_0_6_100_100_rec_80_prec_100/lk_wrapper_tmpls2_svm_min10/MOT17_0_6_100_100/active_rand_lost_rand_tracked_rand_glob_rec_80_prec_100	16.745	52.177	5.3958	58.625	77.927	6.568	38.799	91.039	17.776	20.722	79.656	16.506
210205_232741_721614 :: x99:14.0:210205_210859_514806	log/no_ibt_mot17_0_6_100_100_rec_90_prec_50/lk_wrapper_tmpls2_svm_min10/MOT17_0_6_100_100/active_rand_lost_rand_tracked_rand_glob_rec_90_prec_50	11.04	38.053	3.2512	54.971	52.098	3.979	32.665	88.085	13.33	15.851	61.554	9.757
210205_224038_805621 :: x99:14.1:210205_210859_514900	log/no_ibt_mot17_0_6_100_100_rec_90_prec_60/lk_wrapper_tmpls2_svm_min10/MOT17_0_6_100_100/active_rand_lost_rand_tracked_rand_glob_rec_90_prec_60	12.723	44.266	3.6943	59.276	60.069	4.5212	34.871	89.236	14.773	17.528	66.848	11.717
210205_221822_740152 :: x99:14.2:210205_210859_514985	log/no_ibt_mot17_0_6_100_100_rec_90_prec_70/lk_wrapper_tmpls2_svm_min10/MOT17_0_6_100_100/active_rand_lost_rand_tracked_rand_glob_rec_90_prec_70	15.225	49.168	4.7524	63.058	65.241	6.0597	34.866	89.865	17.29	20.224	71.266	14.413
210205_221115_971480 :: x99:15.0:210205_210859_515071	log/no_ibt_mot17_0_6_100_100_rec_90_prec_80/lk_wrapper_tmpls2_svm_min10/MOT17_0_6_100_100/active_rand_lost_rand_tracked_rand_glob_rec_90_prec_80	16.772	51.919	5.4523	65.451	67.572	6.8211	35.38	90.181	18.875	21.978	73.602	16.176
210206_204346_889666 :: orca:15.0:210206_121909_181047	log/no_ibt_mot17_0_6_100_100_rec_90_prec_90/lk_wrapper_tmpls2_svm_min10/MOT17_0_6_100_100/active_rand_lost_rand_tracked_rand_glob_rec_90_prec_90	17.584	54.016	5.7596	66.537	70.102	7.2674	35.609	90.572	19.559	22.51	75.428	16.979
210206_200738_712103 :: orca:15.1:210206_121909_181118	log/no_ibt_mot17_0_6_100_100_rec_90_prec_100/lk_wrapper_tmpls2_svm_min10/MOT17_0_6_100_100/active_rand_lost_rand_tracked_rand_glob_rec_90_prec_100	19.288	57.726	6.4774	67.421	75.643	8.0645	37.269	91.2	20.884	23.937	79.354	18.995
210206_000524_019178 :: x99:14.0:210205_210859_514817	log/no_ibt_mot17_0_6_100_100_rec_100_prec_50/lk_wrapper_tmpls2_svm_min10/MOT17_0_6_100_100/active_rand_lost_rand_tracked_rand_glob_rec_100_prec_50	11.93	39.73	3.6275	61.46	50.302	4.6712	31.172	88.754	14.895	16.471	65.304	10.756
210205_230727_993137 :: x99:14.1:210205_210859_514910	log/no_ibt_mot17_0_6_100_100_rec_100_prec_60/lk_wrapper_tmpls2_svm_min10/MOT17_0_6_100_100/active_rand_lost_rand_tracked_rand_glob_rec_100_prec_60	14.443	46.51	4.5244	66.222	57.911	5.7337	32.644	89.635	17.285	19.242	70.339	13.534
210205_223314_461946 :: x99:14.2:210205_210859_514995	log/no_ibt_mot17_0_6_100_100_rec_100_prec_70/lk_wrapper_tmpls2_svm_min10/MOT17_0_6_100_100/active_rand_lost_rand_tracked_rand_glob_rec_100_prec_70	17.117	52.268	5.6433	70.406	63.621	7.3902	33.112	90.435	19.914	22.136	74.482	16.488
210205_222200_356176 :: x99:15.0:210205_210859_515081	log/no_ibt_mot17_0_6_100_100_rec_100_prec_80/lk_wrapper_tmpls2_svm_min10/MOT17_0_6_100_100/active_rand_lost_rand_tracked_rand_glob_rec_100_prec_80	19.193	55.059	6.7311	73.159	65.501	8.8937	33.21	90.666	22.173	24.447	76.741	18.761
210206_223527_058886 :: orca:15.0:210206_121909_181054	log/no_ibt_mot17_0_6_100_100_rec_100_prec_90/lk_wrapper_tmpls2_svm_min10/MOT17_0_6_100_100/active_rand_lost_rand_tracked_rand_glob_rec_100_prec_90	20.571	57.432	7.4129	74.602	67.75	9.7254	33.686	90.983	23.495	25.683	78.33	20.117
210206_215021_919462 :: orca:15.1:210206_121909_181125	log/no_ibt_mot17_0_6_100_100_rec_100_prec_100/lk_wrapper_tmpls2_svm_min10/MOT17_0_6_100_100/active_rand_lost_rand_tracked_rand_glob_rec_100_prec_100	22.431	62.46	8.0987	76.349	73.338	10.198	35.037	91.488	24.848	27.465	81.177	22.295



